<?xml version="1.0" encoding="UTF-8"?>
<testsuites name="Mocha Tests" time="31.859" tests="3" failures="1">
  <testsuite name="Root Suite" timestamp="2020-03-28T17:31:23" tests="0" file="cypress/integration/apps/expressions/EX11.js" failures="0" time="0">
  </testsuite>
  <testsuite name="11 - I should be able to use the Container API" timestamp="2020-03-28T17:31:23" tests="3" failures="1" time="31.859">
    <testcase name="11 - I should be able to use the Container API EX-11-1 Should use formatted_location(value)" time="18.505" classname="EX-11-1 Should use formatted_location(value)">
    </testcase>
    <testcase name="11 - I should be able to use the Container API EX-11-2 Should use location_name(value, container=0)" time="5.77" classname="EX-11-2 Should use location_name(value, container=0)">
    </testcase>
    <testcase name="11 - I should be able to use the Container API EX-11-3 Should use location_slot(value, container=0, slot=0)" time="3.792" classname="EX-11-3 Should use location_slot(value, container=0, slot=0)">
    </testcase>
    <testcase name="11 - I should be able to use the Container API &quot;after all&quot; hook for &quot;EX-11-3 Should use location_slot(value, container=0, slot=0)&quot;" time="3.792" classname="&quot;after all&quot; hook for &quot;EX-11-3 Should use location_slot(value, container=0, slot=0)&quot;">
      <failure message="cy.exec(&apos;esp  -P 8080 -H 127.0.0.1 -u admin@localhost -p admin seed -f -d cypress/fixtures/apps/expressions/EX11seed.yml&apos;) failed because the command exited with a non-zero code.

Pass {failOnNonZeroExit: false} to ignore exit code failures.

Information about the failure:
Code: 1

Stderr:
INFO:root:2020-03-28 12:31:53,933:Saving data in Experiment EX11 for Protocol: EX11 standard.
Traceback (most recent call last):
  File &quot;/Users/cj/bitrepos/esp/develop/bin/.venv/bin/esp&quot;, line 11, ...

Because this error occurred during a &apos;after all&apos; hook we are skipping the remaining tests in the current suite: &apos;11 - I should be able to us...&apos;" type="CypressError"><![CDATA[CypressError: cy.exec('esp  -P 8080 -H 127.0.0.1 -u admin@localhost -p admin seed -f -d cypress/fixtures/apps/expressions/EX11seed.yml') failed because the command exited with a non-zero code.

Pass {failOnNonZeroExit: false} to ignore exit code failures.

Information about the failure:
Code: 1

Stderr:
INFO:root:2020-03-28 12:31:53,933:Saving data in Experiment EX11 for Protocol: EX11 standard.
Traceback (most recent call last):
  File "/Users/cj/bitrepos/esp/develop/bin/.venv/bin/esp", line 11, ...

Because this error occurred during a 'after all' hook we are skipping the remaining tests in the current suite: '11 - I should be able to us...'
    at cypressErr (http://127.0.0.1:8080/__cypress/runner/cypress_runner.js:138036:9)
    at throwErr (http://127.0.0.1:8080/__cypress/runner/cypress_runner.js:137969:11)
    at Object.throwErrByPath (http://127.0.0.1:8080/__cypress/runner/cypress_runner.js:138017:3)
    at http://127.0.0.1:8080/__cypress/runner/cypress_runner.js:125593:26
    at tryCatcher (http://127.0.0.1:8080/__cypress/runner/cypress_runner.js:164895:23)
    at Promise._settlePromiseFromHandler (http://127.0.0.1:8080/__cypress/runner/cypress_runner.js:162831:31)
    at Promise._settlePromise (http://127.0.0.1:8080/__cypress/runner/cypress_runner.js:162888:18)
    at Promise._settlePromise0 (http://127.0.0.1:8080/__cypress/runner/cypress_runner.js:162933:10)
    at Promise._settlePromises (http://127.0.0.1:8080/__cypress/runner/cypress_runner.js:163012:18)
    at Async../node_modules/bluebird/js/release/async.js.Async._drainQueue (http://127.0.0.1:8080/__cypress/runner/cypress_runner.js:159620:16)
    at Async../node_modules/bluebird/js/release/async.js.Async._drainQueues (http://127.0.0.1:8080/__cypress/runner/cypress_runner.js:159630:10)
    at Async.drainQueues (http://127.0.0.1:8080/__cypress/runner/cypress_runner.js:159504:14)]]></failure>
    </testcase>
  </testsuite>
</testsuites>