<?xml version="1.0" encoding="UTF-8"?>
<testsuites name="Mocha Tests" time="40.696999999999996" tests="5" failures="1" skipped="1">
  <testsuite name="Root Suite" timestamp="2020-07-10T23:07:07" tests="0" file="cypress/integration/apps/projects/PR34.js" failures="0" time="0">
  </testsuite>
  <testsuite name="34 - I can see the status of an experiment&apos;s worksheets" timestamp="2020-07-10T23:07:07" tests="5" failures="1" time="40.696999999999996">
    <testcase name="34 - I can see the status of an experiment&apos;s worksheets PR-34-1 Should find loading status" time="31.502" classname="PR-34-1 Should find loading status">
    </testcase>
    <testcase name="34 - I can see the status of an experiment&apos;s worksheets PR-34-2 Should find running status" time="4.24" classname="PR-34-2 Should find running status">
    </testcase>
    <testcase name="34 - I can see the status of an experiment&apos;s worksheets PR-34-3 Should find done status" time="2.473" classname="PR-34-3 Should find done status">
    </testcase>
    <testcase name="34 - I can see the status of an experiment&apos;s worksheets PR-34-4 Should find failed status" time="2.482" classname="PR-34-4 Should find failed status">
    </testcase>
    <testcase name="34 - I can see the status of an experiment&apos;s worksheets &quot;after all&quot; hook for &quot;PR-34-5 Should find experiment with multiple worksheets&quot;" time="0" classname="&quot;after all&quot; hook for &quot;PR-34-5 Should find experiment with multiple worksheets&quot;">
      <failure message="Execution of &quot;esp  -P 8080 -H 127.0.0.1 -u admin@localhost -p admin seed -f -d cypress/fixtures/apps/projects/PR34seed.yml&quot; failed
        Exit code: 1
        Stdout:

        Stderr:
INFO:root:2020-07-10 18:07:50,319:Dropping SampleSheet: PR34-1
INFO:root:2020-07-10 18:07:50,372:Dropping Experiment: PR34-1
INFO:root:2020-07-10 18:07:51,080:Dropping SampleSheet: PR34-2
INFO:root:2020-07-10 18:07:51,132:Dropping Experiment: PR34-2
INFO:root:2020-07-10 18:07:51,691:Dropping SampleSheet: PR34-3
INFO:root:2020-07-10 18:07:51,743:Dropping Experiment: PR34-3
Traceback (most recent call last):
  File &quot;/Users/cj/bitrepos/esp/develop/bin/.venv/bin/esp&quot;, line 11, in &lt;module&gt;
    load_entry_point(&apos;espclient&apos;, &apos;console_scripts&apos;, &apos;esp&apos;)()
  File &quot;/Users/cj/bitrepos/esp/client/esp/__main__.py&quot;, line 662, in main
    args.func(args)
  File &quot;/Users/cj/bitrepos/esp/client/esp/__main__.py&quot;, line 64, in _
    return func(args)
  File &quot;/Users/cj/bitrepos/esp/client/esp/__main__.py&quot;, line 308, in seed
    model.drop(deep=args.deep)
  File &quot;/Users/cj/bitrepos/esp/client/esp/models/project.py&quot;, line 977, in drop
    if self.state not in [&apos;pending&apos;, &apos;queued&apos;] and self.sheet.exists():
  File &quot;/Users/cj/bitrepos/esp/develop/bin/.venv/lib/python3.7/site-packages/gems/decorators.py&quot;, line 102, in __get__
    value = obj.__dict__[self.func.__name__] = self.func(obj)
  File &quot;/Users/cj/bitrepos/esp/client/esp/models/project.py&quot;, line 1030, in sheet
    raise AssertionError(&apos;Experiment must be submitted to access sample sheet!&apos;)
AssertionError: Experiment must be submitted to access sample sheet!

Because this error occurred during a `after all` hook we are skipping the remaining tests in the current suite: `34 - I can see the status o...`" type="Error"><![CDATA[Error: Execution of "esp  -P 8080 -H 127.0.0.1 -u admin@localhost -p admin seed -f -d cypress/fixtures/apps/projects/PR34seed.yml" failed
        Exit code: 1
        Stdout:

        Stderr:
INFO:root:2020-07-10 18:07:50,319:Dropping SampleSheet: PR34-1
INFO:root:2020-07-10 18:07:50,372:Dropping Experiment: PR34-1
INFO:root:2020-07-10 18:07:51,080:Dropping SampleSheet: PR34-2
INFO:root:2020-07-10 18:07:51,132:Dropping Experiment: PR34-2
INFO:root:2020-07-10 18:07:51,691:Dropping SampleSheet: PR34-3
INFO:root:2020-07-10 18:07:51,743:Dropping Experiment: PR34-3
Traceback (most recent call last):
  File "/Users/cj/bitrepos/esp/develop/bin/.venv/bin/esp", line 11, in <module>
    load_entry_point('espclient', 'console_scripts', 'esp')()
  File "/Users/cj/bitrepos/esp/client/esp/__main__.py", line 662, in main
    args.func(args)
  File "/Users/cj/bitrepos/esp/client/esp/__main__.py", line 64, in _
    return func(args)
  File "/Users/cj/bitrepos/esp/client/esp/__main__.py", line 308, in seed
    model.drop(deep=args.deep)
  File "/Users/cj/bitrepos/esp/client/esp/models/project.py", line 977, in drop
    if self.state not in ['pending', 'queued'] and self.sheet.exists():
  File "/Users/cj/bitrepos/esp/develop/bin/.venv/lib/python3.7/site-packages/gems/decorators.py", line 102, in __get__
    value = obj.__dict__[self.func.__name__] = self.func(obj)
  File "/Users/cj/bitrepos/esp/client/esp/models/project.py", line 1030, in sheet
    raise AssertionError('Experiment must be submitted to access sample sheet!')
AssertionError: Experiment must be submitted to access sample sheet!

Because this error occurred during a `after all` hook we are skipping the remaining tests in the current suite: `34 - I can see the status o...`
    at Context.eval (http://127.0.0.1:8080/__cypress/tests?p=cypress/support/index.js:739:13)]]></failure>
    </testcase>
  </testsuite>
</testsuites>