<?xml version="1.0" encoding="UTF-8"?>
<testsuites name="Mocha Tests" time="57.19600000000001" tests="8" failures="1" skipped="2">
  <testsuite name="Root Suite" timestamp="2020-03-28T19:39:15" tests="0" file="cypress/integration/apps/lims/LM25_2a.js" failures="0" time="0">
  </testsuite>
  <testsuite name="25 - I should be able to render columns correctly when protocol is run" timestamp="2020-03-28T19:39:15" tests="8" failures="1" time="57.19600000000001">
    <testcase name="25 - I should be able to render columns correctly when protocol is run LM-25a-13 Should be able to use Link option" time="31.576" classname="LM-25a-13 Should be able to use Link option">
    </testcase>
    <testcase name="25 - I should be able to render columns correctly when protocol is run LM-25a-14 Should be able to use Pick List option" time="7.328" classname="LM-25a-14 Should be able to use Pick List option">
    </testcase>
    <testcase name="25 - I should be able to render columns correctly when protocol is run LM-25a-17 Should not save without required columns" time="5.297" classname="LM-25a-17 Should not save without required columns">
    </testcase>
    <testcase name="25 - I should be able to render columns correctly when protocol is run LM-25a-18 Should find default value" time="2.246" classname="LM-25a-18 Should find default value">
    </testcase>
    <testcase name="25 - I should be able to render columns correctly when protocol is run LM-25a-19 Should not edit read only column" time="2.337" classname="LM-25a-19 Should not edit read only column">
    </testcase>
    <testcase name="25 - I should be able to render columns correctly when protocol is run LM-25a-20 Should complete sample" time="4.206" classname="LM-25a-20 Should complete sample">
    </testcase>
    <testcase name="25 - I should be able to render columns correctly when protocol is run &quot;after all&quot; hook for &quot;LM-25a-20 Should complete sample&quot;" time="4.206" classname="&quot;after all&quot; hook for &quot;LM-25a-20 Should complete sample&quot;">
      <failure message="cy.exec(&apos;esp  -P 8080 -H 127.0.0.1 -u admin@localhost -p admin seed -f -d cypress/fixtures/apps/lims/LM25_2aseed.yml&apos;) failed because the command exited with a non-zero code.

Pass {failOnNonZeroExit: false} to ignore exit code failures.

Information about the failure:
Code: 1

Stderr:
INFO:root:2020-03-28 14:40:11,075:Saving data in Experiment LM25a-13 for Protocol: LM25a-13 standard.
Traceback (most recent call last):
  File &quot;/Users/cj/bitrepos/esp/develop/bin/.venv/bin/esp&quot;, l...

Because this error occurred during a &apos;after all&apos; hook we are skipping the remaining tests in the current suite: &apos;25 - I should be able to re...&apos;" type="CypressError"><![CDATA[CypressError: cy.exec('esp  -P 8080 -H 127.0.0.1 -u admin@localhost -p admin seed -f -d cypress/fixtures/apps/lims/LM25_2aseed.yml') failed because the command exited with a non-zero code.

Pass {failOnNonZeroExit: false} to ignore exit code failures.

Information about the failure:
Code: 1

Stderr:
INFO:root:2020-03-28 14:40:11,075:Saving data in Experiment LM25a-13 for Protocol: LM25a-13 standard.
Traceback (most recent call last):
  File "/Users/cj/bitrepos/esp/develop/bin/.venv/bin/esp", l...

Because this error occurred during a 'after all' hook we are skipping the remaining tests in the current suite: '25 - I should be able to re...'
    at cypressErr (http://127.0.0.1:8080/__cypress/runner/cypress_runner.js:138036:9)
    at throwErr (http://127.0.0.1:8080/__cypress/runner/cypress_runner.js:137969:11)
    at Object.throwErrByPath (http://127.0.0.1:8080/__cypress/runner/cypress_runner.js:138017:3)
    at http://127.0.0.1:8080/__cypress/runner/cypress_runner.js:125593:26
    at tryCatcher (http://127.0.0.1:8080/__cypress/runner/cypress_runner.js:164895:23)
    at Promise._settlePromiseFromHandler (http://127.0.0.1:8080/__cypress/runner/cypress_runner.js:162831:31)
    at Promise._settlePromise (http://127.0.0.1:8080/__cypress/runner/cypress_runner.js:162888:18)
    at Promise._settlePromise0 (http://127.0.0.1:8080/__cypress/runner/cypress_runner.js:162933:10)
    at Promise._settlePromises (http://127.0.0.1:8080/__cypress/runner/cypress_runner.js:163012:18)
    at Async../node_modules/bluebird/js/release/async.js.Async._drainQueue (http://127.0.0.1:8080/__cypress/runner/cypress_runner.js:159620:16)
    at Async../node_modules/bluebird/js/release/async.js.Async._drainQueues (http://127.0.0.1:8080/__cypress/runner/cypress_runner.js:159630:10)
    at Async.drainQueues (http://127.0.0.1:8080/__cypress/runner/cypress_runner.js:159504:14)]]></failure>
    </testcase>
  </testsuite>
</testsuites>