<?xml version="1.0" encoding="UTF-8"?>
<testsuites name="Mocha Tests" time="40.485" tests="5" failures="1" skipped="1">
  <testsuite name="Root Suite" timestamp="2020-04-03T22:49:14" tests="0" file="cypress/integration/apps/samples/SP01.js" failures="0" time="0">
  </testsuite>
  <testsuite name="1 - I should see samples on the samples page" timestamp="2020-04-03T22:49:14" tests="5" failures="1" time="40.485">
    <testcase name="1 - I should see samples on the samples page SP-1-2 Should view samples" time="15.292" classname="SP-1-2 Should view samples">
    </testcase>
    <testcase name="1 - I should see samples on the samples page SP-1-5 Should view sample filters in left column" time="4.927" classname="SP-1-5 Should view sample filters in left column">
    </testcase>
    <testcase name="1 - I should see samples on the samples page SP-1-6 Should view sample details in right column" time="14.272" classname="SP-1-6 Should view sample details in right column">
    </testcase>
    <testcase name="1 - I should see samples on the samples page SP-1-8 Should collapse/expand filters column" time="5.994" classname="SP-1-8 Should collapse/expand filters column">
    </testcase>
    <testcase name="1 - I should see samples on the samples page &quot;after all&quot; hook for &quot;SP-1-7 Should view samples in user&apos;s workgroup&quot;" time="0" classname="&quot;after all&quot; hook for &quot;SP-1-7 Should view samples in user&apos;s workgroup&quot;">
      <failure message="cy.exec(&apos;esp -s -P 443 -H chris.test.l7informatics.com -u admin@localhost -p L4b7R0cks! seed -f -d cypress/fixtures/apps/samples/SP01teardown.yml&apos;) failed because the command exited with a non-zero code.

Pass {failOnNonZeroExit: false} to ignore exit code failures.

Information about the failure:
Code: 1

Stderr:
Traceback (most recent call last):
  File &quot;/Users/cj/bitrepos/esp/develop/bin/.venv/bin/esp&quot;, line 11, in &lt;module&gt;
    load_entry_point(&apos;espclient&apos;, &apos;console_scripts&apos;, &apos;esp&apos;)()
  File &quot;/Users/cj/bi...

Because this error occurred during a &apos;after all&apos; hook we are skipping the remaining tests in the current suite: &apos;1 - I should see samples on...&apos;" type="CypressError"><![CDATA[CypressError: cy.exec('esp -s -P 443 -H chris.test.l7informatics.com -u admin@localhost -p L4b7R0cks! seed -f -d cypress/fixtures/apps/samples/SP01teardown.yml') failed because the command exited with a non-zero code.

Pass {failOnNonZeroExit: false} to ignore exit code failures.

Information about the failure:
Code: 1

Stderr:
Traceback (most recent call last):
  File "/Users/cj/bitrepos/esp/develop/bin/.venv/bin/esp", line 11, in <module>
    load_entry_point('espclient', 'console_scripts', 'esp')()
  File "/Users/cj/bi...

Because this error occurred during a 'after all' hook we are skipping the remaining tests in the current suite: '1 - I should see samples on...'
    at cypressErr (https://chris.test.l7informatics.com/__cypress/runner/cypress_runner.js:138036:9)
    at throwErr (https://chris.test.l7informatics.com/__cypress/runner/cypress_runner.js:137969:11)
    at Object.throwErrByPath (https://chris.test.l7informatics.com/__cypress/runner/cypress_runner.js:138017:3)
    at https://chris.test.l7informatics.com/__cypress/runner/cypress_runner.js:125593:26
    at tryCatcher (https://chris.test.l7informatics.com/__cypress/runner/cypress_runner.js:164895:23)
    at Promise._settlePromiseFromHandler (https://chris.test.l7informatics.com/__cypress/runner/cypress_runner.js:162831:31)
    at Promise._settlePromise (https://chris.test.l7informatics.com/__cypress/runner/cypress_runner.js:162888:18)
    at Promise._settlePromise0 (https://chris.test.l7informatics.com/__cypress/runner/cypress_runner.js:162933:10)
    at Promise._settlePromises (https://chris.test.l7informatics.com/__cypress/runner/cypress_runner.js:163012:18)
    at Async../node_modules/bluebird/js/release/async.js.Async._drainQueue (https://chris.test.l7informatics.com/__cypress/runner/cypress_runner.js:159620:16)
    at Async../node_modules/bluebird/js/release/async.js.Async._drainQueues (https://chris.test.l7informatics.com/__cypress/runner/cypress_runner.js:159630:10)
    at Async.drainQueues (https://chris.test.l7informatics.com/__cypress/runner/cypress_runner.js:159504:14)]]></failure>
    </testcase>
  </testsuite>
</testsuites>