<?xml version="1.0" encoding="UTF-8"?>
<testsuites name="Mocha Tests" time="0" tests="2" failures="1">
  <testsuite name="Root Suite" timestamp="2020-03-29T15:34:57" tests="0" file="cypress/integration/apps/lims/LM45.js" failures="0" time="0">
  </testsuite>
  <testsuite name="45 - I can use checkboxes with grouped samples" timestamp="2020-03-29T15:34:57" tests="2" failures="1" time="0">
    <testcase name="45 - I can use checkboxes with grouped samples &quot;before all&quot; hook for &quot;LM-45-1 Should not be able to check boxes for grouped samples if all samples aren&apos;t complete in previous protocol&quot;" time="0" classname="&quot;before all&quot; hook for &quot;LM-45-1 Should not be able to check boxes for grouped samples if all samples aren&apos;t complete in previous protocol&quot;">
      <failure message="cy.exec(&apos;esp  -P 8080 -H 127.0.0.1 -u admin@localhost -p admin seed --no-overwrite cypress/fixtures/apps/lims/LM45seed.yml&apos;) failed because the command exited with a non-zero code.

Pass {failOnNonZeroExit: false} to ignore exit code failures.

Information about the failure:
Code: 1

Stderr:
INFO:root:2020-03-29 10:34:57,419:Creating Protocol: LM45 standard
Traceback (most recent call last):
  File &quot;/Users/cj/bitrepos/esp/client/esp/base.py&quot;, line 75, in _
    self.login()
  File &quot;/Use...

Because this error occurred during a &apos;before all&apos; hook we are skipping the remaining tests in the current suite: &apos;45 - I can use checkboxes w...&apos;" type="CypressError"><![CDATA[CypressError: cy.exec('esp  -P 8080 -H 127.0.0.1 -u admin@localhost -p admin seed --no-overwrite cypress/fixtures/apps/lims/LM45seed.yml') failed because the command exited with a non-zero code.

Pass {failOnNonZeroExit: false} to ignore exit code failures.

Information about the failure:
Code: 1

Stderr:
INFO:root:2020-03-29 10:34:57,419:Creating Protocol: LM45 standard
Traceback (most recent call last):
  File "/Users/cj/bitrepos/esp/client/esp/base.py", line 75, in _
    self.login()
  File "/Use...

Because this error occurred during a 'before all' hook we are skipping the remaining tests in the current suite: '45 - I can use checkboxes w...'
    at cypressErr (http://127.0.0.1:8080/__cypress/runner/cypress_runner.js:138036:9)
    at throwErr (http://127.0.0.1:8080/__cypress/runner/cypress_runner.js:137969:11)
    at Object.throwErrByPath (http://127.0.0.1:8080/__cypress/runner/cypress_runner.js:138017:3)
    at http://127.0.0.1:8080/__cypress/runner/cypress_runner.js:125593:26
    at tryCatcher (http://127.0.0.1:8080/__cypress/runner/cypress_runner.js:164895:23)
    at Promise._settlePromiseFromHandler (http://127.0.0.1:8080/__cypress/runner/cypress_runner.js:162831:31)
    at Promise._settlePromise (http://127.0.0.1:8080/__cypress/runner/cypress_runner.js:162888:18)
    at Promise._settlePromise0 (http://127.0.0.1:8080/__cypress/runner/cypress_runner.js:162933:10)
    at Promise._settlePromises (http://127.0.0.1:8080/__cypress/runner/cypress_runner.js:163012:18)
    at Async../node_modules/bluebird/js/release/async.js.Async._drainQueue (http://127.0.0.1:8080/__cypress/runner/cypress_runner.js:159620:16)
    at Async../node_modules/bluebird/js/release/async.js.Async._drainQueues (http://127.0.0.1:8080/__cypress/runner/cypress_runner.js:159630:10)
    at Async.drainQueues (http://127.0.0.1:8080/__cypress/runner/cypress_runner.js:159504:14)]]></failure>
    </testcase>
  </testsuite>
</testsuites>