<?xml version="1.0" encoding="UTF-8"?>
<testsuites name="Mocha Tests" time="105.938" tests="9" failures="1">
  <testsuite name="Root Suite" timestamp="2020-03-28T19:32:32" tests="0" file="cypress/integration/apps/lims/LM25_1.js" failures="0" time="0">
  </testsuite>
  <testsuite name="25_1 - I should be able to render columns correctly when protocol is run" timestamp="2020-03-28T19:32:32" tests="9" failures="1" time="105.938">
    <testcase name="25_1 - I should be able to render columns correctly when protocol is run LM-25-1 Should use free text column" time="36.869" classname="LM-25-1 Should use free text column">
    </testcase>
    <testcase name="25_1 - I should be able to render columns correctly when protocol is run LM-25-2 Should not be able to allow non-numeric values when column is set for numeric numbers" time="10.309" classname="LM-25-2 Should not be able to allow non-numeric values when column is set for numeric numbers">
    </testcase>
    <testcase name="25_1 - I should be able to render columns correctly when protocol is run LM-25-3 Should be able to put samples in correct location" time="8.335" classname="LM-25-3 Should be able to put samples in correct location">
    </testcase>
    <testcase name="25_1 - I should be able to render columns correctly when protocol is run LM-25-4 Should remove sample from a location" time="12.079" classname="LM-25-4 Should remove sample from a location">
    </testcase>
    <testcase name="25_1 - I should be able to render columns correctly when protocol is run LM-25-6 Should not add sample to full location" time="6.001" classname="LM-25-6 Should not add sample to full location">
    </testcase>
    <testcase name="25_1 - I should be able to render columns correctly when protocol is run LM-25-7 Should add multiple items to a location" time="13.194" classname="LM-25-7 Should add multiple items to a location">
    </testcase>
    <testcase name="25_1 - I should be able to render columns correctly when protocol is run LM-25-10 Should be able to add attachments to protocol columns and steps" time="6.273" classname="LM-25-10 Should be able to add attachments to protocol columns and steps">
    </testcase>
    <testcase name="25_1 - I should be able to render columns correctly when protocol is run LM-25-11 Should be able to use Date Picker" time="4.658" classname="LM-25-11 Should be able to use Date Picker">
    </testcase>
    <testcase name="25_1 - I should be able to render columns correctly when protocol is run LM-25-12 Should be able to use Checkbox" time="4.11" classname="LM-25-12 Should be able to use Checkbox">
    </testcase>
    <testcase name="25_1 - I should be able to render columns correctly when protocol is run &quot;after all&quot; hook for &quot;LM-25-12 Should be able to use Checkbox&quot;" time="4.11" classname="&quot;after all&quot; hook for &quot;LM-25-12 Should be able to use Checkbox&quot;">
      <failure message="cy.exec(&apos;esp  -P 8080 -H 127.0.0.1 -u admin@localhost -p admin seed -f -d cypress/fixtures/apps/lims/LM25_1seed.yml&apos;) failed because the command exited with a non-zero code.

Pass {failOnNonZeroExit: false} to ignore exit code failures.

Information about the failure:
Code: 1

Stderr:
INFO:root:2020-03-28 14:34:17,278:Saving data in Experiment LM25-1text for Protocol: LM25-1 standard.
Traceback (most recent call last):
  File &quot;/Users/cj/bitrepos/esp/develop/bin/.venv/bin/esp&quot;, l...

Because this error occurred during a &apos;after all&apos; hook we are skipping the remaining tests in the current suite: &apos;25_1 - I should be able to ...&apos;" type="CypressError"><![CDATA[CypressError: cy.exec('esp  -P 8080 -H 127.0.0.1 -u admin@localhost -p admin seed -f -d cypress/fixtures/apps/lims/LM25_1seed.yml') failed because the command exited with a non-zero code.

Pass {failOnNonZeroExit: false} to ignore exit code failures.

Information about the failure:
Code: 1

Stderr:
INFO:root:2020-03-28 14:34:17,278:Saving data in Experiment LM25-1text for Protocol: LM25-1 standard.
Traceback (most recent call last):
  File "/Users/cj/bitrepos/esp/develop/bin/.venv/bin/esp", l...

Because this error occurred during a 'after all' hook we are skipping the remaining tests in the current suite: '25_1 - I should be able to ...'
    at cypressErr (http://127.0.0.1:8080/__cypress/runner/cypress_runner.js:138036:9)
    at throwErr (http://127.0.0.1:8080/__cypress/runner/cypress_runner.js:137969:11)
    at Object.throwErrByPath (http://127.0.0.1:8080/__cypress/runner/cypress_runner.js:138017:3)
    at http://127.0.0.1:8080/__cypress/runner/cypress_runner.js:125593:26
    at tryCatcher (http://127.0.0.1:8080/__cypress/runner/cypress_runner.js:164895:23)
    at Promise._settlePromiseFromHandler (http://127.0.0.1:8080/__cypress/runner/cypress_runner.js:162831:31)
    at Promise._settlePromise (http://127.0.0.1:8080/__cypress/runner/cypress_runner.js:162888:18)
    at Promise._settlePromise0 (http://127.0.0.1:8080/__cypress/runner/cypress_runner.js:162933:10)
    at Promise._settlePromises (http://127.0.0.1:8080/__cypress/runner/cypress_runner.js:163012:18)
    at Async../node_modules/bluebird/js/release/async.js.Async._drainQueue (http://127.0.0.1:8080/__cypress/runner/cypress_runner.js:159620:16)
    at Async../node_modules/bluebird/js/release/async.js.Async._drainQueues (http://127.0.0.1:8080/__cypress/runner/cypress_runner.js:159630:10)
    at Async.drainQueues (http://127.0.0.1:8080/__cypress/runner/cypress_runner.js:159504:14)]]></failure>
    </testcase>
  </testsuite>
</testsuites>