<?xml version="1.0" encoding="UTF-8"?>
<testsuites name="Mocha Tests" time="41.828" tests="3" failures="1">
  <testsuite name="Root Suite" timestamp="2020-03-28T19:43:10" tests="0" file="cypress/integration/apps/lims/LM26.js" failures="0" time="0">
  </testsuite>
  <testsuite name="26 - I should be able to Group All samples" timestamp="2020-03-28T19:43:10" tests="3" failures="1" time="41.828">
    <testcase name="26 - I should be able to Group All samples LM-26-1 Should be able to Group All samples in a protocol" time="22.39" classname="LM-26-1 Should be able to Group All samples in a protocol">
    </testcase>
    <testcase name="26 - I should be able to Group All samples LM-26-2 Should move samples to group all protocol" time="8.458" classname="LM-26-2 Should move samples to group all protocol">
    </testcase>
    <testcase name="26 - I should be able to Group All samples LM-26-3 Should be able to Group samples by Columns" time="5.49" classname="LM-26-3 Should be able to Group samples by Columns">
    </testcase>
    <testcase name="26 - I should be able to Group All samples &quot;after all&quot; hook for &quot;LM-26-3 Should be able to Group samples by Columns&quot;" time="5.49" classname="&quot;after all&quot; hook for &quot;LM-26-3 Should be able to Group samples by Columns&quot;">
      <failure message="cy.exec(&apos;esp  -P 8080 -H 127.0.0.1 -u admin@localhost -p admin seed -f -d cypress/fixtures/apps/lims/LM26seed.yml&apos;) failed because the command exited with a non-zero code.

Pass {failOnNonZeroExit: false} to ignore exit code failures.

Information about the failure:
Code: 1

Stderr:
INFO:root:2020-03-28 14:43:49,222:Saving data in Experiment LM26-1 exp for Protocol: LM26-1 group protocol.
Traceback (most recent call last):
  File &quot;/Users/cj/bitrepos/esp/develop/bin/.venv/bin/e...

Because this error occurred during a &apos;after all&apos; hook we are skipping the remaining tests in the current suite: &apos;26 - I should be able to Gr...&apos;" type="CypressError"><![CDATA[CypressError: cy.exec('esp  -P 8080 -H 127.0.0.1 -u admin@localhost -p admin seed -f -d cypress/fixtures/apps/lims/LM26seed.yml') failed because the command exited with a non-zero code.

Pass {failOnNonZeroExit: false} to ignore exit code failures.

Information about the failure:
Code: 1

Stderr:
INFO:root:2020-03-28 14:43:49,222:Saving data in Experiment LM26-1 exp for Protocol: LM26-1 group protocol.
Traceback (most recent call last):
  File "/Users/cj/bitrepos/esp/develop/bin/.venv/bin/e...

Because this error occurred during a 'after all' hook we are skipping the remaining tests in the current suite: '26 - I should be able to Gr...'
    at cypressErr (http://127.0.0.1:8080/__cypress/runner/cypress_runner.js:138036:9)
    at throwErr (http://127.0.0.1:8080/__cypress/runner/cypress_runner.js:137969:11)
    at Object.throwErrByPath (http://127.0.0.1:8080/__cypress/runner/cypress_runner.js:138017:3)
    at http://127.0.0.1:8080/__cypress/runner/cypress_runner.js:125593:26
    at tryCatcher (http://127.0.0.1:8080/__cypress/runner/cypress_runner.js:164895:23)
    at Promise._settlePromiseFromHandler (http://127.0.0.1:8080/__cypress/runner/cypress_runner.js:162831:31)
    at Promise._settlePromise (http://127.0.0.1:8080/__cypress/runner/cypress_runner.js:162888:18)
    at Promise._settlePromise0 (http://127.0.0.1:8080/__cypress/runner/cypress_runner.js:162933:10)
    at Promise._settlePromises (http://127.0.0.1:8080/__cypress/runner/cypress_runner.js:163012:18)
    at Async../node_modules/bluebird/js/release/async.js.Async._drainQueue (http://127.0.0.1:8080/__cypress/runner/cypress_runner.js:159620:16)
    at Async../node_modules/bluebird/js/release/async.js.Async._drainQueues (http://127.0.0.1:8080/__cypress/runner/cypress_runner.js:159630:10)
    at Async.drainQueues (http://127.0.0.1:8080/__cypress/runner/cypress_runner.js:159504:14)]]></failure>
    </testcase>
  </testsuite>
</testsuites>