<?xml version="1.0" encoding="UTF-8"?>
<testsuites name="Mocha Tests" time="48.69599999999999" tests="7" failures="2">
  <testsuite name="Root Suite" timestamp="2020-03-28T19:23:48" tests="0" file="cypress/integration/apps/lims/LM01.js" failures="0" time="0">
  </testsuite>
  <testsuite name="1 - I should see all experiments and worksheets" timestamp="2020-03-28T19:23:48" tests="7" failures="2" time="48.69599999999999">
    <testcase name="1 - I should see all experiments and worksheets LM-1-1 Should have all experiments listed with their details" time="15.398" classname="LM-1-1 Should have all experiments listed with their details">
    </testcase>
    <testcase name="1 - I should see all experiments and worksheets LM-1-2 Should have all worksheets listed with their details" time="3.112" classname="LM-1-2 Should have all worksheets listed with their details">
    </testcase>
    <testcase name="1 - I should see all experiments and worksheets LM-1-3 Should be able to access worksheet details page from list view" time="3.598" classname="LM-1-3 Should be able to access worksheet details page from list view">
    </testcase>
    <testcase name="1 - I should see all experiments and worksheets LM-1-4 Should be able to access worksheet inspector by clicking once on the worksheet row" time="2.38" classname="LM-1-4 Should be able to access worksheet inspector by clicking once on the worksheet row">
    </testcase>
    <testcase name="1 - I should see all experiments and worksheets LM-1-6 Should find all worksheet cards with details" time="1.554" classname="LM-1-6 Should find all worksheet cards with details">
    </testcase>
    <testcase name="1 - I should see all experiments and worksheets LM-1-7 Should access worksheet details from cards view" time="0" classname="LM-1-7 Should access worksheet details from cards view">
      <failure message="Timed out retrying: Expected to find content: &apos;Cards&apos; within the selector: &apos;.tab&apos; but never did." type="CypressError"><![CDATA[CypressError: Timed out retrying: Expected to find content: 'Cards' within the selector: '.tab' but never did.
    at cypressErr (http://127.0.0.1:8080/__cypress/runner/cypress_runner.js:138036:9)
    at throwErr (http://127.0.0.1:8080/__cypress/runner/cypress_runner.js:137969:11)
    at Object.throwErrByPath (http://127.0.0.1:8080/__cypress/runner/cypress_runner.js:138017:3)
    at retry (http://127.0.0.1:8080/__cypress/runner/cypress_runner.js:132299:19)
    at onFailFn (http://127.0.0.1:8080/__cypress/runner/cypress_runner.js:120514:16)
    at tryCatcher (http://127.0.0.1:8080/__cypress/runner/cypress_runner.js:164895:23)
    at Promise._settlePromiseFromHandler (http://127.0.0.1:8080/__cypress/runner/cypress_runner.js:162831:31)
    at Promise._settlePromise (http://127.0.0.1:8080/__cypress/runner/cypress_runner.js:162888:18)
    at Promise._settlePromise0 (http://127.0.0.1:8080/__cypress/runner/cypress_runner.js:162933:10)
    at Promise._settlePromises (http://127.0.0.1:8080/__cypress/runner/cypress_runner.js:163008:18)
    at Async../node_modules/bluebird/js/release/async.js.Async._drainQueue (http://127.0.0.1:8080/__cypress/runner/cypress_runner.js:159620:16)
    at Async../node_modules/bluebird/js/release/async.js.Async._drainQueues (http://127.0.0.1:8080/__cypress/runner/cypress_runner.js:159630:10)
    at Async.drainQueues (http://127.0.0.1:8080/__cypress/runner/cypress_runner.js:159504:14)]]></failure>
    </testcase>
    <testcase name="1 - I should see all experiments and worksheets LM-1-8 Should be able to access worksheet inspector in cards view" time="11.327" classname="LM-1-8 Should be able to access worksheet inspector in cards view">
    </testcase>
    <testcase name="1 - I should see all experiments and worksheets &quot;after all&quot; hook for &quot;LM-1-8 Should be able to access worksheet inspector in cards view&quot;" time="11.327" classname="&quot;after all&quot; hook for &quot;LM-1-8 Should be able to access worksheet inspector in cards view&quot;">
      <failure message="cy.exec(&apos;esp  -P 8080 -H 127.0.0.1 -u admin@localhost -p admin seed -f -d cypress/fixtures/apps/lims/LM01seed.yml&apos;) failed because the command exited with a non-zero code.

Pass {failOnNonZeroExit: false} to ignore exit code failures.

Information about the failure:
Code: 1

Stderr:
INFO:root:2020-03-28 14:24:40,537:Dropping Experiment: LM1Exp1
INFO:root:2020-03-28 14:24:41,798:Saving data in Experiment LM1Sheet1 for Protocol: Simple Protocol.
Traceback (most recent call last)...

Because this error occurred during a &apos;after all&apos; hook we are skipping the remaining tests in the current suite: &apos;1 - I should see all experi...&apos;" type="CypressError"><![CDATA[CypressError: cy.exec('esp  -P 8080 -H 127.0.0.1 -u admin@localhost -p admin seed -f -d cypress/fixtures/apps/lims/LM01seed.yml') failed because the command exited with a non-zero code.

Pass {failOnNonZeroExit: false} to ignore exit code failures.

Information about the failure:
Code: 1

Stderr:
INFO:root:2020-03-28 14:24:40,537:Dropping Experiment: LM1Exp1
INFO:root:2020-03-28 14:24:41,798:Saving data in Experiment LM1Sheet1 for Protocol: Simple Protocol.
Traceback (most recent call last)...

Because this error occurred during a 'after all' hook we are skipping the remaining tests in the current suite: '1 - I should see all experi...'
    at cypressErr (http://127.0.0.1:8080/__cypress/runner/cypress_runner.js:138036:9)
    at throwErr (http://127.0.0.1:8080/__cypress/runner/cypress_runner.js:137969:11)
    at Object.throwErrByPath (http://127.0.0.1:8080/__cypress/runner/cypress_runner.js:138017:3)
    at http://127.0.0.1:8080/__cypress/runner/cypress_runner.js:125593:26
    at tryCatcher (http://127.0.0.1:8080/__cypress/runner/cypress_runner.js:164895:23)
    at Promise._settlePromiseFromHandler (http://127.0.0.1:8080/__cypress/runner/cypress_runner.js:162831:31)
    at Promise._settlePromise (http://127.0.0.1:8080/__cypress/runner/cypress_runner.js:162888:18)
    at Promise._settlePromise0 (http://127.0.0.1:8080/__cypress/runner/cypress_runner.js:162933:10)
    at Promise._settlePromises (http://127.0.0.1:8080/__cypress/runner/cypress_runner.js:163012:18)
    at Async../node_modules/bluebird/js/release/async.js.Async._drainQueue (http://127.0.0.1:8080/__cypress/runner/cypress_runner.js:159620:16)
    at Async../node_modules/bluebird/js/release/async.js.Async._drainQueues (http://127.0.0.1:8080/__cypress/runner/cypress_runner.js:159630:10)
    at Async.drainQueues (http://127.0.0.1:8080/__cypress/runner/cypress_runner.js:159504:14)]]></failure>
    </testcase>
  </testsuite>
</testsuites>