<?xml version="1.0" encoding="UTF-8"?>
<testsuites name="Mocha Tests" time="124.309" tests="13" failures="4">
  <testsuite name="Root Suite" timestamp="2020-03-22T20:22:31" tests="0" file="cypress/integration/apps/projects/PR05.js" failures="0" time="0">
  </testsuite>
  <testsuite name="5 - I see a project&apos;s details page by clicking View Details (List tab)" timestamp="2020-03-22T20:22:31" tests="13" failures="4" time="124.309">
    <testcase name="5 - I see a project&apos;s details page by clicking View Details (List tab) PR-5-1 Should see project details on the left" time="104.161" classname="PR-5-1 Should see project details on the left">
    </testcase>
    <testcase name="5 - I see a project&apos;s details page by clicking View Details (List tab) PR-5-2 Should access/use Chains tab" time="4.069" classname="PR-5-2 Should access/use Chains tab">
    </testcase>
    <testcase name="5 - I see a project&apos;s details page by clicking View Details (List tab) PR-5-3 Should access Chains tab with no chains" time="1.719" classname="PR-5-3 Should access Chains tab with no chains">
    </testcase>
    <testcase name="5 - I see a project&apos;s details page by clicking View Details (List tab) PR-5-4 Should access/view Experiments tab" time="0" classname="PR-5-4 Should access/view Experiments tab">
      <failure message="Timed out retrying: Expected to find content: &apos;PR-5 exp&apos; within the selector: &apos;[data-test=&quot;content-collapsible__section&quot;]&apos; but never did." type="CypressError"><![CDATA[CypressError: Timed out retrying: Expected to find content: 'PR-5 exp' within the selector: '[data-test="content-collapsible__section"]' but never did.
    at cypressErr (http://127.0.0.1:8080/__cypress/runner/cypress_runner.js:138036:9)
    at throwErr (http://127.0.0.1:8080/__cypress/runner/cypress_runner.js:137969:11)
    at Object.throwErrByPath (http://127.0.0.1:8080/__cypress/runner/cypress_runner.js:138017:3)
    at retry (http://127.0.0.1:8080/__cypress/runner/cypress_runner.js:132299:19)
    at onFailFn (http://127.0.0.1:8080/__cypress/runner/cypress_runner.js:120514:16)
    at tryCatcher (http://127.0.0.1:8080/__cypress/runner/cypress_runner.js:164895:23)
    at Promise._settlePromiseFromHandler (http://127.0.0.1:8080/__cypress/runner/cypress_runner.js:162831:31)
    at Promise._settlePromise (http://127.0.0.1:8080/__cypress/runner/cypress_runner.js:162888:18)
    at Promise._settlePromise0 (http://127.0.0.1:8080/__cypress/runner/cypress_runner.js:162933:10)
    at Promise._settlePromises (http://127.0.0.1:8080/__cypress/runner/cypress_runner.js:163008:18)
    at Async../node_modules/bluebird/js/release/async.js.Async._drainQueue (http://127.0.0.1:8080/__cypress/runner/cypress_runner.js:159620:16)
    at Async../node_modules/bluebird/js/release/async.js.Async._drainQueues (http://127.0.0.1:8080/__cypress/runner/cypress_runner.js:159630:10)
    at Async.drainQueues (http://127.0.0.1:8080/__cypress/runner/cypress_runner.js:159504:14)]]></failure>
    </testcase>
    <testcase name="5 - I see a project&apos;s details page by clicking View Details (List tab) PR-5-5 Should view project details with unsubmitted experiment" time="0" classname="PR-5-5 Should view project details with unsubmitted experiment">
      <failure message="Timed out retrying: Expected to find content: &apos;PR-5-5 exp&apos; within the selector: &apos;[data-test=&quot;content-collapsible__section&quot;]&apos; but never did." type="CypressError"><![CDATA[CypressError: Timed out retrying: Expected to find content: 'PR-5-5 exp' within the selector: '[data-test="content-collapsible__section"]' but never did.
    at cypressErr (http://127.0.0.1:8080/__cypress/runner/cypress_runner.js:138036:9)
    at throwErr (http://127.0.0.1:8080/__cypress/runner/cypress_runner.js:137969:11)
    at Object.throwErrByPath (http://127.0.0.1:8080/__cypress/runner/cypress_runner.js:138017:3)
    at retry (http://127.0.0.1:8080/__cypress/runner/cypress_runner.js:132299:19)
    at onFailFn (http://127.0.0.1:8080/__cypress/runner/cypress_runner.js:120514:16)
    at tryCatcher (http://127.0.0.1:8080/__cypress/runner/cypress_runner.js:164895:23)
    at Promise._settlePromiseFromHandler (http://127.0.0.1:8080/__cypress/runner/cypress_runner.js:162831:31)
    at Promise._settlePromise (http://127.0.0.1:8080/__cypress/runner/cypress_runner.js:162888:18)
    at Promise._settlePromise0 (http://127.0.0.1:8080/__cypress/runner/cypress_runner.js:162933:10)
    at Promise._settlePromises (http://127.0.0.1:8080/__cypress/runner/cypress_runner.js:163008:18)
    at Async../node_modules/bluebird/js/release/async.js.Async._drainQueue (http://127.0.0.1:8080/__cypress/runner/cypress_runner.js:159620:16)
    at Async../node_modules/bluebird/js/release/async.js.Async._drainQueues (http://127.0.0.1:8080/__cypress/runner/cypress_runner.js:159630:10)
    at Async.drainQueues (http://127.0.0.1:8080/__cypress/runner/cypress_runner.js:159504:14)]]></failure>
    </testcase>
    <testcase name="5 - I see a project&apos;s details page by clicking View Details (List tab) PR-5-6 Should view project details with submitted experiment" time="0" classname="PR-5-6 Should view project details with submitted experiment">
      <failure message="Timed out retrying: Expected to find content: &apos;PR-5 exp&apos; within the selector: &apos;[data-test=&quot;content-collapsible__section&quot;]&apos; but never did." type="CypressError"><![CDATA[CypressError: Timed out retrying: Expected to find content: 'PR-5 exp' within the selector: '[data-test="content-collapsible__section"]' but never did.
    at cypressErr (http://127.0.0.1:8080/__cypress/runner/cypress_runner.js:138036:9)
    at throwErr (http://127.0.0.1:8080/__cypress/runner/cypress_runner.js:137969:11)
    at Object.throwErrByPath (http://127.0.0.1:8080/__cypress/runner/cypress_runner.js:138017:3)
    at retry (http://127.0.0.1:8080/__cypress/runner/cypress_runner.js:132299:19)
    at onFailFn (http://127.0.0.1:8080/__cypress/runner/cypress_runner.js:120514:16)
    at tryCatcher (http://127.0.0.1:8080/__cypress/runner/cypress_runner.js:164895:23)
    at Promise._settlePromiseFromHandler (http://127.0.0.1:8080/__cypress/runner/cypress_runner.js:162831:31)
    at Promise._settlePromise (http://127.0.0.1:8080/__cypress/runner/cypress_runner.js:162888:18)
    at Promise._settlePromise0 (http://127.0.0.1:8080/__cypress/runner/cypress_runner.js:162933:10)
    at Promise._settlePromises (http://127.0.0.1:8080/__cypress/runner/cypress_runner.js:163008:18)
    at Async../node_modules/bluebird/js/release/async.js.Async._drainQueue (http://127.0.0.1:8080/__cypress/runner/cypress_runner.js:159620:16)
    at Async../node_modules/bluebird/js/release/async.js.Async._drainQueues (http://127.0.0.1:8080/__cypress/runner/cypress_runner.js:159630:10)
    at Async.drainQueues (http://127.0.0.1:8080/__cypress/runner/cypress_runner.js:159504:14)]]></failure>
    </testcase>
    <testcase name="5 - I see a project&apos;s details page by clicking View Details (List tab) PR-5-7 Should view project details with submitted experiment that has worked on samples" time="0" classname="PR-5-7 Should view project details with submitted experiment that has worked on samples">
      <failure message="Timed out retrying: Expected to find content: &apos;PR-5-7 exp&apos; within the selector: &apos;[data-test=&quot;content-collapsible__section&quot;]&apos; but never did." type="CypressError"><![CDATA[CypressError: Timed out retrying: Expected to find content: 'PR-5-7 exp' within the selector: '[data-test="content-collapsible__section"]' but never did.
    at cypressErr (http://127.0.0.1:8080/__cypress/runner/cypress_runner.js:138036:9)
    at throwErr (http://127.0.0.1:8080/__cypress/runner/cypress_runner.js:137969:11)
    at Object.throwErrByPath (http://127.0.0.1:8080/__cypress/runner/cypress_runner.js:138017:3)
    at retry (http://127.0.0.1:8080/__cypress/runner/cypress_runner.js:132299:19)
    at onFailFn (http://127.0.0.1:8080/__cypress/runner/cypress_runner.js:120514:16)
    at tryCatcher (http://127.0.0.1:8080/__cypress/runner/cypress_runner.js:164895:23)
    at Promise._settlePromiseFromHandler (http://127.0.0.1:8080/__cypress/runner/cypress_runner.js:162831:31)
    at Promise._settlePromise (http://127.0.0.1:8080/__cypress/runner/cypress_runner.js:162888:18)
    at Promise._settlePromise0 (http://127.0.0.1:8080/__cypress/runner/cypress_runner.js:162933:10)
    at Promise._settlePromises (http://127.0.0.1:8080/__cypress/runner/cypress_runner.js:163008:18)
    at Async../node_modules/bluebird/js/release/async.js.Async._drainQueue (http://127.0.0.1:8080/__cypress/runner/cypress_runner.js:159620:16)
    at Async../node_modules/bluebird/js/release/async.js.Async._drainQueues (http://127.0.0.1:8080/__cypress/runner/cypress_runner.js:159630:10)
    at Async.drainQueues (http://127.0.0.1:8080/__cypress/runner/cypress_runner.js:159504:14)]]></failure>
    </testcase>
    <testcase name="5 - I see a project&apos;s details page by clicking View Details (List tab) PR-5-8 Should view project details with no experiment" time="2.12" classname="PR-5-8 Should view project details with no experiment">
    </testcase>
    <testcase name="5 - I see a project&apos;s details page by clicking View Details (List tab) PR-5-9 Should access/view Samples tab" time="1.928" classname="PR-5-9 Should access/view Samples tab">
    </testcase>
    <testcase name="5 - I see a project&apos;s details page by clicking View Details (List tab) PR-5-10 Should view samples tab with no samples" time="1.71" classname="PR-5-10 Should view samples tab with no samples">
    </testcase>
    <testcase name="5 - I see a project&apos;s details page by clicking View Details (List tab) PR-5-11 Should access/view History tab" time="1.932" classname="PR-5-11 Should access/view History tab">
    </testcase>
    <testcase name="5 - I see a project&apos;s details page by clicking View Details (List tab) PR-5-12 Should order history by column" time="2.214" classname="PR-5-12 Should order history by column">
    </testcase>
    <testcase name="5 - I see a project&apos;s details page by clicking View Details (List tab) PR-5-13 Should update history after adding an experiment to the project" time="4.456" classname="PR-5-13 Should update history after adding an experiment to the project">
    </testcase>
  </testsuite>
</testsuites>