<?xml version="1.0" encoding="UTF-8"?>
<testsuites name="Mocha Tests" time="20.628" tests="2" failures="1">
  <testsuite name="Root Suite" timestamp="2020-03-28T19:28:25" tests="0" file="cypress/integration/apps/lims/LM15.js" failures="0" time="0">
  </testsuite>
  <testsuite name="15 - I should be able to view Worksheet Details " timestamp="2020-03-28T19:28:25" tests="2" failures="1" time="20.628">
    <testcase name="15 - I should be able to view Worksheet Details  LM-15-2 Should view columns on the right" time="11.498" classname="LM-15-2 Should view columns on the right">
    </testcase>
    <testcase name="15 - I should be able to view Worksheet Details  LM-15-3 Should collapse/expand columns" time="4.565" classname="LM-15-3 Should collapse/expand columns">
    </testcase>
    <testcase name="15 - I should be able to view Worksheet Details  &quot;after all&quot; hook for &quot;LM-15-3 Should collapse/expand columns&quot;" time="4.565" classname="&quot;after all&quot; hook for &quot;LM-15-3 Should collapse/expand columns&quot;">
      <failure message="cy.exec(&apos;esp  -P 8080 -H 127.0.0.1 -u admin@localhost -p admin seed -f -d cypress/fixtures/apps/lims/LM15seed.yml&apos;) failed because the command exited with a non-zero code.

Pass {failOnNonZeroExit: false} to ignore exit code failures.

Information about the failure:
Code: 1

Stderr:
INFO:root:2020-03-28 14:28:43,519:Saving data in Experiment LM15 for Protocol: Simple Protocol.
Traceback (most recent call last):
  File &quot;/Users/cj/bitrepos/esp/develop/bin/.venv/bin/esp&quot;, line 11...

Because this error occurred during a &apos;after all&apos; hook we are skipping the remaining tests in the current suite: &apos;15 - I should be able to vi...&apos;" type="CypressError"><![CDATA[CypressError: cy.exec('esp  -P 8080 -H 127.0.0.1 -u admin@localhost -p admin seed -f -d cypress/fixtures/apps/lims/LM15seed.yml') failed because the command exited with a non-zero code.

Pass {failOnNonZeroExit: false} to ignore exit code failures.

Information about the failure:
Code: 1

Stderr:
INFO:root:2020-03-28 14:28:43,519:Saving data in Experiment LM15 for Protocol: Simple Protocol.
Traceback (most recent call last):
  File "/Users/cj/bitrepos/esp/develop/bin/.venv/bin/esp", line 11...

Because this error occurred during a 'after all' hook we are skipping the remaining tests in the current suite: '15 - I should be able to vi...'
    at cypressErr (http://127.0.0.1:8080/__cypress/runner/cypress_runner.js:138036:9)
    at throwErr (http://127.0.0.1:8080/__cypress/runner/cypress_runner.js:137969:11)
    at Object.throwErrByPath (http://127.0.0.1:8080/__cypress/runner/cypress_runner.js:138017:3)
    at http://127.0.0.1:8080/__cypress/runner/cypress_runner.js:125593:26
    at tryCatcher (http://127.0.0.1:8080/__cypress/runner/cypress_runner.js:164895:23)
    at Promise._settlePromiseFromHandler (http://127.0.0.1:8080/__cypress/runner/cypress_runner.js:162831:31)
    at Promise._settlePromise (http://127.0.0.1:8080/__cypress/runner/cypress_runner.js:162888:18)
    at Promise._settlePromise0 (http://127.0.0.1:8080/__cypress/runner/cypress_runner.js:162933:10)
    at Promise._settlePromises (http://127.0.0.1:8080/__cypress/runner/cypress_runner.js:163012:18)
    at Async../node_modules/bluebird/js/release/async.js.Async._drainQueue (http://127.0.0.1:8080/__cypress/runner/cypress_runner.js:159620:16)
    at Async../node_modules/bluebird/js/release/async.js.Async._drainQueues (http://127.0.0.1:8080/__cypress/runner/cypress_runner.js:159630:10)
    at Async.drainQueues (http://127.0.0.1:8080/__cypress/runner/cypress_runner.js:159504:14)]]></failure>
    </testcase>
  </testsuite>
</testsuites>