<?xml version="1.0" encoding="UTF-8"?>
<testsuites name="Mocha Tests" time="0" tests="13" failures="12" skipped="1">
  <testsuite name="Root Suite" timestamp="2020-06-25T14:28:07" tests="0" file="cypress/integration/apps/samples/SP30.js" failures="0" time="0">
  </testsuite>
  <testsuite name="30 - I can use all types of data columns in new sample modal" timestamp="2020-06-25T14:28:07" tests="13" failures="12" time="0">
    <testcase name="30 - I can use all types of data columns in new sample modal SP-30-1 Should add text" time="0" classname="SP-30-1 Should add text">
      <failure message="Timed out retrying: cy.select() failed because it could not find a single &lt;option&gt; with value or text matching: &apos;ESP SEQUENCE&apos;" type="CypressError"><![CDATA[CypressError: Timed out retrying: cy.select() failed because it could not find a single <option> with value or text matching: 'ESP SEQUENCE'
    at cypressErr (https://chris.test.l7informatics.com/__cypress/runner/cypress_runner.js:138036:9)
    at throwErr (https://chris.test.l7informatics.com/__cypress/runner/cypress_runner.js:137969:11)
    at Object.throwErrByPath (https://chris.test.l7informatics.com/__cypress/runner/cypress_runner.js:138017:3)
    at Object.retry (https://chris.test.l7informatics.com/__cypress/runner/cypress_runner.js:132299:19)
    at https://chris.test.l7informatics.com/__cypress/runner/cypress_runner.js:122880:21
    at tryCatcher (https://chris.test.l7informatics.com/__cypress/runner/cypress_runner.js:164895:23)
    at Promise._settlePromiseFromHandler (https://chris.test.l7informatics.com/__cypress/runner/cypress_runner.js:162831:31)
    at Promise._settlePromise (https://chris.test.l7informatics.com/__cypress/runner/cypress_runner.js:162888:18)
    at Promise._settlePromiseCtx (https://chris.test.l7informatics.com/__cypress/runner/cypress_runner.js:162925:10)
    at Async../node_modules/bluebird/js/release/async.js.Async._drainQueue (https://chris.test.l7informatics.com/__cypress/runner/cypress_runner.js:159625:12)
    at Async../node_modules/bluebird/js/release/async.js.Async._drainQueues (https://chris.test.l7informatics.com/__cypress/runner/cypress_runner.js:159630:10)
    at Async.drainQueues (https://chris.test.l7informatics.com/__cypress/runner/cypress_runner.js:159504:14)]]></failure>
    </testcase>
    <testcase name="30 - I can use all types of data columns in new sample modal SP-30-2 Should add numeric" time="0" classname="SP-30-2 Should add numeric">
      <failure message="Timed out retrying: cy.select() failed because it could not find a single &lt;option&gt; with value or text matching: &apos;ESP SEQUENCE&apos;" type="CypressError"><![CDATA[CypressError: Timed out retrying: cy.select() failed because it could not find a single <option> with value or text matching: 'ESP SEQUENCE'
    at cypressErr (https://chris.test.l7informatics.com/__cypress/runner/cypress_runner.js:138036:9)
    at throwErr (https://chris.test.l7informatics.com/__cypress/runner/cypress_runner.js:137969:11)
    at Object.throwErrByPath (https://chris.test.l7informatics.com/__cypress/runner/cypress_runner.js:138017:3)
    at Object.retry (https://chris.test.l7informatics.com/__cypress/runner/cypress_runner.js:132299:19)
    at https://chris.test.l7informatics.com/__cypress/runner/cypress_runner.js:122880:21
    at tryCatcher (https://chris.test.l7informatics.com/__cypress/runner/cypress_runner.js:164895:23)
    at Promise._settlePromiseFromHandler (https://chris.test.l7informatics.com/__cypress/runner/cypress_runner.js:162831:31)
    at Promise._settlePromise (https://chris.test.l7informatics.com/__cypress/runner/cypress_runner.js:162888:18)
    at Promise._settlePromiseCtx (https://chris.test.l7informatics.com/__cypress/runner/cypress_runner.js:162925:10)
    at Async../node_modules/bluebird/js/release/async.js.Async._drainQueue (https://chris.test.l7informatics.com/__cypress/runner/cypress_runner.js:159625:12)
    at Async../node_modules/bluebird/js/release/async.js.Async._drainQueues (https://chris.test.l7informatics.com/__cypress/runner/cypress_runner.js:159630:10)
    at Async.drainQueues (https://chris.test.l7informatics.com/__cypress/runner/cypress_runner.js:159504:14)]]></failure>
    </testcase>
    <testcase name="30 - I can use all types of data columns in new sample modal SP-30-3 Should add picklist" time="0" classname="SP-30-3 Should add picklist">
      <failure message="Timed out retrying: cy.select() failed because it could not find a single &lt;option&gt; with value or text matching: &apos;ESP SEQUENCE&apos;" type="CypressError"><![CDATA[CypressError: Timed out retrying: cy.select() failed because it could not find a single <option> with value or text matching: 'ESP SEQUENCE'
    at cypressErr (https://chris.test.l7informatics.com/__cypress/runner/cypress_runner.js:138036:9)
    at throwErr (https://chris.test.l7informatics.com/__cypress/runner/cypress_runner.js:137969:11)
    at Object.throwErrByPath (https://chris.test.l7informatics.com/__cypress/runner/cypress_runner.js:138017:3)
    at Object.retry (https://chris.test.l7informatics.com/__cypress/runner/cypress_runner.js:132299:19)
    at https://chris.test.l7informatics.com/__cypress/runner/cypress_runner.js:122880:21
    at tryCatcher (https://chris.test.l7informatics.com/__cypress/runner/cypress_runner.js:164895:23)
    at Promise._settlePromiseFromHandler (https://chris.test.l7informatics.com/__cypress/runner/cypress_runner.js:162831:31)
    at Promise._settlePromise (https://chris.test.l7informatics.com/__cypress/runner/cypress_runner.js:162888:18)
    at Promise._settlePromiseCtx (https://chris.test.l7informatics.com/__cypress/runner/cypress_runner.js:162925:10)
    at Async../node_modules/bluebird/js/release/async.js.Async._drainQueue (https://chris.test.l7informatics.com/__cypress/runner/cypress_runner.js:159625:12)
    at Async../node_modules/bluebird/js/release/async.js.Async._drainQueues (https://chris.test.l7informatics.com/__cypress/runner/cypress_runner.js:159630:10)
    at Async.drainQueues (https://chris.test.l7informatics.com/__cypress/runner/cypress_runner.js:159504:14)]]></failure>
    </testcase>
    <testcase name="30 - I can use all types of data columns in new sample modal SP-30-4 Should add multiselect picklist" time="0" classname="SP-30-4 Should add multiselect picklist">
      <failure message="Timed out retrying: cy.select() failed because it could not find a single &lt;option&gt; with value or text matching: &apos;ESP SEQUENCE&apos;" type="CypressError"><![CDATA[CypressError: Timed out retrying: cy.select() failed because it could not find a single <option> with value or text matching: 'ESP SEQUENCE'
    at cypressErr (https://chris.test.l7informatics.com/__cypress/runner/cypress_runner.js:138036:9)
    at throwErr (https://chris.test.l7informatics.com/__cypress/runner/cypress_runner.js:137969:11)
    at Object.throwErrByPath (https://chris.test.l7informatics.com/__cypress/runner/cypress_runner.js:138017:3)
    at Object.retry (https://chris.test.l7informatics.com/__cypress/runner/cypress_runner.js:132299:19)
    at https://chris.test.l7informatics.com/__cypress/runner/cypress_runner.js:122880:21
    at tryCatcher (https://chris.test.l7informatics.com/__cypress/runner/cypress_runner.js:164895:23)
    at Promise._settlePromiseFromHandler (https://chris.test.l7informatics.com/__cypress/runner/cypress_runner.js:162831:31)
    at Promise._settlePromise (https://chris.test.l7informatics.com/__cypress/runner/cypress_runner.js:162888:18)
    at Promise._settlePromiseCtx (https://chris.test.l7informatics.com/__cypress/runner/cypress_runner.js:162925:10)
    at Async../node_modules/bluebird/js/release/async.js.Async._drainQueue (https://chris.test.l7informatics.com/__cypress/runner/cypress_runner.js:159625:12)
    at Async../node_modules/bluebird/js/release/async.js.Async._drainQueues (https://chris.test.l7informatics.com/__cypress/runner/cypress_runner.js:159630:10)
    at Async.drainQueues (https://chris.test.l7informatics.com/__cypress/runner/cypress_runner.js:159504:14)]]></failure>
    </testcase>
    <testcase name="30 - I can use all types of data columns in new sample modal SP-30-5 Should add date" time="0" classname="SP-30-5 Should add date">
      <failure message="Timed out retrying: cy.select() failed because it could not find a single &lt;option&gt; with value or text matching: &apos;ESP SEQUENCE&apos;" type="CypressError"><![CDATA[CypressError: Timed out retrying: cy.select() failed because it could not find a single <option> with value or text matching: 'ESP SEQUENCE'
    at cypressErr (https://chris.test.l7informatics.com/__cypress/runner/cypress_runner.js:138036:9)
    at throwErr (https://chris.test.l7informatics.com/__cypress/runner/cypress_runner.js:137969:11)
    at Object.throwErrByPath (https://chris.test.l7informatics.com/__cypress/runner/cypress_runner.js:138017:3)
    at Object.retry (https://chris.test.l7informatics.com/__cypress/runner/cypress_runner.js:132299:19)
    at https://chris.test.l7informatics.com/__cypress/runner/cypress_runner.js:122880:21
    at tryCatcher (https://chris.test.l7informatics.com/__cypress/runner/cypress_runner.js:164895:23)
    at Promise._settlePromiseFromHandler (https://chris.test.l7informatics.com/__cypress/runner/cypress_runner.js:162831:31)
    at Promise._settlePromise (https://chris.test.l7informatics.com/__cypress/runner/cypress_runner.js:162888:18)
    at Promise._settlePromiseCtx (https://chris.test.l7informatics.com/__cypress/runner/cypress_runner.js:162925:10)
    at Async../node_modules/bluebird/js/release/async.js.Async._drainQueue (https://chris.test.l7informatics.com/__cypress/runner/cypress_runner.js:159625:12)
    at Async../node_modules/bluebird/js/release/async.js.Async._drainQueues (https://chris.test.l7informatics.com/__cypress/runner/cypress_runner.js:159630:10)
    at Async.drainQueues (https://chris.test.l7informatics.com/__cypress/runner/cypress_runner.js:159504:14)]]></failure>
    </testcase>
    <testcase name="30 - I can use all types of data columns in new sample modal SP-30-6 Should add checkbox" time="0" classname="SP-30-6 Should add checkbox">
      <failure message="Timed out retrying: cy.select() failed because it could not find a single &lt;option&gt; with value or text matching: &apos;ESP SEQUENCE&apos;" type="CypressError"><![CDATA[CypressError: Timed out retrying: cy.select() failed because it could not find a single <option> with value or text matching: 'ESP SEQUENCE'
    at cypressErr (https://chris.test.l7informatics.com/__cypress/runner/cypress_runner.js:138036:9)
    at throwErr (https://chris.test.l7informatics.com/__cypress/runner/cypress_runner.js:137969:11)
    at Object.throwErrByPath (https://chris.test.l7informatics.com/__cypress/runner/cypress_runner.js:138017:3)
    at Object.retry (https://chris.test.l7informatics.com/__cypress/runner/cypress_runner.js:132299:19)
    at https://chris.test.l7informatics.com/__cypress/runner/cypress_runner.js:122880:21
    at tryCatcher (https://chris.test.l7informatics.com/__cypress/runner/cypress_runner.js:164895:23)
    at Promise._settlePromiseFromHandler (https://chris.test.l7informatics.com/__cypress/runner/cypress_runner.js:162831:31)
    at Promise._settlePromise (https://chris.test.l7informatics.com/__cypress/runner/cypress_runner.js:162888:18)
    at Promise._settlePromiseCtx (https://chris.test.l7informatics.com/__cypress/runner/cypress_runner.js:162925:10)
    at Async../node_modules/bluebird/js/release/async.js.Async._drainQueue (https://chris.test.l7informatics.com/__cypress/runner/cypress_runner.js:159625:12)
    at Async../node_modules/bluebird/js/release/async.js.Async._drainQueues (https://chris.test.l7informatics.com/__cypress/runner/cypress_runner.js:159630:10)
    at Async.drainQueues (https://chris.test.l7informatics.com/__cypress/runner/cypress_runner.js:159504:14)]]></failure>
    </testcase>
    <testcase name="30 - I can use all types of data columns in new sample modal SP-30-8 Should add qr barcode" time="0" classname="SP-30-8 Should add qr barcode">
      <failure message="Timed out retrying: cy.select() failed because it could not find a single &lt;option&gt; with value or text matching: &apos;ESP SEQUENCE&apos;" type="CypressError"><![CDATA[CypressError: Timed out retrying: cy.select() failed because it could not find a single <option> with value or text matching: 'ESP SEQUENCE'
    at cypressErr (https://chris.test.l7informatics.com/__cypress/runner/cypress_runner.js:138036:9)
    at throwErr (https://chris.test.l7informatics.com/__cypress/runner/cypress_runner.js:137969:11)
    at Object.throwErrByPath (https://chris.test.l7informatics.com/__cypress/runner/cypress_runner.js:138017:3)
    at Object.retry (https://chris.test.l7informatics.com/__cypress/runner/cypress_runner.js:132299:19)
    at https://chris.test.l7informatics.com/__cypress/runner/cypress_runner.js:122880:21
    at tryCatcher (https://chris.test.l7informatics.com/__cypress/runner/cypress_runner.js:164895:23)
    at Promise._settlePromiseFromHandler (https://chris.test.l7informatics.com/__cypress/runner/cypress_runner.js:162831:31)
    at Promise._settlePromise (https://chris.test.l7informatics.com/__cypress/runner/cypress_runner.js:162888:18)
    at Promise._settlePromiseCtx (https://chris.test.l7informatics.com/__cypress/runner/cypress_runner.js:162925:10)
    at Async../node_modules/bluebird/js/release/async.js.Async._drainQueue (https://chris.test.l7informatics.com/__cypress/runner/cypress_runner.js:159625:12)
    at Async../node_modules/bluebird/js/release/async.js.Async._drainQueues (https://chris.test.l7informatics.com/__cypress/runner/cypress_runner.js:159630:10)
    at Async.drainQueues (https://chris.test.l7informatics.com/__cypress/runner/cypress_runner.js:159504:14)]]></failure>
    </testcase>
    <testcase name="30 - I can use all types of data columns in new sample modal SP-30-9 Should add 1d barcode" time="0" classname="SP-30-9 Should add 1d barcode">
      <failure message="Timed out retrying: cy.select() failed because it could not find a single &lt;option&gt; with value or text matching: &apos;ESP SEQUENCE&apos;" type="CypressError"><![CDATA[CypressError: Timed out retrying: cy.select() failed because it could not find a single <option> with value or text matching: 'ESP SEQUENCE'
    at cypressErr (https://chris.test.l7informatics.com/__cypress/runner/cypress_runner.js:138036:9)
    at throwErr (https://chris.test.l7informatics.com/__cypress/runner/cypress_runner.js:137969:11)
    at Object.throwErrByPath (https://chris.test.l7informatics.com/__cypress/runner/cypress_runner.js:138017:3)
    at Object.retry (https://chris.test.l7informatics.com/__cypress/runner/cypress_runner.js:132299:19)
    at https://chris.test.l7informatics.com/__cypress/runner/cypress_runner.js:122880:21
    at tryCatcher (https://chris.test.l7informatics.com/__cypress/runner/cypress_runner.js:164895:23)
    at Promise._settlePromiseFromHandler (https://chris.test.l7informatics.com/__cypress/runner/cypress_runner.js:162831:31)
    at Promise._settlePromise (https://chris.test.l7informatics.com/__cypress/runner/cypress_runner.js:162888:18)
    at Promise._settlePromiseCtx (https://chris.test.l7informatics.com/__cypress/runner/cypress_runner.js:162925:10)
    at Async../node_modules/bluebird/js/release/async.js.Async._drainQueue (https://chris.test.l7informatics.com/__cypress/runner/cypress_runner.js:159625:12)
    at Async../node_modules/bluebird/js/release/async.js.Async._drainQueues (https://chris.test.l7informatics.com/__cypress/runner/cypress_runner.js:159630:10)
    at Async.drainQueues (https://chris.test.l7informatics.com/__cypress/runner/cypress_runner.js:159504:14)]]></failure>
    </testcase>
    <testcase name="30 - I can use all types of data columns in new sample modal SP-30-10 Should add mini data matrix" time="0" classname="SP-30-10 Should add mini data matrix">
      <failure message="Timed out retrying: cy.select() failed because it could not find a single &lt;option&gt; with value or text matching: &apos;ESP SEQUENCE&apos;" type="CypressError"><![CDATA[CypressError: Timed out retrying: cy.select() failed because it could not find a single <option> with value or text matching: 'ESP SEQUENCE'
    at cypressErr (https://chris.test.l7informatics.com/__cypress/runner/cypress_runner.js:138036:9)
    at throwErr (https://chris.test.l7informatics.com/__cypress/runner/cypress_runner.js:137969:11)
    at Object.throwErrByPath (https://chris.test.l7informatics.com/__cypress/runner/cypress_runner.js:138017:3)
    at Object.retry (https://chris.test.l7informatics.com/__cypress/runner/cypress_runner.js:132299:19)
    at https://chris.test.l7informatics.com/__cypress/runner/cypress_runner.js:122880:21
    at tryCatcher (https://chris.test.l7informatics.com/__cypress/runner/cypress_runner.js:164895:23)
    at Promise._settlePromiseFromHandler (https://chris.test.l7informatics.com/__cypress/runner/cypress_runner.js:162831:31)
    at Promise._settlePromise (https://chris.test.l7informatics.com/__cypress/runner/cypress_runner.js:162888:18)
    at Promise._settlePromiseCtx (https://chris.test.l7informatics.com/__cypress/runner/cypress_runner.js:162925:10)
    at Async../node_modules/bluebird/js/release/async.js.Async._drainQueue (https://chris.test.l7informatics.com/__cypress/runner/cypress_runner.js:159625:12)
    at Async../node_modules/bluebird/js/release/async.js.Async._drainQueues (https://chris.test.l7informatics.com/__cypress/runner/cypress_runner.js:159630:10)
    at Async.drainQueues (https://chris.test.l7informatics.com/__cypress/runner/cypress_runner.js:159504:14)]]></failure>
    </testcase>
    <testcase name="30 - I can use all types of data columns in new sample modal SP-30-11 Should require required field" time="0" classname="SP-30-11 Should require required field">
      <failure message="Timed out retrying: cy.select() failed because it could not find a single &lt;option&gt; with value or text matching: &apos;ESP SEQUENCE&apos;" type="CypressError"><![CDATA[CypressError: Timed out retrying: cy.select() failed because it could not find a single <option> with value or text matching: 'ESP SEQUENCE'
    at cypressErr (https://chris.test.l7informatics.com/__cypress/runner/cypress_runner.js:138036:9)
    at throwErr (https://chris.test.l7informatics.com/__cypress/runner/cypress_runner.js:137969:11)
    at Object.throwErrByPath (https://chris.test.l7informatics.com/__cypress/runner/cypress_runner.js:138017:3)
    at Object.retry (https://chris.test.l7informatics.com/__cypress/runner/cypress_runner.js:132299:19)
    at https://chris.test.l7informatics.com/__cypress/runner/cypress_runner.js:122880:21
    at tryCatcher (https://chris.test.l7informatics.com/__cypress/runner/cypress_runner.js:164895:23)
    at Promise._settlePromiseFromHandler (https://chris.test.l7informatics.com/__cypress/runner/cypress_runner.js:162831:31)
    at Promise._settlePromise (https://chris.test.l7informatics.com/__cypress/runner/cypress_runner.js:162888:18)
    at Promise._settlePromiseCtx (https://chris.test.l7informatics.com/__cypress/runner/cypress_runner.js:162925:10)
    at Async../node_modules/bluebird/js/release/async.js.Async._drainQueue (https://chris.test.l7informatics.com/__cypress/runner/cypress_runner.js:159625:12)
    at Async../node_modules/bluebird/js/release/async.js.Async._drainQueues (https://chris.test.l7informatics.com/__cypress/runner/cypress_runner.js:159630:10)
    at Async.drainQueues (https://chris.test.l7informatics.com/__cypress/runner/cypress_runner.js:159504:14)]]></failure>
    </testcase>
    <testcase name="30 - I can use all types of data columns in new sample modal SP-30-12 Should find default value" time="0" classname="SP-30-12 Should find default value">
      <failure message="Timed out retrying: cy.select() failed because it could not find a single &lt;option&gt; with value or text matching: &apos;ESP SEQUENCE&apos;" type="CypressError"><![CDATA[CypressError: Timed out retrying: cy.select() failed because it could not find a single <option> with value or text matching: 'ESP SEQUENCE'
    at cypressErr (https://chris.test.l7informatics.com/__cypress/runner/cypress_runner.js:138036:9)
    at throwErr (https://chris.test.l7informatics.com/__cypress/runner/cypress_runner.js:137969:11)
    at Object.throwErrByPath (https://chris.test.l7informatics.com/__cypress/runner/cypress_runner.js:138017:3)
    at Object.retry (https://chris.test.l7informatics.com/__cypress/runner/cypress_runner.js:132299:19)
    at https://chris.test.l7informatics.com/__cypress/runner/cypress_runner.js:122880:21
    at tryCatcher (https://chris.test.l7informatics.com/__cypress/runner/cypress_runner.js:164895:23)
    at Promise._settlePromiseFromHandler (https://chris.test.l7informatics.com/__cypress/runner/cypress_runner.js:162831:31)
    at Promise._settlePromise (https://chris.test.l7informatics.com/__cypress/runner/cypress_runner.js:162888:18)
    at Promise._settlePromiseCtx (https://chris.test.l7informatics.com/__cypress/runner/cypress_runner.js:162925:10)
    at Async../node_modules/bluebird/js/release/async.js.Async._drainQueue (https://chris.test.l7informatics.com/__cypress/runner/cypress_runner.js:159625:12)
    at Async../node_modules/bluebird/js/release/async.js.Async._drainQueues (https://chris.test.l7informatics.com/__cypress/runner/cypress_runner.js:159630:10)
    at Async.drainQueues (https://chris.test.l7informatics.com/__cypress/runner/cypress_runner.js:159504:14)]]></failure>
    </testcase>
    <testcase name="30 - I can use all types of data columns in new sample modal &quot;before each&quot; hook for &quot;SP-30-13 Should find read only field&quot;" time="0" classname="&quot;before each&quot; hook for &quot;SP-30-13 Should find read only field&quot;">
      <failure message="Timed out after waiting &apos;20000ms&apos; for your remote page to load.

Your page did not fire its &apos;load&apos; event within &apos;20000ms&apos;.

You can try increasing the &apos;pageLoadTimeout&apos; value in &apos;cypress.json&apos; to wait longer.

Browsers will not fire the &apos;load&apos; event until all stylesheets and scripts are done downloading.

When this &apos;load&apos; event occurs, Cypress will continue running commands.

Because this error occurred during a &apos;before each&apos; hook we are skipping the remaining tests in the current suite: &apos;30 - I can use all types of...&apos;" type="CypressError"><![CDATA[CypressError: Timed out after waiting '20000ms' for your remote page to load.

Your page did not fire its 'load' event within '20000ms'.

You can try increasing the 'pageLoadTimeout' value in 'cypress.json' to wait longer.

Browsers will not fire the 'load' event until all stylesheets and scripts are done downloading.

When this 'load' event occurs, Cypress will continue running commands.

Because this error occurred during a 'before each' hook we are skipping the remaining tests in the current suite: '30 - I can use all types of...'
    at cypressErr (https://chris.test.l7informatics.com/__cypress/runner/cypress_runner.js:138036:9)
    at throwErr (https://chris.test.l7informatics.com/__cypress/runner/cypress_runner.js:137969:11)
    at Object.throwErrByPath (https://chris.test.l7informatics.com/__cypress/runner/cypress_runner.js:138017:3)
    at timedOutWaitingForPageLoad (https://chris.test.l7informatics.com/__cypress/runner/cypress_runner.js:126147:20)
    at https://chris.test.l7informatics.com/__cypress/runner/cypress_runner.js:126943:16
    at tryCatcher (https://chris.test.l7informatics.com/__cypress/runner/cypress_runner.js:164895:23)
    at https://chris.test.l7informatics.com/__cypress/runner/cypress_runner.js:160036:41
    at tryCatcher (https://chris.test.l7informatics.com/__cypress/runner/cypress_runner.js:164895:23)
    at Promise._settlePromiseFromHandler (https://chris.test.l7informatics.com/__cypress/runner/cypress_runner.js:162831:31)
    at Promise._settlePromise (https://chris.test.l7informatics.com/__cypress/runner/cypress_runner.js:162888:18)
    at Promise._settlePromise0 (https://chris.test.l7informatics.com/__cypress/runner/cypress_runner.js:162933:10)
    at Promise._settlePromises (https://chris.test.l7informatics.com/__cypress/runner/cypress_runner.js:163008:18)
    at Async../node_modules/bluebird/js/release/async.js.Async._drainQueue (https://chris.test.l7informatics.com/__cypress/runner/cypress_runner.js:159620:16)
    at Async../node_modules/bluebird/js/release/async.js.Async._drainQueues (https://chris.test.l7informatics.com/__cypress/runner/cypress_runner.js:159630:10)
    at Async.drainQueues (https://chris.test.l7informatics.com/__cypress/runner/cypress_runner.js:159504:14)]]></failure>
    </testcase>
  </testsuite>
</testsuites>