<?xml version="1.0" encoding="UTF-8"?>
<testsuites name="Mocha Tests" time="0" tests="3" failures="2">
  <testsuite name="Root Suite" timestamp="2020-03-28T14:30:21" tests="0" file="cypress/integration/apps/analysis/AN13.js" failures="0" time="0">
  </testsuite>
  <testsuite name="13 - I should be able to view Reports for pipeline instances under Monitor tab" timestamp="2020-03-28T14:30:21" tests="3" failures="2" time="0">
    <testcase name="13 - I should be able to view Reports for pipeline instances under Monitor tab &quot;before all&quot; hook for &quot;AN-13-1 Should run pipeline (Success) with no report&quot;" time="0" classname="&quot;before all&quot; hook for &quot;AN-13-1 Should run pipeline (Success) with no report&quot;">
      <failure message="cy.exec(&apos;esp  -P 8080 -H 127.0.0.1 -u admin@localhost -p admin seed --no-overwrite cypress/fixtures/apps//analysis/AN13seed.yml&apos;) failed because the command exited with a non-zero code.

Pass {failOnNonZeroExit: false} to ignore exit code failures.

Information about the failure:
Code: 1

Stderr:
INFO:root:2020-03-28 09:30:22,001:Creating Task: AN13 CSV task
INFO:root:2020-03-28 09:30:22,697:Creating Pipeline: AN13 report pipeline
INFO:root:2020-03-28 09:30:22,958:Creating PipelineReport: A...

Because this error occurred during a &apos;before all&apos; hook we are skipping the remaining tests in the current suite: &apos;13 - I should be able to vi...&apos;" type="CypressError"><![CDATA[CypressError: cy.exec('esp  -P 8080 -H 127.0.0.1 -u admin@localhost -p admin seed --no-overwrite cypress/fixtures/apps//analysis/AN13seed.yml') failed because the command exited with a non-zero code.

Pass {failOnNonZeroExit: false} to ignore exit code failures.

Information about the failure:
Code: 1

Stderr:
INFO:root:2020-03-28 09:30:22,001:Creating Task: AN13 CSV task
INFO:root:2020-03-28 09:30:22,697:Creating Pipeline: AN13 report pipeline
INFO:root:2020-03-28 09:30:22,958:Creating PipelineReport: A...

Because this error occurred during a 'before all' hook we are skipping the remaining tests in the current suite: '13 - I should be able to vi...'
    at cypressErr (http://127.0.0.1:8080/__cypress/runner/cypress_runner.js:138036:9)
    at throwErr (http://127.0.0.1:8080/__cypress/runner/cypress_runner.js:137969:11)
    at Object.throwErrByPath (http://127.0.0.1:8080/__cypress/runner/cypress_runner.js:138017:3)
    at http://127.0.0.1:8080/__cypress/runner/cypress_runner.js:125593:26
    at tryCatcher (http://127.0.0.1:8080/__cypress/runner/cypress_runner.js:164895:23)
    at Promise._settlePromiseFromHandler (http://127.0.0.1:8080/__cypress/runner/cypress_runner.js:162831:31)
    at Promise._settlePromise (http://127.0.0.1:8080/__cypress/runner/cypress_runner.js:162888:18)
    at Promise._settlePromise0 (http://127.0.0.1:8080/__cypress/runner/cypress_runner.js:162933:10)
    at Promise._settlePromises (http://127.0.0.1:8080/__cypress/runner/cypress_runner.js:163012:18)
    at Async../node_modules/bluebird/js/release/async.js.Async._drainQueue (http://127.0.0.1:8080/__cypress/runner/cypress_runner.js:159620:16)
    at Async../node_modules/bluebird/js/release/async.js.Async._drainQueues (http://127.0.0.1:8080/__cypress/runner/cypress_runner.js:159630:10)
    at Async.drainQueues (http://127.0.0.1:8080/__cypress/runner/cypress_runner.js:159504:14)]]></failure>
    </testcase>
    <testcase name="13 - I should be able to view Reports for pipeline instances under Monitor tab &quot;after all&quot; hook for &quot;AN-13-1 Should run pipeline (Success) with no report&quot;" time="0" classname="&quot;after all&quot; hook for &quot;AN-13-1 Should run pipeline (Success) with no report&quot;">
      <failure message="cy.exec(&apos;esp  -P 8080 -H 127.0.0.1 -u admin@localhost -p admin seed -f -d cypress/fixtures/apps/analysis/AN13seed.yml&apos;) failed because the command exited with a non-zero code.

Pass {failOnNonZeroExit: false} to ignore exit code failures.

Information about the failure:
Code: 1

Stderr:
INFO:root:2020-03-28 09:30:33,890:Saving data in Experiment AN13 fail exp for Protocol: AN13 fail.
Traceback (most recent call last):
  File &quot;/Users/cj/bitrepos/esp/develop/bin/.venv/bin/esp&quot;, line...

Because this error occurred during a &apos;after all&apos; hook we are skipping the remaining tests in the current suite: &apos;13 - I should be able to vi...&apos;" type="CypressError"><![CDATA[CypressError: cy.exec('esp  -P 8080 -H 127.0.0.1 -u admin@localhost -p admin seed -f -d cypress/fixtures/apps/analysis/AN13seed.yml') failed because the command exited with a non-zero code.

Pass {failOnNonZeroExit: false} to ignore exit code failures.

Information about the failure:
Code: 1

Stderr:
INFO:root:2020-03-28 09:30:33,890:Saving data in Experiment AN13 fail exp for Protocol: AN13 fail.
Traceback (most recent call last):
  File "/Users/cj/bitrepos/esp/develop/bin/.venv/bin/esp", line...

Because this error occurred during a 'after all' hook we are skipping the remaining tests in the current suite: '13 - I should be able to vi...'
    at cypressErr (http://127.0.0.1:8080/__cypress/runner/cypress_runner.js:138036:9)
    at throwErr (http://127.0.0.1:8080/__cypress/runner/cypress_runner.js:137969:11)
    at Object.throwErrByPath (http://127.0.0.1:8080/__cypress/runner/cypress_runner.js:138017:3)
    at http://127.0.0.1:8080/__cypress/runner/cypress_runner.js:125593:26
    at tryCatcher (http://127.0.0.1:8080/__cypress/runner/cypress_runner.js:164895:23)
    at Promise._settlePromiseFromHandler (http://127.0.0.1:8080/__cypress/runner/cypress_runner.js:162831:31)
    at Promise._settlePromise (http://127.0.0.1:8080/__cypress/runner/cypress_runner.js:162888:18)
    at Promise._settlePromise0 (http://127.0.0.1:8080/__cypress/runner/cypress_runner.js:162933:10)
    at Promise._settlePromises (http://127.0.0.1:8080/__cypress/runner/cypress_runner.js:163012:18)
    at Async../node_modules/bluebird/js/release/async.js.Async._drainQueue (http://127.0.0.1:8080/__cypress/runner/cypress_runner.js:159620:16)
    at Async../node_modules/bluebird/js/release/async.js.Async._drainQueues (http://127.0.0.1:8080/__cypress/runner/cypress_runner.js:159630:10)
    at Async.drainQueues (http://127.0.0.1:8080/__cypress/runner/cypress_runner.js:159504:14)]]></failure>
    </testcase>
  </testsuite>
</testsuites>