<?xml version="1.0" encoding="UTF-8"?>
<testsuites name="Mocha Tests" time="32.53" tests="1" failures="1">
  <testsuite name="Root Suite" timestamp="2020-03-28T14:56:09" tests="0" file="cypress/integration/apps/chains/WF14.js" failures="0" time="0">
  </testsuite>
  <testsuite name="14 - I cannot send samples to next wf if they are not all complete" timestamp="2020-03-28T14:56:09" tests="1" failures="1" time="32.53">
    <testcase name="14 - I cannot send samples to next wf if they are not all complete WF-14-1 Should fail to move samples to next wf when not all samples are complete" time="16.265" classname="WF-14-1 Should fail to move samples to next wf when not all samples are complete">
    </testcase>
    <testcase name="14 - I cannot send samples to next wf if they are not all complete &quot;after all&quot; hook for &quot;WF-14-1 Should fail to move samples to next wf when not all samples are complete&quot;" time="16.265" classname="&quot;after all&quot; hook for &quot;WF-14-1 Should fail to move samples to next wf when not all samples are complete&quot;">
      <failure message="cy.exec(&apos;esp  -P 8080 -H 127.0.0.1 -u admin@localhost -p admin seed -f -d cypress/fixtures/apps/chains/WF14seed.yml&apos;) failed because the command exited with a non-zero code.

Pass {failOnNonZeroExit: false} to ignore exit code failures.

Information about the failure:
Code: 1

Stderr:
INFO:root:2020-03-28 09:56:28,369:Saving data in Experiment WF14 one - WF14 first for Protocol: WF14 first.
Traceback (most recent call last):
  File &quot;/Users/cj/bitrepos/esp/develop/bin/.venv/bin/e...

Because this error occurred during a &apos;after all&apos; hook we are skipping the remaining tests in the current suite: &apos;14 - I cannot send samples ...&apos;" type="CypressError"><![CDATA[CypressError: cy.exec('esp  -P 8080 -H 127.0.0.1 -u admin@localhost -p admin seed -f -d cypress/fixtures/apps/chains/WF14seed.yml') failed because the command exited with a non-zero code.

Pass {failOnNonZeroExit: false} to ignore exit code failures.

Information about the failure:
Code: 1

Stderr:
INFO:root:2020-03-28 09:56:28,369:Saving data in Experiment WF14 one - WF14 first for Protocol: WF14 first.
Traceback (most recent call last):
  File "/Users/cj/bitrepos/esp/develop/bin/.venv/bin/e...

Because this error occurred during a 'after all' hook we are skipping the remaining tests in the current suite: '14 - I cannot send samples ...'
    at cypressErr (http://127.0.0.1:8080/__cypress/runner/cypress_runner.js:138036:9)
    at throwErr (http://127.0.0.1:8080/__cypress/runner/cypress_runner.js:137969:11)
    at Object.throwErrByPath (http://127.0.0.1:8080/__cypress/runner/cypress_runner.js:138017:3)
    at http://127.0.0.1:8080/__cypress/runner/cypress_runner.js:125593:26
    at tryCatcher (http://127.0.0.1:8080/__cypress/runner/cypress_runner.js:164895:23)
    at Promise._settlePromiseFromHandler (http://127.0.0.1:8080/__cypress/runner/cypress_runner.js:162831:31)
    at Promise._settlePromise (http://127.0.0.1:8080/__cypress/runner/cypress_runner.js:162888:18)
    at Promise._settlePromise0 (http://127.0.0.1:8080/__cypress/runner/cypress_runner.js:162933:10)
    at Promise._settlePromises (http://127.0.0.1:8080/__cypress/runner/cypress_runner.js:163012:18)
    at Async../node_modules/bluebird/js/release/async.js.Async._drainQueue (http://127.0.0.1:8080/__cypress/runner/cypress_runner.js:159620:16)
    at Async../node_modules/bluebird/js/release/async.js.Async._drainQueues (http://127.0.0.1:8080/__cypress/runner/cypress_runner.js:159630:10)
    at Async.drainQueues (http://127.0.0.1:8080/__cypress/runner/cypress_runner.js:159504:14)]]></failure>
    </testcase>
  </testsuite>
</testsuites>