<?xml version="1.0" encoding="UTF-8"?>
<testsuites name="Mocha Tests" time="36.168000000000006" tests="4" failures="1" skipped="1">
  <testsuite name="Root Suite" timestamp="2020-03-28T17:28:03" tests="0" file="cypress/integration/apps/expressions/EX08.js" failures="0" time="0">
  </testsuite>
  <testsuite name="8 - I should be able to use the Resource API" timestamp="2020-03-28T17:28:03" tests="4" failures="1" time="36.168000000000006">
    <testcase name="8 - I should be able to use the Resource API EX-8-1 Should use resource_dict(resource_uuid=None, resource_name=None)" time="13.896" classname="EX-8-1 Should use resource_dict(resource_uuid=None, resource_name=None)">
    </testcase>
    <testcase name="8 - I should be able to use the Resource API EX-8-3 Should use json_dumps(obj)" time="5.304" classname="EX-8-3 Should use json_dumps(obj)">
    </testcase>
    <testcase name="8 - I should be able to use the Resource API EX-8-4 Should use current_datetime(format_=None)" time="8.484" classname="EX-8-4 Should use current_datetime(format_=None)">
    </testcase>
    <testcase name="8 - I should be able to use the Resource API &quot;after all&quot; hook for &quot;EX-8-4 Should use current_datetime(format_=None)&quot;" time="8.484" classname="&quot;after all&quot; hook for &quot;EX-8-4 Should use current_datetime(format_=None)&quot;">
      <failure message="cy.exec(&apos;esp  -P 8080 -H 127.0.0.1 -u admin@localhost -p admin seed -f -d cypress/fixtures/apps/expressions/EX08seed.yml&apos;) failed because the command exited with a non-zero code.

Pass {failOnNonZeroExit: false} to ignore exit code failures.

Information about the failure:
Code: 1

Stderr:
INFO:root:2020-03-28 12:28:32,803:Saving data in Experiment EX8 for Protocol: EX8 standard.
Traceback (most recent call last):
  File &quot;/Users/cj/bitrepos/esp/develop/bin/.venv/bin/esp&quot;, line 11, in...

Because this error occurred during a &apos;after all&apos; hook we are skipping the remaining tests in the current suite: &apos;8 - I should be able to use...&apos;" type="CypressError"><![CDATA[CypressError: cy.exec('esp  -P 8080 -H 127.0.0.1 -u admin@localhost -p admin seed -f -d cypress/fixtures/apps/expressions/EX08seed.yml') failed because the command exited with a non-zero code.

Pass {failOnNonZeroExit: false} to ignore exit code failures.

Information about the failure:
Code: 1

Stderr:
INFO:root:2020-03-28 12:28:32,803:Saving data in Experiment EX8 for Protocol: EX8 standard.
Traceback (most recent call last):
  File "/Users/cj/bitrepos/esp/develop/bin/.venv/bin/esp", line 11, in...

Because this error occurred during a 'after all' hook we are skipping the remaining tests in the current suite: '8 - I should be able to use...'
    at cypressErr (http://127.0.0.1:8080/__cypress/runner/cypress_runner.js:138036:9)
    at throwErr (http://127.0.0.1:8080/__cypress/runner/cypress_runner.js:137969:11)
    at Object.throwErrByPath (http://127.0.0.1:8080/__cypress/runner/cypress_runner.js:138017:3)
    at http://127.0.0.1:8080/__cypress/runner/cypress_runner.js:125593:26
    at tryCatcher (http://127.0.0.1:8080/__cypress/runner/cypress_runner.js:164895:23)
    at Promise._settlePromiseFromHandler (http://127.0.0.1:8080/__cypress/runner/cypress_runner.js:162831:31)
    at Promise._settlePromise (http://127.0.0.1:8080/__cypress/runner/cypress_runner.js:162888:18)
    at Promise._settlePromise0 (http://127.0.0.1:8080/__cypress/runner/cypress_runner.js:162933:10)
    at Promise._settlePromises (http://127.0.0.1:8080/__cypress/runner/cypress_runner.js:163012:18)
    at Async../node_modules/bluebird/js/release/async.js.Async._drainQueue (http://127.0.0.1:8080/__cypress/runner/cypress_runner.js:159620:16)
    at Async../node_modules/bluebird/js/release/async.js.Async._drainQueues (http://127.0.0.1:8080/__cypress/runner/cypress_runner.js:159630:10)
    at Async.drainQueues (http://127.0.0.1:8080/__cypress/runner/cypress_runner.js:159504:14)]]></failure>
    </testcase>
  </testsuite>
</testsuites>