<?xml version="1.0" encoding="UTF-8"?>
<testsuites name="Mocha Tests" time="79.968" tests="6" failures="2">
  <testsuite name="Root Suite" timestamp="2020-04-03T20:49:38" tests="0" file="cypress/integration/apps/permissions/LP26.js" failures="0" time="0">
  </testsuite>
  <testsuite name="26 - I can have sample permissions" timestamp="2020-04-03T20:49:38" tests="6" failures="2" time="79.968">
    <testcase name="26 - I can have sample permissions LP-26-6 Should fail to create a sample" time="0" classname="LP-26-6 Should fail to create a sample">
      <failure message="Timed out retrying: Expected to find content: &apos;New entities&apos; within the selector: &apos;button&apos; but never did." type="CypressError"><![CDATA[CypressError: Timed out retrying: Expected to find content: 'New entities' within the selector: 'button' but never did.
    at cypressErr (https://chris.test.l7informatics.com/__cypress/runner/cypress_runner.js:138036:9)
    at throwErr (https://chris.test.l7informatics.com/__cypress/runner/cypress_runner.js:137969:11)
    at Object.throwErrByPath (https://chris.test.l7informatics.com/__cypress/runner/cypress_runner.js:138017:3)
    at retry (https://chris.test.l7informatics.com/__cypress/runner/cypress_runner.js:132299:19)
    at onFailFn (https://chris.test.l7informatics.com/__cypress/runner/cypress_runner.js:120514:16)
    at tryCatcher (https://chris.test.l7informatics.com/__cypress/runner/cypress_runner.js:164895:23)
    at Promise._settlePromiseFromHandler (https://chris.test.l7informatics.com/__cypress/runner/cypress_runner.js:162831:31)
    at Promise._settlePromise (https://chris.test.l7informatics.com/__cypress/runner/cypress_runner.js:162888:18)
    at Promise._settlePromise0 (https://chris.test.l7informatics.com/__cypress/runner/cypress_runner.js:162933:10)
    at Promise._settlePromises (https://chris.test.l7informatics.com/__cypress/runner/cypress_runner.js:163008:18)
    at Async../node_modules/bluebird/js/release/async.js.Async._drainQueue (https://chris.test.l7informatics.com/__cypress/runner/cypress_runner.js:159620:16)
    at Async../node_modules/bluebird/js/release/async.js.Async._drainQueues (https://chris.test.l7informatics.com/__cypress/runner/cypress_runner.js:159630:10)
    at Async.drainQueues (https://chris.test.l7informatics.com/__cypress/runner/cypress_runner.js:159504:14)]]></failure>
    </testcase>
    <testcase name="26 - I can have sample permissions LP-26-7 Should fail to update a sample" time="21.713" classname="LP-26-7 Should fail to update a sample">
    </testcase>
    <testcase name="26 - I can have sample permissions LP-26-8 Should fail to delete a sample" time="17.774" classname="LP-26-8 Should fail to delete a sample">
    </testcase>
    <testcase name="26 - I can have sample permissions LP-26-2 Should create a sample" time="0" classname="LP-26-2 Should create a sample">
      <failure message="Timed out retrying: Expected to find content: &apos;New entities&apos; within the selector: &apos;button&apos; but never did." type="CypressError"><![CDATA[CypressError: Timed out retrying: Expected to find content: 'New entities' within the selector: 'button' but never did.
    at cypressErr (https://chris.test.l7informatics.com/__cypress/runner/cypress_runner.js:138036:9)
    at throwErr (https://chris.test.l7informatics.com/__cypress/runner/cypress_runner.js:137969:11)
    at Object.throwErrByPath (https://chris.test.l7informatics.com/__cypress/runner/cypress_runner.js:138017:3)
    at retry (https://chris.test.l7informatics.com/__cypress/runner/cypress_runner.js:132299:19)
    at onFailFn (https://chris.test.l7informatics.com/__cypress/runner/cypress_runner.js:120514:16)
    at tryCatcher (https://chris.test.l7informatics.com/__cypress/runner/cypress_runner.js:164895:23)
    at Promise._settlePromiseFromHandler (https://chris.test.l7informatics.com/__cypress/runner/cypress_runner.js:162831:31)
    at Promise._settlePromise (https://chris.test.l7informatics.com/__cypress/runner/cypress_runner.js:162888:18)
    at Promise._settlePromise0 (https://chris.test.l7informatics.com/__cypress/runner/cypress_runner.js:162933:10)
    at Promise._settlePromises (https://chris.test.l7informatics.com/__cypress/runner/cypress_runner.js:163008:18)
    at Async../node_modules/bluebird/js/release/async.js.Async._drainQueue (https://chris.test.l7informatics.com/__cypress/runner/cypress_runner.js:159620:16)
    at Async../node_modules/bluebird/js/release/async.js.Async._drainQueues (https://chris.test.l7informatics.com/__cypress/runner/cypress_runner.js:159630:10)
    at Async.drainQueues (https://chris.test.l7informatics.com/__cypress/runner/cypress_runner.js:159504:14)]]></failure>
    </testcase>
    <testcase name="26 - I can have sample permissions LP-26-3 Should update a sample" time="21.89" classname="LP-26-3 Should update a sample">
    </testcase>
    <testcase name="26 - I can have sample permissions LP-26-4 Should delete a sample" time="18.591" classname="LP-26-4 Should delete a sample">
    </testcase>
  </testsuite>
</testsuites>