<?xml version="1.0" encoding="UTF-8"?>
<testsuites name="Mocha Tests" time="35.488" tests="7" failures="2">
  <testsuite name="Root Suite" timestamp="2020-07-10T19:29:20" tests="0" file="cypress/integration/apps/entities/EN08.js" failures="0" time="0">
  </testsuite>
  <testsuite name="8 - I can add parents and children to entities" timestamp="2020-07-10T19:29:20" tests="7" failures="2" time="35.488">
    <testcase name="8 - I can add parents and children to entities EN-8-1 Should add parents to a entity" time="14.74" classname="EN-8-1 Should add parents to a entity">
    </testcase>
    <testcase name="8 - I can add parents and children to entities EN-8-2 Should add children to a entity" time="6.426" classname="EN-8-2 Should add children to a entity">
    </testcase>
    <testcase name="8 - I can add parents and children to entities EN-8-3 Should not add entity as it&apos;s own parent" time="3.81" classname="EN-8-3 Should not add entity as it&apos;s own parent">
    </testcase>
    <testcase name="8 - I can add parents and children to entities EN-8-4 Should not add entity as it&apos;s own child" time="3.896" classname="EN-8-4 Should not add entity as it&apos;s own child">
    </testcase>
    <testcase name="8 - I can add parents and children to entities EN-8-5 Should add entity as another entities child and parent" time="6.616" classname="EN-8-5 Should add entity as another entities child and parent">
    </testcase>
    <testcase name="8 - I can add parents and children to entities EN-8-6 Should access details of parents" time="0" classname="EN-8-6 Should access details of parents">
      <failure message="Timed out retrying: Expected to find content: &apos;EN-8 parent1&apos; within the selector: &apos;.view-header__info&apos; but never did." type="AssertionError"><![CDATA[AssertionError: Timed out retrying: Expected to find content: 'EN-8 parent1' within the selector: '.view-header__info' but never did.
    at Context.eval (http://127.0.0.1:8080/__cypress/tests?p=cypress/integration/apps/entities/EN08.js:123:8)]]></failure>
    </testcase>
    <testcase name="8 - I can add parents and children to entities EN-8-7 Should access details of children" time="0" classname="EN-8-7 Should access details of children">
      <failure message="Timed out retrying: Expected to find content: &apos;EN-8 child1&apos; within the selector: &apos;.view-header__info&apos; but never did." type="AssertionError"><![CDATA[AssertionError: Timed out retrying: Expected to find content: 'EN-8 child1' within the selector: '.view-header__info' but never did.
    at Context.eval (http://127.0.0.1:8080/__cypress/tests?p=cypress/integration/apps/entities/EN08.js:149:8)]]></failure>
    </testcase>
  </testsuite>
</testsuites>