<?xml version="1.0" encoding="UTF-8"?>
<testsuites name="Mocha Tests" time="30.749" tests="11" failures="4" skipped="1">
  <testsuite name="Root Suite" timestamp="2020-06-23T19:12:14" tests="0" file="cypress/integration/apps/entities/EN29_2.js" failures="0" time="0">
  </testsuite>
  <testsuite name="29 - I can use all types of data columns in new entity modal" timestamp="2020-06-23T19:12:14" tests="11" failures="4" time="30.749">
    <testcase name="29 - I can use all types of data columns in new entity modal EN-29-11 Should require required field" time="0" classname="EN-29-11 Should require required field">
      <failure message="Timed out retrying: cy.select() failed because it could not find a single &lt;option&gt; with value or text matching: &apos;ESP SEQUENCE&apos;" type="CypressError"><![CDATA[CypressError: Timed out retrying: cy.select() failed because it could not find a single <option> with value or text matching: 'ESP SEQUENCE'
    at cypressErr (https://chris.test.l7informatics.com/__cypress/runner/cypress_runner.js:138036:9)
    at throwErr (https://chris.test.l7informatics.com/__cypress/runner/cypress_runner.js:137969:11)
    at Object.throwErrByPath (https://chris.test.l7informatics.com/__cypress/runner/cypress_runner.js:138017:3)
    at Object.retry (https://chris.test.l7informatics.com/__cypress/runner/cypress_runner.js:132299:19)
    at https://chris.test.l7informatics.com/__cypress/runner/cypress_runner.js:122880:21
    at tryCatcher (https://chris.test.l7informatics.com/__cypress/runner/cypress_runner.js:164895:23)
    at Promise._settlePromiseFromHandler (https://chris.test.l7informatics.com/__cypress/runner/cypress_runner.js:162831:31)
    at Promise._settlePromise (https://chris.test.l7informatics.com/__cypress/runner/cypress_runner.js:162888:18)
    at Promise._settlePromiseCtx (https://chris.test.l7informatics.com/__cypress/runner/cypress_runner.js:162925:10)
    at Async../node_modules/bluebird/js/release/async.js.Async._drainQueue (https://chris.test.l7informatics.com/__cypress/runner/cypress_runner.js:159625:12)
    at Async../node_modules/bluebird/js/release/async.js.Async._drainQueues (https://chris.test.l7informatics.com/__cypress/runner/cypress_runner.js:159630:10)
    at Async.drainQueues (https://chris.test.l7informatics.com/__cypress/runner/cypress_runner.js:159504:14)]]></failure>
    </testcase>
    <testcase name="29 - I can use all types of data columns in new entity modal EN-29-12 Should find default value" time="0" classname="EN-29-12 Should find default value">
      <failure message="Timed out retrying: cy.select() failed because it could not find a single &lt;option&gt; with value or text matching: &apos;ESP SEQUENCE&apos;" type="CypressError"><![CDATA[CypressError: Timed out retrying: cy.select() failed because it could not find a single <option> with value or text matching: 'ESP SEQUENCE'
    at cypressErr (https://chris.test.l7informatics.com/__cypress/runner/cypress_runner.js:138036:9)
    at throwErr (https://chris.test.l7informatics.com/__cypress/runner/cypress_runner.js:137969:11)
    at Object.throwErrByPath (https://chris.test.l7informatics.com/__cypress/runner/cypress_runner.js:138017:3)
    at Object.retry (https://chris.test.l7informatics.com/__cypress/runner/cypress_runner.js:132299:19)
    at https://chris.test.l7informatics.com/__cypress/runner/cypress_runner.js:122880:21
    at tryCatcher (https://chris.test.l7informatics.com/__cypress/runner/cypress_runner.js:164895:23)
    at Promise._settlePromiseFromHandler (https://chris.test.l7informatics.com/__cypress/runner/cypress_runner.js:162831:31)
    at Promise._settlePromise (https://chris.test.l7informatics.com/__cypress/runner/cypress_runner.js:162888:18)
    at Promise._settlePromiseCtx (https://chris.test.l7informatics.com/__cypress/runner/cypress_runner.js:162925:10)
    at Async../node_modules/bluebird/js/release/async.js.Async._drainQueue (https://chris.test.l7informatics.com/__cypress/runner/cypress_runner.js:159625:12)
    at Async../node_modules/bluebird/js/release/async.js.Async._drainQueues (https://chris.test.l7informatics.com/__cypress/runner/cypress_runner.js:159630:10)
    at Async.drainQueues (https://chris.test.l7informatics.com/__cypress/runner/cypress_runner.js:159504:14)]]></failure>
    </testcase>
    <testcase name="29 - I can use all types of data columns in new entity modal EN-29-13 Should find read only field" time="0" classname="EN-29-13 Should find read only field">
      <failure message="Timed out retrying: cy.select() failed because it could not find a single &lt;option&gt; with value or text matching: &apos;ESP SEQUENCE&apos;" type="CypressError"><![CDATA[CypressError: Timed out retrying: cy.select() failed because it could not find a single <option> with value or text matching: 'ESP SEQUENCE'
    at cypressErr (https://chris.test.l7informatics.com/__cypress/runner/cypress_runner.js:138036:9)
    at throwErr (https://chris.test.l7informatics.com/__cypress/runner/cypress_runner.js:137969:11)
    at Object.throwErrByPath (https://chris.test.l7informatics.com/__cypress/runner/cypress_runner.js:138017:3)
    at Object.retry (https://chris.test.l7informatics.com/__cypress/runner/cypress_runner.js:132299:19)
    at https://chris.test.l7informatics.com/__cypress/runner/cypress_runner.js:122880:21
    at tryCatcher (https://chris.test.l7informatics.com/__cypress/runner/cypress_runner.js:164895:23)
    at Promise._settlePromiseFromHandler (https://chris.test.l7informatics.com/__cypress/runner/cypress_runner.js:162831:31)
    at Promise._settlePromise (https://chris.test.l7informatics.com/__cypress/runner/cypress_runner.js:162888:18)
    at Promise._settlePromiseCtx (https://chris.test.l7informatics.com/__cypress/runner/cypress_runner.js:162925:10)
    at Async../node_modules/bluebird/js/release/async.js.Async._drainQueue (https://chris.test.l7informatics.com/__cypress/runner/cypress_runner.js:159625:12)
    at Async../node_modules/bluebird/js/release/async.js.Async._drainQueues (https://chris.test.l7informatics.com/__cypress/runner/cypress_runner.js:159630:10)
    at Async.drainQueues (https://chris.test.l7informatics.com/__cypress/runner/cypress_runner.js:159504:14)]]></failure>
    </testcase>
    <testcase name="29 - I can use all types of data columns in new entity modal EN-29-14 Should add Sample Resource Link" time="30.749" classname="EN-29-14 Should add Sample Resource Link">
    </testcase>
    <testcase name="29 - I can use all types of data columns in new entity modal &quot;before each&quot; hook for &quot;EN-29-16 Should add File Resource Link&quot;" time="0" classname="&quot;before each&quot; hook for &quot;EN-29-16 Should add File Resource Link&quot;">
      <failure message="Timed out after waiting &apos;20000ms&apos; for your remote page to load.

Your page did not fire its &apos;load&apos; event within &apos;20000ms&apos;.

You can try increasing the &apos;pageLoadTimeout&apos; value in &apos;cypress.json&apos; to wait longer.

Browsers will not fire the &apos;load&apos; event until all stylesheets and scripts are done downloading.

When this &apos;load&apos; event occurs, Cypress will continue running commands.

Because this error occurred during a &apos;before each&apos; hook we are skipping the remaining tests in the current suite: &apos;29 - I can use all types of...&apos;" type="CypressError"><![CDATA[CypressError: Timed out after waiting '20000ms' for your remote page to load.

Your page did not fire its 'load' event within '20000ms'.

You can try increasing the 'pageLoadTimeout' value in 'cypress.json' to wait longer.

Browsers will not fire the 'load' event until all stylesheets and scripts are done downloading.

When this 'load' event occurs, Cypress will continue running commands.

Because this error occurred during a 'before each' hook we are skipping the remaining tests in the current suite: '29 - I can use all types of...'
    at cypressErr (https://chris.test.l7informatics.com/__cypress/runner/cypress_runner.js:138036:9)
    at throwErr (https://chris.test.l7informatics.com/__cypress/runner/cypress_runner.js:137969:11)
    at Object.throwErrByPath (https://chris.test.l7informatics.com/__cypress/runner/cypress_runner.js:138017:3)
    at timedOutWaitingForPageLoad (https://chris.test.l7informatics.com/__cypress/runner/cypress_runner.js:126147:20)
    at https://chris.test.l7informatics.com/__cypress/runner/cypress_runner.js:126943:16
    at tryCatcher (https://chris.test.l7informatics.com/__cypress/runner/cypress_runner.js:164895:23)
    at https://chris.test.l7informatics.com/__cypress/runner/cypress_runner.js:160036:41
    at tryCatcher (https://chris.test.l7informatics.com/__cypress/runner/cypress_runner.js:164895:23)
    at Promise._settlePromiseFromHandler (https://chris.test.l7informatics.com/__cypress/runner/cypress_runner.js:162831:31)
    at Promise._settlePromise (https://chris.test.l7informatics.com/__cypress/runner/cypress_runner.js:162888:18)
    at Promise._settlePromise0 (https://chris.test.l7informatics.com/__cypress/runner/cypress_runner.js:162933:10)
    at Promise._settlePromises (https://chris.test.l7informatics.com/__cypress/runner/cypress_runner.js:163008:18)
    at Async../node_modules/bluebird/js/release/async.js.Async._drainQueue (https://chris.test.l7informatics.com/__cypress/runner/cypress_runner.js:159620:16)
    at Async../node_modules/bluebird/js/release/async.js.Async._drainQueues (https://chris.test.l7informatics.com/__cypress/runner/cypress_runner.js:159630:10)
    at Async.drainQueues (https://chris.test.l7informatics.com/__cypress/runner/cypress_runner.js:159504:14)]]></failure>
    </testcase>
  </testsuite>
</testsuites>