<?xml version="1.0" encoding="UTF-8"?>
<testsuites name="Mocha Tests" time="84.491" tests="4" failures="2">
  <testsuite name="Root Suite" timestamp="2020-04-03T18:40:44" tests="0" file="cypress/integration/apps/lims/LM31.js" failures="0" time="0">
  </testsuite>
  <testsuite name="31 - I should be able to restart failed/paused pipelines (pipeline details modal)" timestamp="2020-04-03T18:40:44" tests="4" failures="2" time="84.491">
    <testcase name="31 - I should be able to restart failed/paused pipelines (pipeline details modal) LM-31-1 Should not restart a paused pipeline" time="60.204" classname="LM-31-1 Should not restart a paused pipeline">
    </testcase>
    <testcase name="31 - I should be able to restart failed/paused pipelines (pipeline details modal) LM-31-2 Should restart a killed pipeline" time="0" classname="LM-31-2 Should restart a killed pipeline">
      <failure message="Timed out retrying: Expected to find content: &apos;failed&apos; within the selector: &apos;button&apos; but never did." type="CypressError"><![CDATA[CypressError: Timed out retrying: Expected to find content: 'failed' within the selector: 'button' but never did.
    at cypressErr (https://chris.test.l7informatics.com/__cypress/runner/cypress_runner.js:138036:9)
    at throwErr (https://chris.test.l7informatics.com/__cypress/runner/cypress_runner.js:137969:11)
    at Object.throwErrByPath (https://chris.test.l7informatics.com/__cypress/runner/cypress_runner.js:138017:3)
    at retry (https://chris.test.l7informatics.com/__cypress/runner/cypress_runner.js:132299:19)
    at onFailFn (https://chris.test.l7informatics.com/__cypress/runner/cypress_runner.js:120514:16)
    at tryCatcher (https://chris.test.l7informatics.com/__cypress/runner/cypress_runner.js:164895:23)
    at Promise._settlePromiseFromHandler (https://chris.test.l7informatics.com/__cypress/runner/cypress_runner.js:162831:31)
    at Promise._settlePromise (https://chris.test.l7informatics.com/__cypress/runner/cypress_runner.js:162888:18)
    at Promise._settlePromise0 (https://chris.test.l7informatics.com/__cypress/runner/cypress_runner.js:162933:10)
    at Promise._settlePromises (https://chris.test.l7informatics.com/__cypress/runner/cypress_runner.js:163008:18)
    at Async../node_modules/bluebird/js/release/async.js.Async._drainQueue (https://chris.test.l7informatics.com/__cypress/runner/cypress_runner.js:159620:16)
    at Async../node_modules/bluebird/js/release/async.js.Async._drainQueues (https://chris.test.l7informatics.com/__cypress/runner/cypress_runner.js:159630:10)
    at Async.drainQueues (https://chris.test.l7informatics.com/__cypress/runner/cypress_runner.js:159504:14)]]></failure>
    </testcase>
    <testcase name="31 - I should be able to restart failed/paused pipelines (pipeline details modal) LM-31-3 Should restart a failed pipeline" time="24.287" classname="LM-31-3 Should restart a failed pipeline">
    </testcase>
    <testcase name="31 - I should be able to restart failed/paused pipelines (pipeline details modal) &quot;before each&quot; hook for &quot;LM-31-4 Should not restart a running pipeline&quot;" time="0" classname="&quot;before each&quot; hook for &quot;LM-31-4 Should not restart a running pipeline&quot;">
      <failure message="Timed out after waiting &apos;20000ms&apos; for your remote page to load.

Your page did not fire its &apos;load&apos; event within &apos;20000ms&apos;.

You can try increasing the &apos;pageLoadTimeout&apos; value in &apos;cypress.json&apos; to wait longer.

Browsers will not fire the &apos;load&apos; event until all stylesheets and scripts are done downloading.

When this &apos;load&apos; event occurs, Cypress will continue running commands.

Because this error occurred during a &apos;before each&apos; hook we are skipping the remaining tests in the current suite: &apos;31 - I should be able to re...&apos;" type="CypressError"><![CDATA[CypressError: Timed out after waiting '20000ms' for your remote page to load.

Your page did not fire its 'load' event within '20000ms'.

You can try increasing the 'pageLoadTimeout' value in 'cypress.json' to wait longer.

Browsers will not fire the 'load' event until all stylesheets and scripts are done downloading.

When this 'load' event occurs, Cypress will continue running commands.

Because this error occurred during a 'before each' hook we are skipping the remaining tests in the current suite: '31 - I should be able to re...'
    at cypressErr (https://chris.test.l7informatics.com/__cypress/runner/cypress_runner.js:138036:9)
    at throwErr (https://chris.test.l7informatics.com/__cypress/runner/cypress_runner.js:137969:11)
    at Object.throwErrByPath (https://chris.test.l7informatics.com/__cypress/runner/cypress_runner.js:138017:3)
    at timedOutWaitingForPageLoad (https://chris.test.l7informatics.com/__cypress/runner/cypress_runner.js:126147:20)
    at https://chris.test.l7informatics.com/__cypress/runner/cypress_runner.js:126943:16
    at tryCatcher (https://chris.test.l7informatics.com/__cypress/runner/cypress_runner.js:164895:23)
    at https://chris.test.l7informatics.com/__cypress/runner/cypress_runner.js:160036:41
    at tryCatcher (https://chris.test.l7informatics.com/__cypress/runner/cypress_runner.js:164895:23)
    at Promise._settlePromiseFromHandler (https://chris.test.l7informatics.com/__cypress/runner/cypress_runner.js:162831:31)
    at Promise._settlePromise (https://chris.test.l7informatics.com/__cypress/runner/cypress_runner.js:162888:18)
    at Promise._settlePromise0 (https://chris.test.l7informatics.com/__cypress/runner/cypress_runner.js:162933:10)
    at Promise._settlePromises (https://chris.test.l7informatics.com/__cypress/runner/cypress_runner.js:163008:18)
    at Async../node_modules/bluebird/js/release/async.js.Async._drainQueue (https://chris.test.l7informatics.com/__cypress/runner/cypress_runner.js:159620:16)
    at Async../node_modules/bluebird/js/release/async.js.Async._drainQueues (https://chris.test.l7informatics.com/__cypress/runner/cypress_runner.js:159630:10)
    at Async.drainQueues (https://chris.test.l7informatics.com/__cypress/runner/cypress_runner.js:159504:14)]]></failure>
    </testcase>
  </testsuite>
</testsuites>