<?xml version="1.0" encoding="UTF-8"?>
<testsuites name="Mocha Tests" time="46.562" tests="1" failures="1">
  <testsuite name="Root Suite" timestamp="2020-03-28T14:55:26" tests="0" file="cypress/integration/apps/chains/WF12.js" failures="0" time="0">
  </testsuite>
  <testsuite name="12 - I can move failed samples to the next workflow" timestamp="2020-03-28T14:55:26" tests="1" failures="1" time="46.562">
    <testcase name="12 - I can move failed samples to the next workflow WF-12-1 Should fail samples and move them to next workflow" time="23.281" classname="WF-12-1 Should fail samples and move them to next workflow">
    </testcase>
    <testcase name="12 - I can move failed samples to the next workflow &quot;after all&quot; hook for &quot;WF-12-1 Should fail samples and move them to next workflow&quot;" time="23.281" classname="&quot;after all&quot; hook for &quot;WF-12-1 Should fail samples and move them to next workflow&quot;">
      <failure message="cy.exec(&apos;esp  -P 8080 -H 127.0.0.1 -u admin@localhost -p admin seed -f -d cypress/fixtures/apps/chains/WF12seed.yml&apos;) failed because the command exited with a non-zero code.

Pass {failOnNonZeroExit: false} to ignore exit code failures.

Information about the failure:
Code: 1

Stderr:
INFO:root:2020-03-28 09:55:52,633:Saving data in Experiment WF12 straight - WF12 first for Protocol: WF12 first.
Traceback (most recent call last):
  File &quot;/Users/cj/bitrepos/esp/develop/bin/.venv/...

Because this error occurred during a &apos;after all&apos; hook we are skipping the remaining tests in the current suite: &apos;12 - I can move failed samp...&apos;" type="CypressError"><![CDATA[CypressError: cy.exec('esp  -P 8080 -H 127.0.0.1 -u admin@localhost -p admin seed -f -d cypress/fixtures/apps/chains/WF12seed.yml') failed because the command exited with a non-zero code.

Pass {failOnNonZeroExit: false} to ignore exit code failures.

Information about the failure:
Code: 1

Stderr:
INFO:root:2020-03-28 09:55:52,633:Saving data in Experiment WF12 straight - WF12 first for Protocol: WF12 first.
Traceback (most recent call last):
  File "/Users/cj/bitrepos/esp/develop/bin/.venv/...

Because this error occurred during a 'after all' hook we are skipping the remaining tests in the current suite: '12 - I can move failed samp...'
    at cypressErr (http://127.0.0.1:8080/__cypress/runner/cypress_runner.js:138036:9)
    at throwErr (http://127.0.0.1:8080/__cypress/runner/cypress_runner.js:137969:11)
    at Object.throwErrByPath (http://127.0.0.1:8080/__cypress/runner/cypress_runner.js:138017:3)
    at http://127.0.0.1:8080/__cypress/runner/cypress_runner.js:125593:26
    at tryCatcher (http://127.0.0.1:8080/__cypress/runner/cypress_runner.js:164895:23)
    at Promise._settlePromiseFromHandler (http://127.0.0.1:8080/__cypress/runner/cypress_runner.js:162831:31)
    at Promise._settlePromise (http://127.0.0.1:8080/__cypress/runner/cypress_runner.js:162888:18)
    at Promise._settlePromise0 (http://127.0.0.1:8080/__cypress/runner/cypress_runner.js:162933:10)
    at Promise._settlePromises (http://127.0.0.1:8080/__cypress/runner/cypress_runner.js:163012:18)
    at Async../node_modules/bluebird/js/release/async.js.Async._drainQueue (http://127.0.0.1:8080/__cypress/runner/cypress_runner.js:159620:16)
    at Async../node_modules/bluebird/js/release/async.js.Async._drainQueues (http://127.0.0.1:8080/__cypress/runner/cypress_runner.js:159630:10)
    at Async.drainQueues (http://127.0.0.1:8080/__cypress/runner/cypress_runner.js:159504:14)]]></failure>
    </testcase>
  </testsuite>
</testsuites>