<?xml version="1.0" encoding="UTF-8"?>
<testsuites name="Mocha Tests" time="0" tests="10" failures="9" skipped="1">
  <testsuite name="Root Suite" timestamp="2020-07-10T19:41:03" tests="0" file="cypress/integration/apps/entities/EN29_1.js" failures="0" time="0">
  </testsuite>
  <testsuite name="29 - I can use all types of data columns in new entity modal" timestamp="2020-07-10T19:41:03" tests="10" failures="9" time="0">
    <testcase name="29 - I can use all types of data columns in new entity modal EN-29-1 Should add text" time="0" classname="EN-29-1 Should add text">
      <failure message="Timed out retrying: `cy.select()` failed because it could not find a single `&lt;option&gt;` with value or text matching: `TEST SEQUENCE`

https://on.cypress.io/select" type="CypressError"><![CDATA[CypressError: Timed out retrying: `cy.select()` failed because it could not find a single `<option>` with value or text matching: `TEST SEQUENCE`

https://on.cypress.io/select
    at getOptions (http://127.0.0.1:8080/__cypress/runner/cypress_runner.js:151782:21)
    at tryCatcher (http://127.0.0.1:8080/__cypress/runner/cypress_runner.js:10130:23)
    at Function.Promise.attempt.Promise.try (http://127.0.0.1:8080/__cypress/runner/cypress_runner.js:7404:29)
    at retryOptions (http://127.0.0.1:8080/__cypress/runner/cypress_runner.js:151820:30)
    at tryCatcher (http://127.0.0.1:8080/__cypress/runner/cypress_runner.js:10130:23)
    at Function.Promise.attempt.Promise.try (http://127.0.0.1:8080/__cypress/runner/cypress_runner.js:7404:29)
    at tryFn (http://127.0.0.1:8080/__cypress/runner/cypress_runner.js:162938:24)
    at whenStable (http://127.0.0.1:8080/__cypress/runner/cypress_runner.js:162979:12)
    at http://127.0.0.1:8080/__cypress/runner/cypress_runner.js:162502:16
    at tryCatcher (http://127.0.0.1:8080/__cypress/runner/cypress_runner.js:10130:23)
    at Promise._settlePromiseFromHandler (http://127.0.0.1:8080/__cypress/runner/cypress_runner.js:8065:31)
    at Promise._settlePromise (http://127.0.0.1:8080/__cypress/runner/cypress_runner.js:8122:18)
    at Promise._settlePromise0 (http://127.0.0.1:8080/__cypress/runner/cypress_runner.js:8167:10)
    at Promise._settlePromises (http://127.0.0.1:8080/__cypress/runner/cypress_runner.js:8247:18)
    at Promise._fulfill (http://127.0.0.1:8080/__cypress/runner/cypress_runner.js:8191:18)
    at http://127.0.0.1:8080/__cypress/runner/cypress_runner.js:9805:46
From Your Spec Code:
    at openSampleTable (http://127.0.0.1:8080/__cypress/tests?p=cypress/integration/apps/entities/EN29_1.js:159:45)
    at Context.eval (http://127.0.0.1:8080/__cypress/tests?p=cypress/integration/apps/entities/EN29_1.js:54:5)]]></failure>
    </testcase>
    <testcase name="29 - I can use all types of data columns in new entity modal EN-29-2 Should add numeric" time="0" classname="EN-29-2 Should add numeric">
      <failure message="Timed out retrying: `cy.select()` failed because it could not find a single `&lt;option&gt;` with value or text matching: `TEST SEQUENCE`

https://on.cypress.io/select" type="CypressError"><![CDATA[CypressError: Timed out retrying: `cy.select()` failed because it could not find a single `<option>` with value or text matching: `TEST SEQUENCE`

https://on.cypress.io/select
    at getOptions (http://127.0.0.1:8080/__cypress/runner/cypress_runner.js:151782:21)
    at tryCatcher (http://127.0.0.1:8080/__cypress/runner/cypress_runner.js:10130:23)
    at Function.Promise.attempt.Promise.try (http://127.0.0.1:8080/__cypress/runner/cypress_runner.js:7404:29)
    at retryOptions (http://127.0.0.1:8080/__cypress/runner/cypress_runner.js:151820:30)
    at tryCatcher (http://127.0.0.1:8080/__cypress/runner/cypress_runner.js:10130:23)
    at Function.Promise.attempt.Promise.try (http://127.0.0.1:8080/__cypress/runner/cypress_runner.js:7404:29)
    at tryFn (http://127.0.0.1:8080/__cypress/runner/cypress_runner.js:162938:24)
    at whenStable (http://127.0.0.1:8080/__cypress/runner/cypress_runner.js:162979:12)
    at http://127.0.0.1:8080/__cypress/runner/cypress_runner.js:162502:16
    at tryCatcher (http://127.0.0.1:8080/__cypress/runner/cypress_runner.js:10130:23)
    at Promise._settlePromiseFromHandler (http://127.0.0.1:8080/__cypress/runner/cypress_runner.js:8065:31)
    at Promise._settlePromise (http://127.0.0.1:8080/__cypress/runner/cypress_runner.js:8122:18)
    at Promise._settlePromise0 (http://127.0.0.1:8080/__cypress/runner/cypress_runner.js:8167:10)
    at Promise._settlePromises (http://127.0.0.1:8080/__cypress/runner/cypress_runner.js:8247:18)
    at Promise._fulfill (http://127.0.0.1:8080/__cypress/runner/cypress_runner.js:8191:18)
    at http://127.0.0.1:8080/__cypress/runner/cypress_runner.js:9805:46
From Your Spec Code:
    at openSampleTable (http://127.0.0.1:8080/__cypress/tests?p=cypress/integration/apps/entities/EN29_1.js:159:45)
    at Context.eval (http://127.0.0.1:8080/__cypress/tests?p=cypress/integration/apps/entities/EN29_1.js:64:5)]]></failure>
    </testcase>
    <testcase name="29 - I can use all types of data columns in new entity modal EN-29-3 Should add picklist" time="0" classname="EN-29-3 Should add picklist">
      <failure message="Timed out retrying: `cy.select()` failed because it could not find a single `&lt;option&gt;` with value or text matching: `TEST SEQUENCE`

https://on.cypress.io/select" type="CypressError"><![CDATA[CypressError: Timed out retrying: `cy.select()` failed because it could not find a single `<option>` with value or text matching: `TEST SEQUENCE`

https://on.cypress.io/select
    at getOptions (http://127.0.0.1:8080/__cypress/runner/cypress_runner.js:151782:21)
    at tryCatcher (http://127.0.0.1:8080/__cypress/runner/cypress_runner.js:10130:23)
    at Function.Promise.attempt.Promise.try (http://127.0.0.1:8080/__cypress/runner/cypress_runner.js:7404:29)
    at retryOptions (http://127.0.0.1:8080/__cypress/runner/cypress_runner.js:151820:30)
    at tryCatcher (http://127.0.0.1:8080/__cypress/runner/cypress_runner.js:10130:23)
    at Function.Promise.attempt.Promise.try (http://127.0.0.1:8080/__cypress/runner/cypress_runner.js:7404:29)
    at tryFn (http://127.0.0.1:8080/__cypress/runner/cypress_runner.js:162938:24)
    at whenStable (http://127.0.0.1:8080/__cypress/runner/cypress_runner.js:162979:12)
    at http://127.0.0.1:8080/__cypress/runner/cypress_runner.js:162502:16
    at tryCatcher (http://127.0.0.1:8080/__cypress/runner/cypress_runner.js:10130:23)
    at Promise._settlePromiseFromHandler (http://127.0.0.1:8080/__cypress/runner/cypress_runner.js:8065:31)
    at Promise._settlePromise (http://127.0.0.1:8080/__cypress/runner/cypress_runner.js:8122:18)
    at Promise._settlePromise0 (http://127.0.0.1:8080/__cypress/runner/cypress_runner.js:8167:10)
    at Promise._settlePromises (http://127.0.0.1:8080/__cypress/runner/cypress_runner.js:8247:18)
    at Promise._fulfill (http://127.0.0.1:8080/__cypress/runner/cypress_runner.js:8191:18)
    at http://127.0.0.1:8080/__cypress/runner/cypress_runner.js:9805:46
From Your Spec Code:
    at openSampleTable (http://127.0.0.1:8080/__cypress/tests?p=cypress/integration/apps/entities/EN29_1.js:159:45)
    at Context.eval (http://127.0.0.1:8080/__cypress/tests?p=cypress/integration/apps/entities/EN29_1.js:78:5)]]></failure>
    </testcase>
    <testcase name="29 - I can use all types of data columns in new entity modal EN-29-4 Should add multiselect picklist" time="0" classname="EN-29-4 Should add multiselect picklist">
      <failure message="Timed out retrying: `cy.select()` failed because it could not find a single `&lt;option&gt;` with value or text matching: `TEST SEQUENCE`

https://on.cypress.io/select" type="CypressError"><![CDATA[CypressError: Timed out retrying: `cy.select()` failed because it could not find a single `<option>` with value or text matching: `TEST SEQUENCE`

https://on.cypress.io/select
    at getOptions (http://127.0.0.1:8080/__cypress/runner/cypress_runner.js:151782:21)
    at tryCatcher (http://127.0.0.1:8080/__cypress/runner/cypress_runner.js:10130:23)
    at Function.Promise.attempt.Promise.try (http://127.0.0.1:8080/__cypress/runner/cypress_runner.js:7404:29)
    at retryOptions (http://127.0.0.1:8080/__cypress/runner/cypress_runner.js:151820:30)
    at tryCatcher (http://127.0.0.1:8080/__cypress/runner/cypress_runner.js:10130:23)
    at Function.Promise.attempt.Promise.try (http://127.0.0.1:8080/__cypress/runner/cypress_runner.js:7404:29)
    at tryFn (http://127.0.0.1:8080/__cypress/runner/cypress_runner.js:162938:24)
    at whenStable (http://127.0.0.1:8080/__cypress/runner/cypress_runner.js:162979:12)
    at http://127.0.0.1:8080/__cypress/runner/cypress_runner.js:162502:16
    at tryCatcher (http://127.0.0.1:8080/__cypress/runner/cypress_runner.js:10130:23)
    at Promise._settlePromiseFromHandler (http://127.0.0.1:8080/__cypress/runner/cypress_runner.js:8065:31)
    at Promise._settlePromise (http://127.0.0.1:8080/__cypress/runner/cypress_runner.js:8122:18)
    at Promise._settlePromise0 (http://127.0.0.1:8080/__cypress/runner/cypress_runner.js:8167:10)
    at Promise._settlePromises (http://127.0.0.1:8080/__cypress/runner/cypress_runner.js:8247:18)
    at Promise._fulfill (http://127.0.0.1:8080/__cypress/runner/cypress_runner.js:8191:18)
    at http://127.0.0.1:8080/__cypress/runner/cypress_runner.js:9805:46
From Your Spec Code:
    at openSampleTable (http://127.0.0.1:8080/__cypress/tests?p=cypress/integration/apps/entities/EN29_1.js:159:45)
    at Context.eval (http://127.0.0.1:8080/__cypress/tests?p=cypress/integration/apps/entities/EN29_1.js:87:5)]]></failure>
    </testcase>
    <testcase name="29 - I can use all types of data columns in new entity modal EN-29-5 Should add date" time="0" classname="EN-29-5 Should add date">
      <failure message="Timed out retrying: `cy.select()` failed because it could not find a single `&lt;option&gt;` with value or text matching: `TEST SEQUENCE`

https://on.cypress.io/select" type="CypressError"><![CDATA[CypressError: Timed out retrying: `cy.select()` failed because it could not find a single `<option>` with value or text matching: `TEST SEQUENCE`

https://on.cypress.io/select
    at getOptions (http://127.0.0.1:8080/__cypress/runner/cypress_runner.js:151782:21)
    at tryCatcher (http://127.0.0.1:8080/__cypress/runner/cypress_runner.js:10130:23)
    at Function.Promise.attempt.Promise.try (http://127.0.0.1:8080/__cypress/runner/cypress_runner.js:7404:29)
    at retryOptions (http://127.0.0.1:8080/__cypress/runner/cypress_runner.js:151820:30)
    at tryCatcher (http://127.0.0.1:8080/__cypress/runner/cypress_runner.js:10130:23)
    at Function.Promise.attempt.Promise.try (http://127.0.0.1:8080/__cypress/runner/cypress_runner.js:7404:29)
    at tryFn (http://127.0.0.1:8080/__cypress/runner/cypress_runner.js:162938:24)
    at whenStable (http://127.0.0.1:8080/__cypress/runner/cypress_runner.js:162979:12)
    at http://127.0.0.1:8080/__cypress/runner/cypress_runner.js:162502:16
    at tryCatcher (http://127.0.0.1:8080/__cypress/runner/cypress_runner.js:10130:23)
    at Promise._settlePromiseFromHandler (http://127.0.0.1:8080/__cypress/runner/cypress_runner.js:8065:31)
    at Promise._settlePromise (http://127.0.0.1:8080/__cypress/runner/cypress_runner.js:8122:18)
    at Promise._settlePromise0 (http://127.0.0.1:8080/__cypress/runner/cypress_runner.js:8167:10)
    at Promise._settlePromises (http://127.0.0.1:8080/__cypress/runner/cypress_runner.js:8247:18)
    at Promise._fulfill (http://127.0.0.1:8080/__cypress/runner/cypress_runner.js:8191:18)
    at http://127.0.0.1:8080/__cypress/runner/cypress_runner.js:9805:46
From Your Spec Code:
    at openSampleTable (http://127.0.0.1:8080/__cypress/tests?p=cypress/integration/apps/entities/EN29_1.js:159:45)
    at Context.eval (http://127.0.0.1:8080/__cypress/tests?p=cypress/integration/apps/entities/EN29_1.js:99:5)]]></failure>
    </testcase>
    <testcase name="29 - I can use all types of data columns in new entity modal EN-29-6 Should add checkbox" time="0" classname="EN-29-6 Should add checkbox">
      <failure message="Timed out retrying: `cy.select()` failed because it could not find a single `&lt;option&gt;` with value or text matching: `TEST SEQUENCE`

https://on.cypress.io/select" type="CypressError"><![CDATA[CypressError: Timed out retrying: `cy.select()` failed because it could not find a single `<option>` with value or text matching: `TEST SEQUENCE`

https://on.cypress.io/select
    at getOptions (http://127.0.0.1:8080/__cypress/runner/cypress_runner.js:151782:21)
    at tryCatcher (http://127.0.0.1:8080/__cypress/runner/cypress_runner.js:10130:23)
    at Function.Promise.attempt.Promise.try (http://127.0.0.1:8080/__cypress/runner/cypress_runner.js:7404:29)
    at retryOptions (http://127.0.0.1:8080/__cypress/runner/cypress_runner.js:151820:30)
    at tryCatcher (http://127.0.0.1:8080/__cypress/runner/cypress_runner.js:10130:23)
    at Function.Promise.attempt.Promise.try (http://127.0.0.1:8080/__cypress/runner/cypress_runner.js:7404:29)
    at tryFn (http://127.0.0.1:8080/__cypress/runner/cypress_runner.js:162938:24)
    at whenStable (http://127.0.0.1:8080/__cypress/runner/cypress_runner.js:162979:12)
    at http://127.0.0.1:8080/__cypress/runner/cypress_runner.js:162502:16
    at tryCatcher (http://127.0.0.1:8080/__cypress/runner/cypress_runner.js:10130:23)
    at Promise._settlePromiseFromHandler (http://127.0.0.1:8080/__cypress/runner/cypress_runner.js:8065:31)
    at Promise._settlePromise (http://127.0.0.1:8080/__cypress/runner/cypress_runner.js:8122:18)
    at Promise._settlePromise0 (http://127.0.0.1:8080/__cypress/runner/cypress_runner.js:8167:10)
    at Promise._settlePromises (http://127.0.0.1:8080/__cypress/runner/cypress_runner.js:8247:18)
    at Promise._fulfill (http://127.0.0.1:8080/__cypress/runner/cypress_runner.js:8191:18)
    at http://127.0.0.1:8080/__cypress/runner/cypress_runner.js:9805:46
From Your Spec Code:
    at openSampleTable (http://127.0.0.1:8080/__cypress/tests?p=cypress/integration/apps/entities/EN29_1.js:159:45)
    at Context.eval (http://127.0.0.1:8080/__cypress/tests?p=cypress/integration/apps/entities/EN29_1.js:107:5)]]></failure>
    </testcase>
    <testcase name="29 - I can use all types of data columns in new entity modal EN-29-8 Should add qr barcode" time="0" classname="EN-29-8 Should add qr barcode">
      <failure message="Timed out retrying: `cy.select()` failed because it could not find a single `&lt;option&gt;` with value or text matching: `TEST SEQUENCE`

https://on.cypress.io/select" type="CypressError"><![CDATA[CypressError: Timed out retrying: `cy.select()` failed because it could not find a single `<option>` with value or text matching: `TEST SEQUENCE`

https://on.cypress.io/select
    at getOptions (http://127.0.0.1:8080/__cypress/runner/cypress_runner.js:151782:21)
    at tryCatcher (http://127.0.0.1:8080/__cypress/runner/cypress_runner.js:10130:23)
    at Function.Promise.attempt.Promise.try (http://127.0.0.1:8080/__cypress/runner/cypress_runner.js:7404:29)
    at retryOptions (http://127.0.0.1:8080/__cypress/runner/cypress_runner.js:151820:30)
    at tryCatcher (http://127.0.0.1:8080/__cypress/runner/cypress_runner.js:10130:23)
    at Function.Promise.attempt.Promise.try (http://127.0.0.1:8080/__cypress/runner/cypress_runner.js:7404:29)
    at tryFn (http://127.0.0.1:8080/__cypress/runner/cypress_runner.js:162938:24)
    at whenStable (http://127.0.0.1:8080/__cypress/runner/cypress_runner.js:162979:12)
    at http://127.0.0.1:8080/__cypress/runner/cypress_runner.js:162502:16
    at tryCatcher (http://127.0.0.1:8080/__cypress/runner/cypress_runner.js:10130:23)
    at Promise._settlePromiseFromHandler (http://127.0.0.1:8080/__cypress/runner/cypress_runner.js:8065:31)
    at Promise._settlePromise (http://127.0.0.1:8080/__cypress/runner/cypress_runner.js:8122:18)
    at Promise._settlePromise0 (http://127.0.0.1:8080/__cypress/runner/cypress_runner.js:8167:10)
    at Promise._settlePromises (http://127.0.0.1:8080/__cypress/runner/cypress_runner.js:8247:18)
    at Promise._fulfill (http://127.0.0.1:8080/__cypress/runner/cypress_runner.js:8191:18)
    at http://127.0.0.1:8080/__cypress/runner/cypress_runner.js:9805:46
From Your Spec Code:
    at openSampleTable (http://127.0.0.1:8080/__cypress/tests?p=cypress/integration/apps/entities/EN29_1.js:159:45)
    at Context.eval (http://127.0.0.1:8080/__cypress/tests?p=cypress/integration/apps/entities/EN29_1.js:127:5)]]></failure>
    </testcase>
    <testcase name="29 - I can use all types of data columns in new entity modal EN-29-9 Should add 1d barcode" time="0" classname="EN-29-9 Should add 1d barcode">
      <failure message="Timed out retrying: `cy.select()` failed because it could not find a single `&lt;option&gt;` with value or text matching: `TEST SEQUENCE`

https://on.cypress.io/select" type="CypressError"><![CDATA[CypressError: Timed out retrying: `cy.select()` failed because it could not find a single `<option>` with value or text matching: `TEST SEQUENCE`

https://on.cypress.io/select
    at getOptions (http://127.0.0.1:8080/__cypress/runner/cypress_runner.js:151782:21)
    at tryCatcher (http://127.0.0.1:8080/__cypress/runner/cypress_runner.js:10130:23)
    at Function.Promise.attempt.Promise.try (http://127.0.0.1:8080/__cypress/runner/cypress_runner.js:7404:29)
    at retryOptions (http://127.0.0.1:8080/__cypress/runner/cypress_runner.js:151820:30)
    at tryCatcher (http://127.0.0.1:8080/__cypress/runner/cypress_runner.js:10130:23)
    at Function.Promise.attempt.Promise.try (http://127.0.0.1:8080/__cypress/runner/cypress_runner.js:7404:29)
    at tryFn (http://127.0.0.1:8080/__cypress/runner/cypress_runner.js:162938:24)
    at whenStable (http://127.0.0.1:8080/__cypress/runner/cypress_runner.js:162979:12)
    at http://127.0.0.1:8080/__cypress/runner/cypress_runner.js:162502:16
    at tryCatcher (http://127.0.0.1:8080/__cypress/runner/cypress_runner.js:10130:23)
    at Promise._settlePromiseFromHandler (http://127.0.0.1:8080/__cypress/runner/cypress_runner.js:8065:31)
    at Promise._settlePromise (http://127.0.0.1:8080/__cypress/runner/cypress_runner.js:8122:18)
    at Promise._settlePromise0 (http://127.0.0.1:8080/__cypress/runner/cypress_runner.js:8167:10)
    at Promise._settlePromises (http://127.0.0.1:8080/__cypress/runner/cypress_runner.js:8247:18)
    at Promise._fulfill (http://127.0.0.1:8080/__cypress/runner/cypress_runner.js:8191:18)
    at http://127.0.0.1:8080/__cypress/runner/cypress_runner.js:9805:46
From Your Spec Code:
    at openSampleTable (http://127.0.0.1:8080/__cypress/tests?p=cypress/integration/apps/entities/EN29_1.js:159:45)
    at Context.eval (http://127.0.0.1:8080/__cypress/tests?p=cypress/integration/apps/entities/EN29_1.js:136:5)]]></failure>
    </testcase>
    <testcase name="29 - I can use all types of data columns in new entity modal EN-29-10 Should add mini data matrix" time="0" classname="EN-29-10 Should add mini data matrix">
      <failure message="Timed out retrying: `cy.select()` failed because it could not find a single `&lt;option&gt;` with value or text matching: `TEST SEQUENCE`

https://on.cypress.io/select" type="CypressError"><![CDATA[CypressError: Timed out retrying: `cy.select()` failed because it could not find a single `<option>` with value or text matching: `TEST SEQUENCE`

https://on.cypress.io/select
    at getOptions (http://127.0.0.1:8080/__cypress/runner/cypress_runner.js:151782:21)
    at tryCatcher (http://127.0.0.1:8080/__cypress/runner/cypress_runner.js:10130:23)
    at Function.Promise.attempt.Promise.try (http://127.0.0.1:8080/__cypress/runner/cypress_runner.js:7404:29)
    at retryOptions (http://127.0.0.1:8080/__cypress/runner/cypress_runner.js:151820:30)
    at tryCatcher (http://127.0.0.1:8080/__cypress/runner/cypress_runner.js:10130:23)
    at Function.Promise.attempt.Promise.try (http://127.0.0.1:8080/__cypress/runner/cypress_runner.js:7404:29)
    at tryFn (http://127.0.0.1:8080/__cypress/runner/cypress_runner.js:162938:24)
    at whenStable (http://127.0.0.1:8080/__cypress/runner/cypress_runner.js:162979:12)
    at http://127.0.0.1:8080/__cypress/runner/cypress_runner.js:162502:16
    at tryCatcher (http://127.0.0.1:8080/__cypress/runner/cypress_runner.js:10130:23)
    at Promise._settlePromiseFromHandler (http://127.0.0.1:8080/__cypress/runner/cypress_runner.js:8065:31)
    at Promise._settlePromise (http://127.0.0.1:8080/__cypress/runner/cypress_runner.js:8122:18)
    at Promise._settlePromise0 (http://127.0.0.1:8080/__cypress/runner/cypress_runner.js:8167:10)
    at Promise._settlePromises (http://127.0.0.1:8080/__cypress/runner/cypress_runner.js:8247:18)
    at Promise._fulfill (http://127.0.0.1:8080/__cypress/runner/cypress_runner.js:8191:18)
    at http://127.0.0.1:8080/__cypress/runner/cypress_runner.js:9805:46
From Your Spec Code:
    at openSampleTable (http://127.0.0.1:8080/__cypress/tests?p=cypress/integration/apps/entities/EN29_1.js:159:45)
    at Context.eval (http://127.0.0.1:8080/__cypress/tests?p=cypress/integration/apps/entities/EN29_1.js:145:5)]]></failure>
    </testcase>
  </testsuite>
</testsuites>