<?xml version="1.0" encoding="UTF-8"?>
<testsuites name="Mocha Tests" time="0" tests="7" failures="2">
  <testsuite name="Root Suite" timestamp="2020-03-28T20:08:26" tests="0" file="cypress/integration/apps/lims/LM53_2.js" failures="0" time="0">
  </testsuite>
  <testsuite name="53 - I can only use ag-grid functionality in regular view" timestamp="2020-03-28T20:08:26" tests="7" failures="2" time="0">
    <testcase name="53 - I can only use ag-grid functionality in regular view &quot;before all&quot; hook for &quot;LM-53-10 Should reset columns&quot;" time="0" classname="&quot;before all&quot; hook for &quot;LM-53-10 Should reset columns&quot;">
      <failure message="cy.exec(&apos;esp  -P 8080 -H 127.0.0.1 -u admin@localhost -p admin seed --no-overwrite cypress/fixtures/apps/lims/LM53_2seed.yml&apos;) failed because the command exited with a non-zero code.

Pass {failOnNonZeroExit: false} to ignore exit code failures.

Information about the failure:
Code: 1

Stderr:
INFO:root:2020-03-28 15:08:27,120:Creating Protocol: LM53_2 Standard
INFO:root:2020-03-28 15:08:27,819:Creating Workflow: LM53_2 workflow
INFO:root:2020-03-28 15:08:28,471:Creating Sample: LM532000...

Because this error occurred during a &apos;before all&apos; hook we are skipping the remaining tests in the current suite: &apos;53 - I can only use ag-grid...&apos;" type="CypressError"><![CDATA[CypressError: cy.exec('esp  -P 8080 -H 127.0.0.1 -u admin@localhost -p admin seed --no-overwrite cypress/fixtures/apps/lims/LM53_2seed.yml') failed because the command exited with a non-zero code.

Pass {failOnNonZeroExit: false} to ignore exit code failures.

Information about the failure:
Code: 1

Stderr:
INFO:root:2020-03-28 15:08:27,120:Creating Protocol: LM53_2 Standard
INFO:root:2020-03-28 15:08:27,819:Creating Workflow: LM53_2 workflow
INFO:root:2020-03-28 15:08:28,471:Creating Sample: LM532000...

Because this error occurred during a 'before all' hook we are skipping the remaining tests in the current suite: '53 - I can only use ag-grid...'
    at cypressErr (http://127.0.0.1:8080/__cypress/runner/cypress_runner.js:138036:9)
    at throwErr (http://127.0.0.1:8080/__cypress/runner/cypress_runner.js:137969:11)
    at Object.throwErrByPath (http://127.0.0.1:8080/__cypress/runner/cypress_runner.js:138017:3)
    at http://127.0.0.1:8080/__cypress/runner/cypress_runner.js:125593:26
    at tryCatcher (http://127.0.0.1:8080/__cypress/runner/cypress_runner.js:164895:23)
    at Promise._settlePromiseFromHandler (http://127.0.0.1:8080/__cypress/runner/cypress_runner.js:162831:31)
    at Promise._settlePromise (http://127.0.0.1:8080/__cypress/runner/cypress_runner.js:162888:18)
    at Promise._settlePromise0 (http://127.0.0.1:8080/__cypress/runner/cypress_runner.js:162933:10)
    at Promise._settlePromises (http://127.0.0.1:8080/__cypress/runner/cypress_runner.js:163012:18)
    at Async../node_modules/bluebird/js/release/async.js.Async._drainQueue (http://127.0.0.1:8080/__cypress/runner/cypress_runner.js:159620:16)
    at Async../node_modules/bluebird/js/release/async.js.Async._drainQueues (http://127.0.0.1:8080/__cypress/runner/cypress_runner.js:159630:10)
    at Async.drainQueues (http://127.0.0.1:8080/__cypress/runner/cypress_runner.js:159504:14)]]></failure>
    </testcase>
    <testcase name="53 - I can only use ag-grid functionality in regular view &quot;after all&quot; hook for &quot;LM-53-10 Should reset columns&quot;" time="0" classname="&quot;after all&quot; hook for &quot;LM-53-10 Should reset columns&quot;">
      <failure message="cy.exec(&apos;esp  -P 8080 -H 127.0.0.1 -u admin@localhost -p admin seed -f -d cypress/fixtures/apps/lims/LM53_2seed.yml&apos;) failed because the command exited with a non-zero code.

Pass {failOnNonZeroExit: false} to ignore exit code failures.

Information about the failure:
Code: 1

Stderr:
INFO:root:2020-03-28 15:08:34,382:Saving data in Experiment LM53_2 for Protocol: LM53_2 Standard.
Traceback (most recent call last):
  File &quot;/Users/cj/bitrepos/esp/develop/bin/.venv/bin/esp&quot;, line ...

Because this error occurred during a &apos;after all&apos; hook we are skipping the remaining tests in the current suite: &apos;53 - I can only use ag-grid...&apos;" type="CypressError"><![CDATA[CypressError: cy.exec('esp  -P 8080 -H 127.0.0.1 -u admin@localhost -p admin seed -f -d cypress/fixtures/apps/lims/LM53_2seed.yml') failed because the command exited with a non-zero code.

Pass {failOnNonZeroExit: false} to ignore exit code failures.

Information about the failure:
Code: 1

Stderr:
INFO:root:2020-03-28 15:08:34,382:Saving data in Experiment LM53_2 for Protocol: LM53_2 Standard.
Traceback (most recent call last):
  File "/Users/cj/bitrepos/esp/develop/bin/.venv/bin/esp", line ...

Because this error occurred during a 'after all' hook we are skipping the remaining tests in the current suite: '53 - I can only use ag-grid...'
    at cypressErr (http://127.0.0.1:8080/__cypress/runner/cypress_runner.js:138036:9)
    at throwErr (http://127.0.0.1:8080/__cypress/runner/cypress_runner.js:137969:11)
    at Object.throwErrByPath (http://127.0.0.1:8080/__cypress/runner/cypress_runner.js:138017:3)
    at http://127.0.0.1:8080/__cypress/runner/cypress_runner.js:125593:26
    at tryCatcher (http://127.0.0.1:8080/__cypress/runner/cypress_runner.js:164895:23)
    at Promise._settlePromiseFromHandler (http://127.0.0.1:8080/__cypress/runner/cypress_runner.js:162831:31)
    at Promise._settlePromise (http://127.0.0.1:8080/__cypress/runner/cypress_runner.js:162888:18)
    at Promise._settlePromise0 (http://127.0.0.1:8080/__cypress/runner/cypress_runner.js:162933:10)
    at Promise._settlePromises (http://127.0.0.1:8080/__cypress/runner/cypress_runner.js:163012:18)
    at Async../node_modules/bluebird/js/release/async.js.Async._drainQueue (http://127.0.0.1:8080/__cypress/runner/cypress_runner.js:159620:16)
    at Async../node_modules/bluebird/js/release/async.js.Async._drainQueues (http://127.0.0.1:8080/__cypress/runner/cypress_runner.js:159630:10)
    at Async.drainQueues (http://127.0.0.1:8080/__cypress/runner/cypress_runner.js:159504:14)]]></failure>
    </testcase>
  </testsuite>
</testsuites>