<?xml version="1.0" encoding="UTF-8"?>
<testsuites name="Mocha Tests" time="0" tests="2" failures="1">
  <testsuite name="Root Suite" timestamp="2020-06-08T14:55:49" tests="0" file="cypress/integration/apps/entities/EN22.js" failures="0" time="0">
  </testsuite>
  <testsuite name="22 - I can edit entity barcodes" timestamp="2020-06-08T14:55:49" tests="2" failures="1" time="0">
    <testcase name="22 - I can edit entity barcodes &quot;before all&quot; hook for &quot;EN-22-1 Should edit barcode and accept&quot;" time="0" classname="&quot;before all&quot; hook for &quot;EN-22-1 Should edit barcode and accept&quot;">
      <failure message="cy.exec(&apos;esp -s -P 443 -H chris231.test.l7informatics.com -u admin@localhost -p L4b7R0cks! seed --no-overwrite cypress/fixtures/apps/entities/EN22seed.yml&apos;) failed because the command exited with a non-zero code.

Pass {failOnNonZeroExit: false} to ignore exit code failures.

Information about the failure:
Code: 1

Stderr:
Traceback (most recent call last):
  File &quot;/Users/cj/bitrepos/esp/develop/bin/.venv/lib/python3.7/site-packages/urllib3/connectionpool.py&quot;, line 672, in urlopen
    chunked=chunked,
  File &quot;/Users/...

Because this error occurred during a &apos;before all&apos; hook we are skipping the remaining tests in the current suite: &apos;22 - I can edit entity barc...&apos;" type="CypressError"><![CDATA[CypressError: cy.exec('esp -s -P 443 -H chris231.test.l7informatics.com -u admin@localhost -p L4b7R0cks! seed --no-overwrite cypress/fixtures/apps/entities/EN22seed.yml') failed because the command exited with a non-zero code.

Pass {failOnNonZeroExit: false} to ignore exit code failures.

Information about the failure:
Code: 1

Stderr:
Traceback (most recent call last):
  File "/Users/cj/bitrepos/esp/develop/bin/.venv/lib/python3.7/site-packages/urllib3/connectionpool.py", line 672, in urlopen
    chunked=chunked,
  File "/Users/...

Because this error occurred during a 'before all' hook we are skipping the remaining tests in the current suite: '22 - I can edit entity barc...'
    at cypressErr (https://chris231.test.l7informatics.com/__cypress/runner/cypress_runner.js:138036:9)
    at throwErr (https://chris231.test.l7informatics.com/__cypress/runner/cypress_runner.js:137969:11)
    at Object.throwErrByPath (https://chris231.test.l7informatics.com/__cypress/runner/cypress_runner.js:138017:3)
    at https://chris231.test.l7informatics.com/__cypress/runner/cypress_runner.js:125593:26
    at tryCatcher (https://chris231.test.l7informatics.com/__cypress/runner/cypress_runner.js:164895:23)
    at Promise._settlePromiseFromHandler (https://chris231.test.l7informatics.com/__cypress/runner/cypress_runner.js:162831:31)
    at Promise._settlePromise (https://chris231.test.l7informatics.com/__cypress/runner/cypress_runner.js:162888:18)
    at Promise._settlePromise0 (https://chris231.test.l7informatics.com/__cypress/runner/cypress_runner.js:162933:10)
    at Promise._settlePromises (https://chris231.test.l7informatics.com/__cypress/runner/cypress_runner.js:163012:18)
    at Async../node_modules/bluebird/js/release/async.js.Async._drainQueue (https://chris231.test.l7informatics.com/__cypress/runner/cypress_runner.js:159620:16)
    at Async../node_modules/bluebird/js/release/async.js.Async._drainQueues (https://chris231.test.l7informatics.com/__cypress/runner/cypress_runner.js:159630:10)
    at Async.drainQueues (https://chris231.test.l7informatics.com/__cypress/runner/cypress_runner.js:159504:14)]]></failure>
    </testcase>
  </testsuite>
</testsuites>