<?xml version="1.0" encoding="UTF-8"?>
<testsuites name="Mocha Tests" time="20.865000000000002" tests="2" failures="1">
  <testsuite name="Root Suite" timestamp="2020-05-18T21:05:17" tests="0" file="cypress/integration/apps/container_types/CT09.js" failures="0" time="0">
  </testsuite>
  <testsuite name="9 - I can create container types" timestamp="2020-05-18T21:05:17" tests="2" failures="1" time="20.865000000000002">
    <testcase name="9 - I can create container types CT-9-1 Should create a container type with tags" time="10.187" classname="CT-9-1 Should create a container type with tags">
    </testcase>
    <testcase name="9 - I can create container types CT-9-2 Should create a container type with description" time="5.339" classname="CT-9-2 Should create a container type with description">
    </testcase>
    <testcase name="9 - I can create container types &quot;after all&quot; hook for &quot;CT-9-2 Should create a container type with description&quot;" time="5.339" classname="&quot;after all&quot; hook for &quot;CT-9-2 Should create a container type with description&quot;">
      <failure message="cy.exec(&apos;esp  -P 8080 -H 127.0.0.1 -u admin@localhost -p admin seed -f -d cypress/fixtures/apps/container_types/CT09teardown.yml&apos;) failed because the command exited with a non-zero code.

Pass {failOnNonZeroExit: false} to ignore exit code failures.

Information about the failure:
Code: 1

Stderr:
Traceback (most recent call last):
  File &quot;/Users/cj/bitrepos/esp/develop/bin/.venv/bin/esp&quot;, line 11, in &lt;module&gt;
    load_entry_point(&apos;espclient&apos;, &apos;console_scripts&apos;, &apos;esp&apos;)()
  File &quot;/Users/cj/bi...

Because this error occurred during a &apos;after all&apos; hook we are skipping the remaining tests in the current suite: &apos;9 - I can create container ...&apos;" type="CypressError"><![CDATA[CypressError: cy.exec('esp  -P 8080 -H 127.0.0.1 -u admin@localhost -p admin seed -f -d cypress/fixtures/apps/container_types/CT09teardown.yml') failed because the command exited with a non-zero code.

Pass {failOnNonZeroExit: false} to ignore exit code failures.

Information about the failure:
Code: 1

Stderr:
Traceback (most recent call last):
  File "/Users/cj/bitrepos/esp/develop/bin/.venv/bin/esp", line 11, in <module>
    load_entry_point('espclient', 'console_scripts', 'esp')()
  File "/Users/cj/bi...

Because this error occurred during a 'after all' hook we are skipping the remaining tests in the current suite: '9 - I can create container ...'
    at cypressErr (http://127.0.0.1:8080/__cypress/runner/cypress_runner.js:138036:9)
    at throwErr (http://127.0.0.1:8080/__cypress/runner/cypress_runner.js:137969:11)
    at Object.throwErrByPath (http://127.0.0.1:8080/__cypress/runner/cypress_runner.js:138017:3)
    at http://127.0.0.1:8080/__cypress/runner/cypress_runner.js:125593:26
    at tryCatcher (http://127.0.0.1:8080/__cypress/runner/cypress_runner.js:164895:23)
    at Promise._settlePromiseFromHandler (http://127.0.0.1:8080/__cypress/runner/cypress_runner.js:162831:31)
    at Promise._settlePromise (http://127.0.0.1:8080/__cypress/runner/cypress_runner.js:162888:18)
    at Promise._settlePromise0 (http://127.0.0.1:8080/__cypress/runner/cypress_runner.js:162933:10)
    at Promise._settlePromises (http://127.0.0.1:8080/__cypress/runner/cypress_runner.js:163012:18)
    at Async../node_modules/bluebird/js/release/async.js.Async._drainQueue (http://127.0.0.1:8080/__cypress/runner/cypress_runner.js:159620:16)
    at Async../node_modules/bluebird/js/release/async.js.Async._drainQueues (http://127.0.0.1:8080/__cypress/runner/cypress_runner.js:159630:10)
    at Async.drainQueues (http://127.0.0.1:8080/__cypress/runner/cypress_runner.js:159504:14)]]></failure>
    </testcase>
  </testsuite>
</testsuites>