<?xml version="1.0" encoding="UTF-8"?>
<testsuites name="Mocha Tests" time="28.387999999999998" tests="2" failures="1">
  <testsuite name="Root Suite" timestamp="2020-03-28T20:02:18" tests="0" file="cypress/integration/apps/lims/LM50.js" failures="0" time="0">
  </testsuite>
  <testsuite name="50 - I can scan to add a sample to a worksheet with a barcode column" timestamp="2020-03-28T20:02:18" tests="2" failures="1" time="28.387999999999998">
    <testcase name="50 - I can scan to add a sample to a worksheet with a barcode column LM-50-1 Should update sample barcode by scanning uuid barcode to barcode column" time="16.732" classname="LM-50-1 Should update sample barcode by scanning uuid barcode to barcode column">
    </testcase>
    <testcase name="50 - I can scan to add a sample to a worksheet with a barcode column LM-50-2 Should update sample barcode by scanning NON-uuid barcode to barcode column" time="5.828" classname="LM-50-2 Should update sample barcode by scanning NON-uuid barcode to barcode column">
    </testcase>
    <testcase name="50 - I can scan to add a sample to a worksheet with a barcode column &quot;after all&quot; hook for &quot;LM-50-2 Should update sample barcode by scanning NON-uuid barcode to barcode column&quot;" time="5.828" classname="&quot;after all&quot; hook for &quot;LM-50-2 Should update sample barcode by scanning NON-uuid barcode to barcode column&quot;">
      <failure message="cy.exec(&apos;esp  -P 8080 -H 127.0.0.1 -u admin@localhost -p admin seed -f -d cypress/fixtures/apps/lims/LM50seed.yml&apos;) failed because the command exited with a non-zero code.

Pass {failOnNonZeroExit: false} to ignore exit code failures.

Information about the failure:
Code: 1

Stderr:
INFO:root:2020-03-28 15:02:43,063:Saving data in Experiment LM50-1 for Protocol: LM50 Standard Checkbox.
Traceback (most recent call last):
  File &quot;/Users/cj/bitrepos/esp/develop/bin/.venv/bin/esp&quot;...

Because this error occurred during a &apos;after all&apos; hook we are skipping the remaining tests in the current suite: &apos;50 - I can scan to add a sa...&apos;" type="CypressError"><![CDATA[CypressError: cy.exec('esp  -P 8080 -H 127.0.0.1 -u admin@localhost -p admin seed -f -d cypress/fixtures/apps/lims/LM50seed.yml') failed because the command exited with a non-zero code.

Pass {failOnNonZeroExit: false} to ignore exit code failures.

Information about the failure:
Code: 1

Stderr:
INFO:root:2020-03-28 15:02:43,063:Saving data in Experiment LM50-1 for Protocol: LM50 Standard Checkbox.
Traceback (most recent call last):
  File "/Users/cj/bitrepos/esp/develop/bin/.venv/bin/esp"...

Because this error occurred during a 'after all' hook we are skipping the remaining tests in the current suite: '50 - I can scan to add a sa...'
    at cypressErr (http://127.0.0.1:8080/__cypress/runner/cypress_runner.js:138036:9)
    at throwErr (http://127.0.0.1:8080/__cypress/runner/cypress_runner.js:137969:11)
    at Object.throwErrByPath (http://127.0.0.1:8080/__cypress/runner/cypress_runner.js:138017:3)
    at http://127.0.0.1:8080/__cypress/runner/cypress_runner.js:125593:26
    at tryCatcher (http://127.0.0.1:8080/__cypress/runner/cypress_runner.js:164895:23)
    at Promise._settlePromiseFromHandler (http://127.0.0.1:8080/__cypress/runner/cypress_runner.js:162831:31)
    at Promise._settlePromise (http://127.0.0.1:8080/__cypress/runner/cypress_runner.js:162888:18)
    at Promise._settlePromise0 (http://127.0.0.1:8080/__cypress/runner/cypress_runner.js:162933:10)
    at Promise._settlePromises (http://127.0.0.1:8080/__cypress/runner/cypress_runner.js:163012:18)
    at Async../node_modules/bluebird/js/release/async.js.Async._drainQueue (http://127.0.0.1:8080/__cypress/runner/cypress_runner.js:159620:16)
    at Async../node_modules/bluebird/js/release/async.js.Async._drainQueues (http://127.0.0.1:8080/__cypress/runner/cypress_runner.js:159630:10)
    at Async.drainQueues (http://127.0.0.1:8080/__cypress/runner/cypress_runner.js:159504:14)]]></failure>
    </testcase>
  </testsuite>
</testsuites>