<?xml version="1.0" encoding="UTF-8"?>
<testsuites name="Mocha Tests" time="76.399" tests="10" failures="1" skipped="2">
  <testsuite name="Root Suite" timestamp="2020-03-28T17:28:52" tests="0" file="cypress/integration/apps/expressions/EX09.js" failures="0" time="0">
  </testsuite>
  <testsuite name="9 - I should be able to use the Sample API" timestamp="2020-03-28T17:28:52" tests="10" failures="1" time="76.399">
    <testcase name="9 - I should be able to use the Sample API EX-9-1 Should use sample_parents(uuid, flatten=False)" time="20.027" classname="EX-9-1 Should use sample_parents(uuid, flatten=False)">
    </testcase>
    <testcase name="9 - I should be able to use the Sample API EX-9-2 Should use sample_parent_uuids(uuid)" time="5.131" classname="EX-9-2 Should use sample_parent_uuids(uuid)">
    </testcase>
    <testcase name="9 - I should be able to use the Sample API EX-9-3 Should use sample_children(uuid, flatten=False)" time="6.187" classname="EX-9-3 Should use sample_children(uuid, flatten=False)">
    </testcase>
    <testcase name="9 - I should be able to use the Sample API EX-9-4 Should use sample_children_uuid(uuid)" time="3.691" classname="EX-9-4 Should use sample_children_uuid(uuid)">
    </testcase>
    <testcase name="9 - I should be able to use the Sample API EX-9-5 Should use sample_generation(generation, sample_uuid=None, uuids_only=False, flatten=True)" time="18.329" classname="EX-9-5 Should use sample_generation(generation, sample_uuid=None, uuids_only=False, flatten=True)">
    </testcase>
    <testcase name="9 - I should be able to use the Sample API EX-9-8 Should use sample_type_name(sample_type_def_uuid=None, sample_uuid=None)" time="7.478" classname="EX-9-8 Should use sample_type_name(sample_type_def_uuid=None, sample_uuid=None)">
    </testcase>
    <testcase name="9 - I should be able to use the Sample API EX-9-9 Should use sample_types(tags=None, namesonly=True)" time="8.384" classname="EX-9-9 Should use sample_types(tags=None, namesonly=True)">
    </testcase>
    <testcase name="9 - I should be able to use the Sample API EX-9-10 Should use list_samples(sample_type)" time="3.586" classname="EX-9-10 Should use list_samples(sample_type)">
    </testcase>
    <testcase name="9 - I should be able to use the Sample API &quot;after all&quot; hook for &quot;EX-9-10 Should use list_samples(sample_type)&quot;" time="3.586" classname="&quot;after all&quot; hook for &quot;EX-9-10 Should use list_samples(sample_type)&quot;">
      <failure message="cy.exec(&apos;esp  -P 8080 -H 127.0.0.1 -u admin@localhost -p admin seed -f -d cypress/fixtures/apps/expressions/EX09seed.yml&apos;) failed because the command exited with a non-zero code.

Pass {failOnNonZeroExit: false} to ignore exit code failures.

Information about the failure:
Code: 1

Stderr:
INFO:root:2020-03-28 12:30:06,921:Saving data in Experiment EX9 for Protocol: EX9 standard.
Traceback (most recent call last):
  File &quot;/Users/cj/bitrepos/esp/develop/bin/.venv/bin/esp&quot;, line 11, in...

Because this error occurred during a &apos;after all&apos; hook we are skipping the remaining tests in the current suite: &apos;9 - I should be able to use...&apos;" type="CypressError"><![CDATA[CypressError: cy.exec('esp  -P 8080 -H 127.0.0.1 -u admin@localhost -p admin seed -f -d cypress/fixtures/apps/expressions/EX09seed.yml') failed because the command exited with a non-zero code.

Pass {failOnNonZeroExit: false} to ignore exit code failures.

Information about the failure:
Code: 1

Stderr:
INFO:root:2020-03-28 12:30:06,921:Saving data in Experiment EX9 for Protocol: EX9 standard.
Traceback (most recent call last):
  File "/Users/cj/bitrepos/esp/develop/bin/.venv/bin/esp", line 11, in...

Because this error occurred during a 'after all' hook we are skipping the remaining tests in the current suite: '9 - I should be able to use...'
    at cypressErr (http://127.0.0.1:8080/__cypress/runner/cypress_runner.js:138036:9)
    at throwErr (http://127.0.0.1:8080/__cypress/runner/cypress_runner.js:137969:11)
    at Object.throwErrByPath (http://127.0.0.1:8080/__cypress/runner/cypress_runner.js:138017:3)
    at http://127.0.0.1:8080/__cypress/runner/cypress_runner.js:125593:26
    at tryCatcher (http://127.0.0.1:8080/__cypress/runner/cypress_runner.js:164895:23)
    at Promise._settlePromiseFromHandler (http://127.0.0.1:8080/__cypress/runner/cypress_runner.js:162831:31)
    at Promise._settlePromise (http://127.0.0.1:8080/__cypress/runner/cypress_runner.js:162888:18)
    at Promise._settlePromise0 (http://127.0.0.1:8080/__cypress/runner/cypress_runner.js:162933:10)
    at Promise._settlePromises (http://127.0.0.1:8080/__cypress/runner/cypress_runner.js:163012:18)
    at Async../node_modules/bluebird/js/release/async.js.Async._drainQueue (http://127.0.0.1:8080/__cypress/runner/cypress_runner.js:159620:16)
    at Async../node_modules/bluebird/js/release/async.js.Async._drainQueues (http://127.0.0.1:8080/__cypress/runner/cypress_runner.js:159630:10)
    at Async.drainQueues (http://127.0.0.1:8080/__cypress/runner/cypress_runner.js:159504:14)]]></failure>
    </testcase>
  </testsuite>
</testsuites>