<?xml version="1.0" encoding="UTF-8"?>
<testsuites name="Mocha Tests" time="0" tests="8" failures="2">
  <testsuite name="Root Suite" timestamp="2020-06-24T16:09:54" tests="0" file="cypress/integration/apps/lims/LM42_2.js" failures="0" time="0">
  </testsuite>
  <testsuite name="42 - I can use approval column in worksheets" timestamp="2020-06-24T16:09:54" tests="8" failures="2" time="0">
    <testcase name="42 - I can use approval column in worksheets &quot;before all&quot; hook for &quot;LM-42-10 Should unapprove sample if the sample row is modified&quot;" time="0" classname="&quot;before all&quot; hook for &quot;LM-42-10 Should unapprove sample if the sample row is modified&quot;">
      <failure message="cy.exec(&apos;esp -s -P 443 -H chris.test.l7informatics.com -u admin@localhost -p L4b7R0cks! seed --no-overwrite cypress/fixtures/apps/lims/LM42_2seed.yml&apos;) failed because the command exited with a non-zero code.

Pass {failOnNonZeroExit: false} to ignore exit code failures.

Information about the failure:
Code: 1

Stderr:
INFO:root:2020-06-24 11:09:56,227:Creating Protocol: LM42-9 standard
INFO:root:2020-06-24 11:09:56,550:Object &lt;Protocol(name=LM42-9 standard)&gt; already exists; will not overwrite.
INFO:root:2020-06-...

Because this error occurred during a &apos;before all&apos; hook we are skipping the remaining tests in the current suite: &apos;42 - I can use approval col...&apos;" type="CypressError"><![CDATA[CypressError: cy.exec('esp -s -P 443 -H chris.test.l7informatics.com -u admin@localhost -p L4b7R0cks! seed --no-overwrite cypress/fixtures/apps/lims/LM42_2seed.yml') failed because the command exited with a non-zero code.

Pass {failOnNonZeroExit: false} to ignore exit code failures.

Information about the failure:
Code: 1

Stderr:
INFO:root:2020-06-24 11:09:56,227:Creating Protocol: LM42-9 standard
INFO:root:2020-06-24 11:09:56,550:Object <Protocol(name=LM42-9 standard)> already exists; will not overwrite.
INFO:root:2020-06-...

Because this error occurred during a 'before all' hook we are skipping the remaining tests in the current suite: '42 - I can use approval col...'
    at cypressErr (https://chris.test.l7informatics.com/__cypress/runner/cypress_runner.js:138036:9)
    at throwErr (https://chris.test.l7informatics.com/__cypress/runner/cypress_runner.js:137969:11)
    at Object.throwErrByPath (https://chris.test.l7informatics.com/__cypress/runner/cypress_runner.js:138017:3)
    at https://chris.test.l7informatics.com/__cypress/runner/cypress_runner.js:125593:26
    at tryCatcher (https://chris.test.l7informatics.com/__cypress/runner/cypress_runner.js:164895:23)
    at Promise._settlePromiseFromHandler (https://chris.test.l7informatics.com/__cypress/runner/cypress_runner.js:162831:31)
    at Promise._settlePromise (https://chris.test.l7informatics.com/__cypress/runner/cypress_runner.js:162888:18)
    at Promise._settlePromise0 (https://chris.test.l7informatics.com/__cypress/runner/cypress_runner.js:162933:10)
    at Promise._settlePromises (https://chris.test.l7informatics.com/__cypress/runner/cypress_runner.js:163012:18)
    at Async../node_modules/bluebird/js/release/async.js.Async._drainQueue (https://chris.test.l7informatics.com/__cypress/runner/cypress_runner.js:159620:16)
    at Async../node_modules/bluebird/js/release/async.js.Async._drainQueues (https://chris.test.l7informatics.com/__cypress/runner/cypress_runner.js:159630:10)
    at Async.drainQueues (https://chris.test.l7informatics.com/__cypress/runner/cypress_runner.js:159504:14)]]></failure>
    </testcase>
    <testcase name="42 - I can use approval column in worksheets &quot;after all&quot; hook for &quot;LM-42-10 Should unapprove sample if the sample row is modified&quot;" time="0" classname="&quot;after all&quot; hook for &quot;LM-42-10 Should unapprove sample if the sample row is modified&quot;">
      <failure message="cy.exec(&apos;esp -s -P 443 -H chris.test.l7informatics.com -u admin@localhost -p L4b7R0cks! seed -f -d cypress/fixtures/apps/lims/LM42_2seed.yml&apos;) failed because the command exited with a non-zero code.

Pass {failOnNonZeroExit: false} to ignore exit code failures.

Information about the failure:
Code: 1

Stderr:
INFO:root:2020-06-24 11:10:25,879:Dropping SampleSheet: LM42-10 sheet
INFO:root:2020-06-24 11:10:26,021:Dropping Experiment: LM42-10
INFO:root:2020-06-24 11:10:27,250:Dropping SampleSheet: LM42-11 ...

Because this error occurred during a &apos;after all&apos; hook we are skipping the remaining tests in the current suite: &apos;42 - I can use approval col...&apos;" type="CypressError"><![CDATA[CypressError: cy.exec('esp -s -P 443 -H chris.test.l7informatics.com -u admin@localhost -p L4b7R0cks! seed -f -d cypress/fixtures/apps/lims/LM42_2seed.yml') failed because the command exited with a non-zero code.

Pass {failOnNonZeroExit: false} to ignore exit code failures.

Information about the failure:
Code: 1

Stderr:
INFO:root:2020-06-24 11:10:25,879:Dropping SampleSheet: LM42-10 sheet
INFO:root:2020-06-24 11:10:26,021:Dropping Experiment: LM42-10
INFO:root:2020-06-24 11:10:27,250:Dropping SampleSheet: LM42-11 ...

Because this error occurred during a 'after all' hook we are skipping the remaining tests in the current suite: '42 - I can use approval col...'
    at cypressErr (https://chris.test.l7informatics.com/__cypress/runner/cypress_runner.js:138036:9)
    at throwErr (https://chris.test.l7informatics.com/__cypress/runner/cypress_runner.js:137969:11)
    at Object.throwErrByPath (https://chris.test.l7informatics.com/__cypress/runner/cypress_runner.js:138017:3)
    at https://chris.test.l7informatics.com/__cypress/runner/cypress_runner.js:125593:26
    at tryCatcher (https://chris.test.l7informatics.com/__cypress/runner/cypress_runner.js:164895:23)
    at Promise._settlePromiseFromHandler (https://chris.test.l7informatics.com/__cypress/runner/cypress_runner.js:162831:31)
    at Promise._settlePromise (https://chris.test.l7informatics.com/__cypress/runner/cypress_runner.js:162888:18)
    at Promise._settlePromise0 (https://chris.test.l7informatics.com/__cypress/runner/cypress_runner.js:162933:10)
    at Promise._settlePromises (https://chris.test.l7informatics.com/__cypress/runner/cypress_runner.js:163012:18)
    at Async../node_modules/bluebird/js/release/async.js.Async._drainQueue (https://chris.test.l7informatics.com/__cypress/runner/cypress_runner.js:159620:16)
    at Async../node_modules/bluebird/js/release/async.js.Async._drainQueues (https://chris.test.l7informatics.com/__cypress/runner/cypress_runner.js:159630:10)
    at Async.drainQueues (https://chris.test.l7informatics.com/__cypress/runner/cypress_runner.js:159504:14)]]></failure>
    </testcase>
  </testsuite>
</testsuites>