<?xml version="1.0" encoding="UTF-8"?>
<testsuites name="Mocha Tests" time="0" tests="9" failures="2">
  <testsuite name="Root Suite" timestamp="2020-03-29T00:40:24" tests="0" file="cypress/integration/apps/projects/PR22.js" failures="0" time="0">
  </testsuite>
  <testsuite name="22 - I can access the experiment details page" timestamp="2020-03-29T00:40:24" tests="9" failures="2" time="0">
    <testcase name="22 - I can access the experiment details page &quot;before all&quot; hook for &quot;PR-22-1 Should see details on the left&quot;" time="0" classname="&quot;before all&quot; hook for &quot;PR-22-1 Should see details on the left&quot;">
      <failure message="cy.exec(&apos;esp  -P 8080 -H 127.0.0.1 -u admin@localhost -p admin seed --no-overwrite cypress/fixtures/apps/projects/PR22seed.yml&apos;) failed because the command exited with a non-zero code.

Pass {failOnNonZeroExit: false} to ignore exit code failures.

Information about the failure:
Code: 1

Stderr:
INFO:root:2020-03-28 19:40:24,533:Creating Task: PR22 CSV task
INFO:root:2020-03-28 19:40:25,301:Creating Pipeline: PR22 report pipeline
INFO:root:2020-03-28 19:40:25,549:Creating PipelineReport: P...

Because this error occurred during a &apos;before all&apos; hook we are skipping the remaining tests in the current suite: &apos;22 - I can access the exper...&apos;" type="CypressError"><![CDATA[CypressError: cy.exec('esp  -P 8080 -H 127.0.0.1 -u admin@localhost -p admin seed --no-overwrite cypress/fixtures/apps/projects/PR22seed.yml') failed because the command exited with a non-zero code.

Pass {failOnNonZeroExit: false} to ignore exit code failures.

Information about the failure:
Code: 1

Stderr:
INFO:root:2020-03-28 19:40:24,533:Creating Task: PR22 CSV task
INFO:root:2020-03-28 19:40:25,301:Creating Pipeline: PR22 report pipeline
INFO:root:2020-03-28 19:40:25,549:Creating PipelineReport: P...

Because this error occurred during a 'before all' hook we are skipping the remaining tests in the current suite: '22 - I can access the exper...'
    at cypressErr (http://127.0.0.1:8080/__cypress/runner/cypress_runner.js:138036:9)
    at throwErr (http://127.0.0.1:8080/__cypress/runner/cypress_runner.js:137969:11)
    at Object.throwErrByPath (http://127.0.0.1:8080/__cypress/runner/cypress_runner.js:138017:3)
    at http://127.0.0.1:8080/__cypress/runner/cypress_runner.js:125593:26
    at tryCatcher (http://127.0.0.1:8080/__cypress/runner/cypress_runner.js:164895:23)
    at Promise._settlePromiseFromHandler (http://127.0.0.1:8080/__cypress/runner/cypress_runner.js:162831:31)
    at Promise._settlePromise (http://127.0.0.1:8080/__cypress/runner/cypress_runner.js:162888:18)
    at Promise._settlePromise0 (http://127.0.0.1:8080/__cypress/runner/cypress_runner.js:162933:10)
    at Promise._settlePromises (http://127.0.0.1:8080/__cypress/runner/cypress_runner.js:163012:18)
    at Async../node_modules/bluebird/js/release/async.js.Async._drainQueue (http://127.0.0.1:8080/__cypress/runner/cypress_runner.js:159620:16)
    at Async../node_modules/bluebird/js/release/async.js.Async._drainQueues (http://127.0.0.1:8080/__cypress/runner/cypress_runner.js:159630:10)
    at Async.drainQueues (http://127.0.0.1:8080/__cypress/runner/cypress_runner.js:159504:14)]]></failure>
    </testcase>
    <testcase name="22 - I can access the experiment details page &quot;after all&quot; hook for &quot;PR-22-1 Should see details on the left&quot;" time="0" classname="&quot;after all&quot; hook for &quot;PR-22-1 Should see details on the left&quot;">
      <failure message="cy.exec(&apos;esp  -P 8080 -H 127.0.0.1 -u admin@localhost -p admin seed -f -d cypress/fixtures/apps/projects/PR22seed.yml&apos;) failed because the command exited with a non-zero code.

Pass {failOnNonZeroExit: false} to ignore exit code failures.

Information about the failure:
Code: 1

Stderr:
INFO:root:2020-03-28 19:40:32,563:Saving data in Experiment PR22 run protocols for Protocol: PR22 standard protocol.
Traceback (most recent call last):
  File &quot;/Users/cj/bitrepos/esp/develop/bin/.v...

Because this error occurred during a &apos;after all&apos; hook we are skipping the remaining tests in the current suite: &apos;22 - I can access the exper...&apos;" type="CypressError"><![CDATA[CypressError: cy.exec('esp  -P 8080 -H 127.0.0.1 -u admin@localhost -p admin seed -f -d cypress/fixtures/apps/projects/PR22seed.yml') failed because the command exited with a non-zero code.

Pass {failOnNonZeroExit: false} to ignore exit code failures.

Information about the failure:
Code: 1

Stderr:
INFO:root:2020-03-28 19:40:32,563:Saving data in Experiment PR22 run protocols for Protocol: PR22 standard protocol.
Traceback (most recent call last):
  File "/Users/cj/bitrepos/esp/develop/bin/.v...

Because this error occurred during a 'after all' hook we are skipping the remaining tests in the current suite: '22 - I can access the exper...'
    at cypressErr (http://127.0.0.1:8080/__cypress/runner/cypress_runner.js:138036:9)
    at throwErr (http://127.0.0.1:8080/__cypress/runner/cypress_runner.js:137969:11)
    at Object.throwErrByPath (http://127.0.0.1:8080/__cypress/runner/cypress_runner.js:138017:3)
    at http://127.0.0.1:8080/__cypress/runner/cypress_runner.js:125593:26
    at tryCatcher (http://127.0.0.1:8080/__cypress/runner/cypress_runner.js:164895:23)
    at Promise._settlePromiseFromHandler (http://127.0.0.1:8080/__cypress/runner/cypress_runner.js:162831:31)
    at Promise._settlePromise (http://127.0.0.1:8080/__cypress/runner/cypress_runner.js:162888:18)
    at Promise._settlePromise0 (http://127.0.0.1:8080/__cypress/runner/cypress_runner.js:162933:10)
    at Promise._settlePromises (http://127.0.0.1:8080/__cypress/runner/cypress_runner.js:163012:18)
    at Async../node_modules/bluebird/js/release/async.js.Async._drainQueue (http://127.0.0.1:8080/__cypress/runner/cypress_runner.js:159620:16)
    at Async../node_modules/bluebird/js/release/async.js.Async._drainQueues (http://127.0.0.1:8080/__cypress/runner/cypress_runner.js:159630:10)
    at Async.drainQueues (http://127.0.0.1:8080/__cypress/runner/cypress_runner.js:159504:14)]]></failure>
    </testcase>
  </testsuite>
</testsuites>