<?xml version="1.0" encoding="UTF-8"?>
<testsuites name="Mocha Tests" time="112.44" tests="5" failures="2">
  <testsuite name="Root Suite" timestamp="2020-04-01T13:34:21" tests="0" file="cypress/integration/apps/sample_sets/LM58c.js" failures="0" time="0">
  </testsuite>
  <testsuite name="58c - archive worksheets with multiple sample protocols" timestamp="2020-04-01T13:34:21" tests="5" failures="2" time="112.44">
    <testcase name="58c - archive worksheets with multiple sample protocols LM-58c-1 - Archive after all samples are complete" time="66.141" classname="LM-58c-1 - Archive after all samples are complete">
    </testcase>
    <testcase name="58c - archive worksheets with multiple sample protocols LM-58c-2 - Archive after all samples fail in second protocol" time="20.347" classname="LM-58c-2 - Archive after all samples fail in second protocol">
    </testcase>
    <testcase name="58c - archive worksheets with multiple sample protocols LM-58c-3 - Archive after first 3 samples fail in second protocol" time="0" classname="LM-58c-3 - Archive after first 3 samples fail in second protocol">
      <failure message="Timed out retrying: cy.click() failed because this element is disabled:

&lt;button data-v-363ada02=&quot;&quot; data-v-69bb95dc=&quot;&quot; disabled=&quot;disabled&quot; class=&quot;btn primary&quot; data-test=&quot;worksheet-tab--save-continue-button&quot;&gt;...&lt;/button&gt;

Fix this problem, or use {force: true} to disable error checking.

https://on.cypress.io/element-cannot-be-interacted-with" type="CypressError"><![CDATA[CypressError: Timed out retrying: cy.click() failed because this element is disabled:

<button data-v-363ada02="" data-v-69bb95dc="" disabled="disabled" class="btn primary" data-test="worksheet-tab--save-continue-button">...</button>

Fix this problem, or use {force: true} to disable error checking.

https://on.cypress.io/element-cannot-be-interacted-with
    at cypressErr (https://chris.test.l7informatics.com/__cypress/runner/cypress_runner.js:138036:9)
    at throwErr (https://chris.test.l7informatics.com/__cypress/runner/cypress_runner.js:137969:11)
    at Object.throwErrByPath (https://chris.test.l7informatics.com/__cypress/runner/cypress_runner.js:138017:3)
    at Object.retry (https://chris.test.l7informatics.com/__cypress/runner/cypress_runner.js:132299:19)
    at retryActionability (https://chris.test.l7informatics.com/__cypress/runner/cypress_runner.js:120118:19)
    at tryCatcher (https://chris.test.l7informatics.com/__cypress/runner/cypress_runner.js:164895:23)
    at Function.Promise.attempt.Promise.try (https://chris.test.l7informatics.com/__cypress/runner/cypress_runner.js:162170:29)
    at tryFn (https://chris.test.l7informatics.com/__cypress/runner/cypress_runner.js:132763:21)
    at whenStable (https://chris.test.l7informatics.com/__cypress/runner/cypress_runner.js:132798:12)
    at https://chris.test.l7informatics.com/__cypress/runner/cypress_runner.js:132342:16
    at tryCatcher (https://chris.test.l7informatics.com/__cypress/runner/cypress_runner.js:164895:23)
    at Promise._settlePromiseFromHandler (https://chris.test.l7informatics.com/__cypress/runner/cypress_runner.js:162831:31)
    at Promise._settlePromise (https://chris.test.l7informatics.com/__cypress/runner/cypress_runner.js:162888:18)
    at Promise._settlePromise0 (https://chris.test.l7informatics.com/__cypress/runner/cypress_runner.js:162933:10)
    at Promise._settlePromises (https://chris.test.l7informatics.com/__cypress/runner/cypress_runner.js:163012:18)
    at Promise._fulfill (https://chris.test.l7informatics.com/__cypress/runner/cypress_runner.js:162957:18)]]></failure>
    </testcase>
    <testcase name="58c - archive worksheets with multiple sample protocols LM-58c-4 - Archive after last sample fails in second protocol" time="0" classname="LM-58c-4 - Archive after last sample fails in second protocol">
      <failure message="Timed out retrying: cy.click() failed because this element is disabled:

&lt;button data-v-363ada02=&quot;&quot; data-v-69bb95dc=&quot;&quot; disabled=&quot;disabled&quot; class=&quot;btn primary&quot; data-test=&quot;worksheet-tab--save-continue-button&quot;&gt;...&lt;/button&gt;

Fix this problem, or use {force: true} to disable error checking.

https://on.cypress.io/element-cannot-be-interacted-with" type="CypressError"><![CDATA[CypressError: Timed out retrying: cy.click() failed because this element is disabled:

<button data-v-363ada02="" data-v-69bb95dc="" disabled="disabled" class="btn primary" data-test="worksheet-tab--save-continue-button">...</button>

Fix this problem, or use {force: true} to disable error checking.

https://on.cypress.io/element-cannot-be-interacted-with
    at cypressErr (https://chris.test.l7informatics.com/__cypress/runner/cypress_runner.js:138036:9)
    at throwErr (https://chris.test.l7informatics.com/__cypress/runner/cypress_runner.js:137969:11)
    at Object.throwErrByPath (https://chris.test.l7informatics.com/__cypress/runner/cypress_runner.js:138017:3)
    at Object.retry (https://chris.test.l7informatics.com/__cypress/runner/cypress_runner.js:132299:19)
    at retryActionability (https://chris.test.l7informatics.com/__cypress/runner/cypress_runner.js:120118:19)
    at tryCatcher (https://chris.test.l7informatics.com/__cypress/runner/cypress_runner.js:164895:23)
    at Function.Promise.attempt.Promise.try (https://chris.test.l7informatics.com/__cypress/runner/cypress_runner.js:162170:29)
    at tryFn (https://chris.test.l7informatics.com/__cypress/runner/cypress_runner.js:132763:21)
    at whenStable (https://chris.test.l7informatics.com/__cypress/runner/cypress_runner.js:132798:12)
    at https://chris.test.l7informatics.com/__cypress/runner/cypress_runner.js:132342:16
    at tryCatcher (https://chris.test.l7informatics.com/__cypress/runner/cypress_runner.js:164895:23)
    at Promise._settlePromiseFromHandler (https://chris.test.l7informatics.com/__cypress/runner/cypress_runner.js:162831:31)
    at Promise._settlePromise (https://chris.test.l7informatics.com/__cypress/runner/cypress_runner.js:162888:18)
    at Promise._settlePromise0 (https://chris.test.l7informatics.com/__cypress/runner/cypress_runner.js:162933:10)
    at Promise._settlePromises (https://chris.test.l7informatics.com/__cypress/runner/cypress_runner.js:163012:18)
    at Promise._fulfill (https://chris.test.l7informatics.com/__cypress/runner/cypress_runner.js:162957:18)]]></failure>
    </testcase>
    <testcase name="58c - archive worksheets with multiple sample protocols LM-58c-5 - Archive after all samples fail in third protocol" time="25.952" classname="LM-58c-5 - Archive after all samples fail in third protocol">
    </testcase>
  </testsuite>
</testsuites>