<?xml version="1.0" encoding="UTF-8"?>
<testsuites name="Mocha Tests" time="173.132" tests="9" failures="4">
  <testsuite name="Root Suite" timestamp="2020-04-03T19:04:35" tests="0" file="cypress/integration/apps/lims/LM42.js" failures="0" time="0">
  </testsuite>
  <testsuite name="42 - I can use approval column in worksheets" timestamp="2020-04-03T19:04:35" tests="9" failures="4" time="173.132">
    <testcase name="42 - I can use approval column in worksheets LM-42-1 Should approve and autosave" time="59.382" classname="LM-42-1 Should approve and autosave">
    </testcase>
    <testcase name="42 - I can use approval column in worksheets LM-42-2 Should approve, complete, and save sheet" time="18.088" classname="LM-42-2 Should approve, complete, and save sheet">
    </testcase>
    <testcase name="42 - I can use approval column in worksheets LM-42-3 Should fail to complete and save without approval" time="0" classname="LM-42-3 Should fail to complete and save without approval">
      <failure message="Timed out retrying: cy.click() failed because this element is disabled:

&lt;button data-v-363ada02=&quot;&quot; data-v-5d623e60=&quot;&quot; disabled=&quot;disabled&quot; class=&quot;btn primary&quot; data-test=&quot;worksheet-tab--save-button&quot;&gt;...&lt;/button&gt;

Fix this problem, or use {force: true} to disable error checking.

https://on.cypress.io/element-cannot-be-interacted-with" type="CypressError"><![CDATA[CypressError: Timed out retrying: cy.click() failed because this element is disabled:

<button data-v-363ada02="" data-v-5d623e60="" disabled="disabled" class="btn primary" data-test="worksheet-tab--save-button">...</button>

Fix this problem, or use {force: true} to disable error checking.

https://on.cypress.io/element-cannot-be-interacted-with
    at cypressErr (https://chris.test.l7informatics.com/__cypress/runner/cypress_runner.js:138036:9)
    at throwErr (https://chris.test.l7informatics.com/__cypress/runner/cypress_runner.js:137969:11)
    at Object.throwErrByPath (https://chris.test.l7informatics.com/__cypress/runner/cypress_runner.js:138017:3)
    at Object.retry (https://chris.test.l7informatics.com/__cypress/runner/cypress_runner.js:132299:19)
    at retryActionability (https://chris.test.l7informatics.com/__cypress/runner/cypress_runner.js:120118:19)
    at tryCatcher (https://chris.test.l7informatics.com/__cypress/runner/cypress_runner.js:164895:23)
    at Function.Promise.attempt.Promise.try (https://chris.test.l7informatics.com/__cypress/runner/cypress_runner.js:162170:29)
    at tryFn (https://chris.test.l7informatics.com/__cypress/runner/cypress_runner.js:132763:21)
    at whenStable (https://chris.test.l7informatics.com/__cypress/runner/cypress_runner.js:132798:12)
    at https://chris.test.l7informatics.com/__cypress/runner/cypress_runner.js:132342:16
    at tryCatcher (https://chris.test.l7informatics.com/__cypress/runner/cypress_runner.js:164895:23)
    at Promise._settlePromiseFromHandler (https://chris.test.l7informatics.com/__cypress/runner/cypress_runner.js:162831:31)
    at Promise._settlePromise (https://chris.test.l7informatics.com/__cypress/runner/cypress_runner.js:162888:18)
    at Promise._settlePromise0 (https://chris.test.l7informatics.com/__cypress/runner/cypress_runner.js:162933:10)
    at Promise._settlePromises (https://chris.test.l7informatics.com/__cypress/runner/cypress_runner.js:163012:18)
    at Promise._fulfill (https://chris.test.l7informatics.com/__cypress/runner/cypress_runner.js:162957:18)]]></failure>
    </testcase>
    <testcase name="42 - I can use approval column in worksheets LM-42-4 Should fail samples then approve a different sample" time="0" classname="LM-42-4 Should fail samples then approve a different sample">
      <failure message="Timed out retrying: cy.click() failed because this element is disabled:

&lt;button data-v-363ada02=&quot;&quot; data-v-ac6cc496=&quot;&quot; disabled=&quot;disabled&quot; class=&quot;btn primary&quot;&gt;...&lt;/button&gt;

Fix this problem, or use {force: true} to disable error checking.

https://on.cypress.io/element-cannot-be-interacted-with" type="CypressError"><![CDATA[CypressError: Timed out retrying: cy.click() failed because this element is disabled:

<button data-v-363ada02="" data-v-ac6cc496="" disabled="disabled" class="btn primary">...</button>

Fix this problem, or use {force: true} to disable error checking.

https://on.cypress.io/element-cannot-be-interacted-with
    at cypressErr (https://chris.test.l7informatics.com/__cypress/runner/cypress_runner.js:138036:9)
    at throwErr (https://chris.test.l7informatics.com/__cypress/runner/cypress_runner.js:137969:11)
    at Object.throwErrByPath (https://chris.test.l7informatics.com/__cypress/runner/cypress_runner.js:138017:3)
    at Object.retry (https://chris.test.l7informatics.com/__cypress/runner/cypress_runner.js:132299:19)
    at retryActionability (https://chris.test.l7informatics.com/__cypress/runner/cypress_runner.js:120118:19)
    at tryCatcher (https://chris.test.l7informatics.com/__cypress/runner/cypress_runner.js:164895:23)
    at Function.Promise.attempt.Promise.try (https://chris.test.l7informatics.com/__cypress/runner/cypress_runner.js:162170:29)
    at tryFn (https://chris.test.l7informatics.com/__cypress/runner/cypress_runner.js:132763:21)
    at whenStable (https://chris.test.l7informatics.com/__cypress/runner/cypress_runner.js:132798:12)
    at https://chris.test.l7informatics.com/__cypress/runner/cypress_runner.js:132342:16
    at tryCatcher (https://chris.test.l7informatics.com/__cypress/runner/cypress_runner.js:164895:23)
    at Promise._settlePromiseFromHandler (https://chris.test.l7informatics.com/__cypress/runner/cypress_runner.js:162831:31)
    at Promise._settlePromise (https://chris.test.l7informatics.com/__cypress/runner/cypress_runner.js:162888:18)
    at Promise._settlePromise0 (https://chris.test.l7informatics.com/__cypress/runner/cypress_runner.js:162933:10)
    at Promise._settlePromises (https://chris.test.l7informatics.com/__cypress/runner/cypress_runner.js:163012:18)
    at Promise._fulfill (https://chris.test.l7informatics.com/__cypress/runner/cypress_runner.js:162957:18)]]></failure>
    </testcase>
    <testcase name="42 - I can use approval column in worksheets LM-42-5 Should move approved samples to next protocol" time="21.028" classname="LM-42-5 Should move approved samples to next protocol">
    </testcase>
    <testcase name="42 - I can use approval column in worksheets LM-42-6 Should fail to approve with user not in workgroup" time="0" classname="LM-42-6 Should fail to approve with user not in workgroup">
      <failure message="Timed out retrying: cy.click() failed because this element is disabled:

&lt;button data-v-363ada02=&quot;&quot; data-v-ac6cc496=&quot;&quot; disabled=&quot;disabled&quot; class=&quot;btn primary&quot;&gt;...&lt;/button&gt;

Fix this problem, or use {force: true} to disable error checking.

https://on.cypress.io/element-cannot-be-interacted-with" type="CypressError"><![CDATA[CypressError: Timed out retrying: cy.click() failed because this element is disabled:

<button data-v-363ada02="" data-v-ac6cc496="" disabled="disabled" class="btn primary">...</button>

Fix this problem, or use {force: true} to disable error checking.

https://on.cypress.io/element-cannot-be-interacted-with
    at cypressErr (https://chris.test.l7informatics.com/__cypress/runner/cypress_runner.js:138036:9)
    at throwErr (https://chris.test.l7informatics.com/__cypress/runner/cypress_runner.js:137969:11)
    at Object.throwErrByPath (https://chris.test.l7informatics.com/__cypress/runner/cypress_runner.js:138017:3)
    at Object.retry (https://chris.test.l7informatics.com/__cypress/runner/cypress_runner.js:132299:19)
    at retryActionability (https://chris.test.l7informatics.com/__cypress/runner/cypress_runner.js:120118:19)
    at tryCatcher (https://chris.test.l7informatics.com/__cypress/runner/cypress_runner.js:164895:23)
    at Function.Promise.attempt.Promise.try (https://chris.test.l7informatics.com/__cypress/runner/cypress_runner.js:162170:29)
    at tryFn (https://chris.test.l7informatics.com/__cypress/runner/cypress_runner.js:132763:21)
    at whenStable (https://chris.test.l7informatics.com/__cypress/runner/cypress_runner.js:132798:12)
    at https://chris.test.l7informatics.com/__cypress/runner/cypress_runner.js:132342:16
    at tryCatcher (https://chris.test.l7informatics.com/__cypress/runner/cypress_runner.js:164895:23)
    at Promise._settlePromiseFromHandler (https://chris.test.l7informatics.com/__cypress/runner/cypress_runner.js:162831:31)
    at Promise._settlePromise (https://chris.test.l7informatics.com/__cypress/runner/cypress_runner.js:162888:18)
    at Promise._settlePromise0 (https://chris.test.l7informatics.com/__cypress/runner/cypress_runner.js:162933:10)
    at Promise._settlePromises (https://chris.test.l7informatics.com/__cypress/runner/cypress_runner.js:163012:18)
    at Promise._fulfill (https://chris.test.l7informatics.com/__cypress/runner/cypress_runner.js:162957:18)]]></failure>
    </testcase>
    <testcase name="42 - I can use approval column in worksheets LM-42-7 Should fail to approve when user is not logged in" time="16.637" classname="LM-42-7 Should fail to approve when user is not logged in">
    </testcase>
    <testcase name="42 - I can use approval column in worksheets LM-42-8 Should fail to approve with incorrect password" time="18.497" classname="LM-42-8 Should fail to approve with incorrect password">
    </testcase>
    <testcase name="42 - I can use approval column in worksheets LM-42-9 Should fail to approve before all required columns have values" time="19.75" classname="LM-42-9 Should fail to approve before all required columns have values">
    </testcase>
    <testcase name="42 - I can use approval column in worksheets &quot;after all&quot; hook for &quot;LM-42-9 Should fail to approve before all required columns have values&quot;" time="19.75" classname="&quot;after all&quot; hook for &quot;LM-42-9 Should fail to approve before all required columns have values&quot;">
      <failure message="cy.exec(&apos;esp -s -P 443 -H chris.test.l7informatics.com -u admin@localhost -p L4b7R0cks! seed -f -d cypress/fixtures/apps/lims/LM42seed.yml&apos;) failed because the command exited with a non-zero code.

Pass {failOnNonZeroExit: false} to ignore exit code failures.

Information about the failure:
Code: 1

Stderr:
Traceback (most recent call last):
  File &quot;/Users/cj/bitrepos/esp/develop/bin/.venv/bin/esp&quot;, line 11, in &lt;module&gt;
    load_entry_point(&apos;espclient&apos;, &apos;console_scripts&apos;, &apos;esp&apos;)()
  File &quot;/Users/cj/bi...

Because this error occurred during a &apos;after all&apos; hook we are skipping the remaining tests in the current suite: &apos;42 - I can use approval col...&apos;" type="CypressError"><![CDATA[CypressError: cy.exec('esp -s -P 443 -H chris.test.l7informatics.com -u admin@localhost -p L4b7R0cks! seed -f -d cypress/fixtures/apps/lims/LM42seed.yml') failed because the command exited with a non-zero code.

Pass {failOnNonZeroExit: false} to ignore exit code failures.

Information about the failure:
Code: 1

Stderr:
Traceback (most recent call last):
  File "/Users/cj/bitrepos/esp/develop/bin/.venv/bin/esp", line 11, in <module>
    load_entry_point('espclient', 'console_scripts', 'esp')()
  File "/Users/cj/bi...

Because this error occurred during a 'after all' hook we are skipping the remaining tests in the current suite: '42 - I can use approval col...'
    at cypressErr (https://chris.test.l7informatics.com/__cypress/runner/cypress_runner.js:138036:9)
    at throwErr (https://chris.test.l7informatics.com/__cypress/runner/cypress_runner.js:137969:11)
    at Object.throwErrByPath (https://chris.test.l7informatics.com/__cypress/runner/cypress_runner.js:138017:3)
    at https://chris.test.l7informatics.com/__cypress/runner/cypress_runner.js:125593:26
    at tryCatcher (https://chris.test.l7informatics.com/__cypress/runner/cypress_runner.js:164895:23)
    at Promise._settlePromiseFromHandler (https://chris.test.l7informatics.com/__cypress/runner/cypress_runner.js:162831:31)
    at Promise._settlePromise (https://chris.test.l7informatics.com/__cypress/runner/cypress_runner.js:162888:18)
    at Promise._settlePromise0 (https://chris.test.l7informatics.com/__cypress/runner/cypress_runner.js:162933:10)
    at Promise._settlePromises (https://chris.test.l7informatics.com/__cypress/runner/cypress_runner.js:163012:18)
    at Async../node_modules/bluebird/js/release/async.js.Async._drainQueue (https://chris.test.l7informatics.com/__cypress/runner/cypress_runner.js:159620:16)
    at Async../node_modules/bluebird/js/release/async.js.Async._drainQueues (https://chris.test.l7informatics.com/__cypress/runner/cypress_runner.js:159630:10)
    at Async.drainQueues (https://chris.test.l7informatics.com/__cypress/runner/cypress_runner.js:159504:14)]]></failure>
    </testcase>
  </testsuite>
</testsuites>