<?xml version="1.0" encoding="UTF-8"?>
<testsuites name="Mocha Tests" time="14.324" tests="4" failures="3" skipped="1">
  <testsuite name="Root Suite" timestamp="2020-03-28T19:41:52" tests="0" file="cypress/integration/apps/lims/LM25_3a.js" failures="0" time="0">
  </testsuite>
  <testsuite name="25a_3 - I should be able to render columns correctly when protocol is run" timestamp="2020-03-28T19:41:52" tests="4" failures="3" time="14.324">
    <testcase name="25a_3 - I should be able to render columns correctly when protocol is run LM-25a-21 Should use multiselect picklist column" time="0" classname="LM-25a-21 Should use multiselect picklist column">
      <failure message="Timed out retrying: cy.click() failed because this element is not visible:

&lt;span data-select=&quot;&quot; data-selected=&quot;selected&quot; data-deselect=&quot;click to remove&quot; class=&quot;multiselect__option&quot;&gt;...&lt;/span&gt;

This element &apos;&lt;span.multiselect__option&gt;&apos; is not visible because its parent &apos;&lt;div.multiselect__content-wrapper&gt;&apos; has CSS property: &apos;display: none&apos;

Fix this problem, or use {force: true} to disable error checking.

https://on.cypress.io/element-cannot-be-interacted-with" type="CypressError"><![CDATA[CypressError: Timed out retrying: cy.click() failed because this element is not visible:

<span data-select="" data-selected="selected" data-deselect="click to remove" class="multiselect__option">...</span>

This element '<span.multiselect__option>' is not visible because its parent '<div.multiselect__content-wrapper>' has CSS property: 'display: none'

Fix this problem, or use {force: true} to disable error checking.

https://on.cypress.io/element-cannot-be-interacted-with
    at cypressErr (http://127.0.0.1:8080/__cypress/runner/cypress_runner.js:138036:9)
    at throwErr (http://127.0.0.1:8080/__cypress/runner/cypress_runner.js:137969:11)
    at Object.throwErrByPath (http://127.0.0.1:8080/__cypress/runner/cypress_runner.js:138017:3)
    at Object.retry (http://127.0.0.1:8080/__cypress/runner/cypress_runner.js:132299:19)
    at retryActionability (http://127.0.0.1:8080/__cypress/runner/cypress_runner.js:120118:19)
    at tryCatcher (http://127.0.0.1:8080/__cypress/runner/cypress_runner.js:164895:23)
    at Function.Promise.attempt.Promise.try (http://127.0.0.1:8080/__cypress/runner/cypress_runner.js:162170:29)
    at tryFn (http://127.0.0.1:8080/__cypress/runner/cypress_runner.js:132763:21)
    at whenStable (http://127.0.0.1:8080/__cypress/runner/cypress_runner.js:132798:12)
    at http://127.0.0.1:8080/__cypress/runner/cypress_runner.js:132342:16
    at tryCatcher (http://127.0.0.1:8080/__cypress/runner/cypress_runner.js:164895:23)
    at Promise._settlePromiseFromHandler (http://127.0.0.1:8080/__cypress/runner/cypress_runner.js:162831:31)
    at Promise._settlePromise (http://127.0.0.1:8080/__cypress/runner/cypress_runner.js:162888:18)
    at Promise._settlePromise0 (http://127.0.0.1:8080/__cypress/runner/cypress_runner.js:162933:10)
    at Promise._settlePromises (http://127.0.0.1:8080/__cypress/runner/cypress_runner.js:163012:18)
    at Promise._fulfill (http://127.0.0.1:8080/__cypress/runner/cypress_runner.js:162957:18)]]></failure>
    </testcase>
    <testcase name="25a_3 - I should be able to render columns correctly when protocol is run LM-25a-22 Should not complete sample with invalid numeric input (complete sample)" time="0" classname="LM-25a-22 Should not complete sample with invalid numeric input (complete sample)">
      <failure message="cy.click() can only be called on a single element. Your subject contained 2 elements. Pass { multiple: true } if you want to serially click each element." type="CypressError"><![CDATA[CypressError: cy.click() can only be called on a single element. Your subject contained 2 elements. Pass { multiple: true } if you want to serially click each element.
    at cypressErr (http://127.0.0.1:8080/__cypress/runner/cypress_runner.js:138036:9)
    at throwErr (http://127.0.0.1:8080/__cypress/runner/cypress_runner.js:137969:11)
    at Object.throwErrByPath (http://127.0.0.1:8080/__cypress/runner/cypress_runner.js:138017:3)
    at mouseAction (http://127.0.0.1:8080/__cypress/runner/cypress_runner.js:121919:17)
    at Context.click (http://127.0.0.1:8080/__cypress/runner/cypress_runner.js:122062:14)
    at Context.<anonymous> (http://127.0.0.1:8080/__cypress/runner/cypress_runner.js:136977:21)
    at http://127.0.0.1:8080/__cypress/runner/cypress_runner.js:136453:33
    at tryCatcher (http://127.0.0.1:8080/__cypress/runner/cypress_runner.js:164895:23)
    at Promise._settlePromiseFromHandler (http://127.0.0.1:8080/__cypress/runner/cypress_runner.js:162831:31)
    at Promise._settlePromise (http://127.0.0.1:8080/__cypress/runner/cypress_runner.js:162888:18)
    at Promise._settlePromiseCtx (http://127.0.0.1:8080/__cypress/runner/cypress_runner.js:162925:10)
    at Async../node_modules/bluebird/js/release/async.js.Async._drainQueue (http://127.0.0.1:8080/__cypress/runner/cypress_runner.js:159625:12)
    at Async../node_modules/bluebird/js/release/async.js.Async._drainQueues (http://127.0.0.1:8080/__cypress/runner/cypress_runner.js:159630:10)
    at Async.drainQueues (http://127.0.0.1:8080/__cypress/runner/cypress_runner.js:159504:14)]]></failure>
    </testcase>
    <testcase name="25a_3 - I should be able to render columns correctly when protocol is run LM-25a-24 Should use barcode column" time="7.162" classname="LM-25a-24 Should use barcode column">
    </testcase>
    <testcase name="25a_3 - I should be able to render columns correctly when protocol is run &quot;after all&quot; hook for &quot;LM-25a-24 Should use barcode column&quot;" time="7.162" classname="&quot;after all&quot; hook for &quot;LM-25a-24 Should use barcode column&quot;">
      <failure message="cy.exec(&apos;esp  -P 8080 -H 127.0.0.1 -u admin@localhost -p admin seed -f -d cypress/fixtures/apps/lims/LM25_3aseed.yml&apos;) failed because the command exited with a non-zero code.

Pass {failOnNonZeroExit: false} to ignore exit code failures.

Information about the failure:
Code: 1

Stderr:
INFO:root:2020-03-28 14:42:38,725:Saving data in Experiment LM25a-21 for Protocol: LM25a-21 standard.
Traceback (most recent call last):
  File &quot;/Users/cj/bitrepos/esp/develop/bin/.venv/bin/esp&quot;, l...

Because this error occurred during a &apos;after all&apos; hook we are skipping the remaining tests in the current suite: &apos;25a_3 - I should be able to...&apos;" type="CypressError"><![CDATA[CypressError: cy.exec('esp  -P 8080 -H 127.0.0.1 -u admin@localhost -p admin seed -f -d cypress/fixtures/apps/lims/LM25_3aseed.yml') failed because the command exited with a non-zero code.

Pass {failOnNonZeroExit: false} to ignore exit code failures.

Information about the failure:
Code: 1

Stderr:
INFO:root:2020-03-28 14:42:38,725:Saving data in Experiment LM25a-21 for Protocol: LM25a-21 standard.
Traceback (most recent call last):
  File "/Users/cj/bitrepos/esp/develop/bin/.venv/bin/esp", l...

Because this error occurred during a 'after all' hook we are skipping the remaining tests in the current suite: '25a_3 - I should be able to...'
    at cypressErr (http://127.0.0.1:8080/__cypress/runner/cypress_runner.js:138036:9)
    at throwErr (http://127.0.0.1:8080/__cypress/runner/cypress_runner.js:137969:11)
    at Object.throwErrByPath (http://127.0.0.1:8080/__cypress/runner/cypress_runner.js:138017:3)
    at http://127.0.0.1:8080/__cypress/runner/cypress_runner.js:125593:26
    at tryCatcher (http://127.0.0.1:8080/__cypress/runner/cypress_runner.js:164895:23)
    at Promise._settlePromiseFromHandler (http://127.0.0.1:8080/__cypress/runner/cypress_runner.js:162831:31)
    at Promise._settlePromise (http://127.0.0.1:8080/__cypress/runner/cypress_runner.js:162888:18)
    at Promise._settlePromise0 (http://127.0.0.1:8080/__cypress/runner/cypress_runner.js:162933:10)
    at Promise._settlePromises (http://127.0.0.1:8080/__cypress/runner/cypress_runner.js:163012:18)
    at Async../node_modules/bluebird/js/release/async.js.Async._drainQueue (http://127.0.0.1:8080/__cypress/runner/cypress_runner.js:159620:16)
    at Async../node_modules/bluebird/js/release/async.js.Async._drainQueues (http://127.0.0.1:8080/__cypress/runner/cypress_runner.js:159630:10)
    at Async.drainQueues (http://127.0.0.1:8080/__cypress/runner/cypress_runner.js:159504:14)]]></failure>
    </testcase>
  </testsuite>
</testsuites>