<?xml version="1.0" encoding="UTF-8"?>
<testsuites name="Mocha Tests" time="47.804" tests="8" failures="4">
  <testsuite name="Root Suite" timestamp="2020-03-20T22:01:47" tests="0" file="cypress/integration/apps/location/LC03.js" failures="0" time="0">
  </testsuite>
  <testsuite name="3 - On the Locations main page, I can create a new container" timestamp="2020-03-20T22:01:47" tests="8" failures="4" time="47.804">
    <testcase name="3 - On the Locations main page, I can create a new container LC-3-1 Should add new container with sample type and one element per location" time="23.732" classname="LC-3-1 Should add new container with sample type and one element per location">
    </testcase>
    <testcase name="3 - On the Locations main page, I can create a new container LC-3-2 Should add new container with sample type and multiple elements per location" time="0" classname="LC-3-2 Should add new container with sample type and multiple elements per location">
      <failure message="Timed out retrying: Expected to find content: &apos;LC-3-2 sample unlimited&apos; within the selector: &apos;.row&apos; but never did." type="CypressError"><![CDATA[CypressError: Timed out retrying: Expected to find content: 'LC-3-2 sample unlimited' within the selector: '.row' but never did.
    at cypressErr (https://chris.test.l7informatics.com/__cypress/runner/cypress_runner.js:138036:9)
    at throwErr (https://chris.test.l7informatics.com/__cypress/runner/cypress_runner.js:137969:11)
    at Object.throwErrByPath (https://chris.test.l7informatics.com/__cypress/runner/cypress_runner.js:138017:3)
    at retry (https://chris.test.l7informatics.com/__cypress/runner/cypress_runner.js:132299:19)
    at onFailFn (https://chris.test.l7informatics.com/__cypress/runner/cypress_runner.js:120514:16)
    at tryCatcher (https://chris.test.l7informatics.com/__cypress/runner/cypress_runner.js:164895:23)
    at Promise._settlePromiseFromHandler (https://chris.test.l7informatics.com/__cypress/runner/cypress_runner.js:162831:31)
    at Promise._settlePromise (https://chris.test.l7informatics.com/__cypress/runner/cypress_runner.js:162888:18)
    at Promise._settlePromise0 (https://chris.test.l7informatics.com/__cypress/runner/cypress_runner.js:162933:10)
    at Promise._settlePromises (https://chris.test.l7informatics.com/__cypress/runner/cypress_runner.js:163008:18)
    at Async../node_modules/bluebird/js/release/async.js.Async._drainQueue (https://chris.test.l7informatics.com/__cypress/runner/cypress_runner.js:159620:16)
    at Async../node_modules/bluebird/js/release/async.js.Async._drainQueues (https://chris.test.l7informatics.com/__cypress/runner/cypress_runner.js:159630:10)
    at Async.drainQueues (https://chris.test.l7informatics.com/__cypress/runner/cypress_runner.js:159504:14)]]></failure>
    </testcase>
    <testcase name="3 - On the Locations main page, I can create a new container LC-3-3 Should add new container with container type with one element per location" time="24.072" classname="LC-3-3 Should add new container with container type with one element per location">
    </testcase>
    <testcase name="3 - On the Locations main page, I can create a new container LC-3-4 Should add new container with container type with multiple elements per location" time="0" classname="LC-3-4 Should add new container with container type with multiple elements per location">
      <failure message="Timed out retrying: Expected to find content: &apos;LC-3-4 container unlimited&apos; within the selector: &apos;.row&apos; but never did." type="CypressError"><![CDATA[CypressError: Timed out retrying: Expected to find content: 'LC-3-4 container unlimited' within the selector: '.row' but never did.
    at cypressErr (https://chris.test.l7informatics.com/__cypress/runner/cypress_runner.js:138036:9)
    at throwErr (https://chris.test.l7informatics.com/__cypress/runner/cypress_runner.js:137969:11)
    at Object.throwErrByPath (https://chris.test.l7informatics.com/__cypress/runner/cypress_runner.js:138017:3)
    at retry (https://chris.test.l7informatics.com/__cypress/runner/cypress_runner.js:132299:19)
    at onFailFn (https://chris.test.l7informatics.com/__cypress/runner/cypress_runner.js:120514:16)
    at tryCatcher (https://chris.test.l7informatics.com/__cypress/runner/cypress_runner.js:164895:23)
    at Promise._settlePromiseFromHandler (https://chris.test.l7informatics.com/__cypress/runner/cypress_runner.js:162831:31)
    at Promise._settlePromise (https://chris.test.l7informatics.com/__cypress/runner/cypress_runner.js:162888:18)
    at Promise._settlePromise0 (https://chris.test.l7informatics.com/__cypress/runner/cypress_runner.js:162933:10)
    at Promise._settlePromises (https://chris.test.l7informatics.com/__cypress/runner/cypress_runner.js:163008:18)
    at Async../node_modules/bluebird/js/release/async.js.Async._drainQueue (https://chris.test.l7informatics.com/__cypress/runner/cypress_runner.js:159620:16)
    at Async../node_modules/bluebird/js/release/async.js.Async._drainQueues (https://chris.test.l7informatics.com/__cypress/runner/cypress_runner.js:159630:10)
    at Async.drainQueues (https://chris.test.l7informatics.com/__cypress/runner/cypress_runner.js:159504:14)]]></failure>
    </testcase>
    <testcase name="3 - On the Locations main page, I can create a new container LC-3-5 Should add new container for sample and container type with one element per location" time="0" classname="LC-3-5 Should add new container for sample and container type with one element per location">
      <failure message="Timed out retrying: Expected to find content: &apos;LC-3-5 sample and container single&apos; within the selector: &apos;.row&apos; but never did." type="CypressError"><![CDATA[CypressError: Timed out retrying: Expected to find content: 'LC-3-5 sample and container single' within the selector: '.row' but never did.
    at cypressErr (https://chris.test.l7informatics.com/__cypress/runner/cypress_runner.js:138036:9)
    at throwErr (https://chris.test.l7informatics.com/__cypress/runner/cypress_runner.js:137969:11)
    at Object.throwErrByPath (https://chris.test.l7informatics.com/__cypress/runner/cypress_runner.js:138017:3)
    at retry (https://chris.test.l7informatics.com/__cypress/runner/cypress_runner.js:132299:19)
    at onFailFn (https://chris.test.l7informatics.com/__cypress/runner/cypress_runner.js:120514:16)
    at tryCatcher (https://chris.test.l7informatics.com/__cypress/runner/cypress_runner.js:164895:23)
    at Promise._settlePromiseFromHandler (https://chris.test.l7informatics.com/__cypress/runner/cypress_runner.js:162831:31)
    at Promise._settlePromise (https://chris.test.l7informatics.com/__cypress/runner/cypress_runner.js:162888:18)
    at Promise._settlePromise0 (https://chris.test.l7informatics.com/__cypress/runner/cypress_runner.js:162933:10)
    at Promise._settlePromises (https://chris.test.l7informatics.com/__cypress/runner/cypress_runner.js:163008:18)
    at Async../node_modules/bluebird/js/release/async.js.Async._drainQueue (https://chris.test.l7informatics.com/__cypress/runner/cypress_runner.js:159620:16)
    at Async../node_modules/bluebird/js/release/async.js.Async._drainQueues (https://chris.test.l7informatics.com/__cypress/runner/cypress_runner.js:159630:10)
    at Async.drainQueues (https://chris.test.l7informatics.com/__cypress/runner/cypress_runner.js:159504:14)]]></failure>
    </testcase>
    <testcase name="3 - On the Locations main page, I can create a new container &quot;before each&quot; hook for &quot;LC-3-6 Should add new container for sample and container type with multiple elements per location&quot;" time="0" classname="&quot;before each&quot; hook for &quot;LC-3-6 Should add new container for sample and container type with multiple elements per location&quot;">
      <failure message="Timed out after waiting &apos;20000ms&apos; for your remote page to load.

Your page did not fire its &apos;load&apos; event within &apos;20000ms&apos;.

You can try increasing the &apos;pageLoadTimeout&apos; value in &apos;cypress.json&apos; to wait longer.

Browsers will not fire the &apos;load&apos; event until all stylesheets and scripts are done downloading.

When this &apos;load&apos; event occurs, Cypress will continue running commands.

Because this error occurred during a &apos;before each&apos; hook we are skipping the remaining tests in the current suite: &apos;3 - On the Locations main p...&apos;" type="CypressError"><![CDATA[CypressError: Timed out after waiting '20000ms' for your remote page to load.

Your page did not fire its 'load' event within '20000ms'.

You can try increasing the 'pageLoadTimeout' value in 'cypress.json' to wait longer.

Browsers will not fire the 'load' event until all stylesheets and scripts are done downloading.

When this 'load' event occurs, Cypress will continue running commands.

Because this error occurred during a 'before each' hook we are skipping the remaining tests in the current suite: '3 - On the Locations main p...'
    at cypressErr (https://chris.test.l7informatics.com/__cypress/runner/cypress_runner.js:138036:9)
    at throwErr (https://chris.test.l7informatics.com/__cypress/runner/cypress_runner.js:137969:11)
    at Object.throwErrByPath (https://chris.test.l7informatics.com/__cypress/runner/cypress_runner.js:138017:3)
    at timedOutWaitingForPageLoad (https://chris.test.l7informatics.com/__cypress/runner/cypress_runner.js:126147:20)
    at https://chris.test.l7informatics.com/__cypress/runner/cypress_runner.js:126943:16
    at tryCatcher (https://chris.test.l7informatics.com/__cypress/runner/cypress_runner.js:164895:23)
    at https://chris.test.l7informatics.com/__cypress/runner/cypress_runner.js:160036:41
    at tryCatcher (https://chris.test.l7informatics.com/__cypress/runner/cypress_runner.js:164895:23)
    at Promise._settlePromiseFromHandler (https://chris.test.l7informatics.com/__cypress/runner/cypress_runner.js:162831:31)
    at Promise._settlePromise (https://chris.test.l7informatics.com/__cypress/runner/cypress_runner.js:162888:18)
    at Promise._settlePromise0 (https://chris.test.l7informatics.com/__cypress/runner/cypress_runner.js:162933:10)
    at Promise._settlePromises (https://chris.test.l7informatics.com/__cypress/runner/cypress_runner.js:163008:18)
    at Async../node_modules/bluebird/js/release/async.js.Async._drainQueue (https://chris.test.l7informatics.com/__cypress/runner/cypress_runner.js:159620:16)
    at Async../node_modules/bluebird/js/release/async.js.Async._drainQueues (https://chris.test.l7informatics.com/__cypress/runner/cypress_runner.js:159630:10)
    at Async.drainQueues (https://chris.test.l7informatics.com/__cypress/runner/cypress_runner.js:159504:14)]]></failure>
    </testcase>
  </testsuite>
</testsuites>